#
# There is insufficient memory for the Java Runtime Environment to continue.
# Native memory allocation (mmap) failed to map 52428800 bytes for G1 virtual space
# Possible reasons:
#   The system is out of physical RAM or swap space
#   The process is running with CompressedOops enabled, and the Java Heap may be blocking the growth of the native heap
# Possible solutions:
#   Reduce memory load on the system
#   Increase physical memory or swap space
#   Check if swap backing store is full
#   Decrease Java heap size (-Xmx/-Xms)
#   Decrease number of Java threads
#   Decrease Java thread stack sizes (-Xss)
#   Set larger code cache with -XX:ReservedCodeCacheSize=
#   JVM is running with Unscaled Compressed Oops mode in which the Java heap is
#     placed in the first 4GB address space. The Java Heap base address is the
#     maximum limit for the native heap growth. Please use -XX:HeapBaseMinAddress
#     to set the Java Heap base and to place the Java Heap above 4GB virtual address.
# This output file may be truncated or incomplete.
#
#  Out of Memory Error (os_windows.cpp:3600), pid=14524, tid=15232
#
# JRE version: Java(TM) SE Runtime Environment (21.0.2+13) (build 21.0.2+13-LTS-58)
# Java VM: Java HotSpot(TM) 64-Bit Server VM (21.0.2+13-LTS-58, mixed mode, sharing, tiered, compressed oops, compressed class ptrs, g1 gc, windows-amd64)
# No core dump will be written. Minidumps are not enabled by default on client versions of Windows
#

---------------  S U M M A R Y ------------

Command Line: --enable-preview -javaagent:D:\Program Files\IntelliJ IDEA Community Edition 2024.1.2\lib\idea_rt.jar=62427:D:\Program Files\IntelliJ IDEA Community Edition 2024.1.2\bin -Dfile.encoding=UTF-8 -Dsun.stdout.encoding=UTF-8 -Dsun.stderr.encoding=UTF-8 RecruiterDashboard

Host: AMD Ryzen 5 5500U with Radeon Graphics         , 12 cores, 3G,  Windows 11 , 64 bit Build 22621 (10.0.22621.3958)
Time: Thu Sep 12 20:09:00 2024 Nepal Standard Time elapsed time: 3.438110 seconds (0d 0h 0m 3s)

---------------  T H R E A D  ---------------

Current thread (0x000002602054ddb0):  VMThread "VM Thread"          [id=15232, stack(0x000000f5d8700000,0x000000f5d8800000) (1024K)]

Stack: [0x000000f5d8700000,0x000000f5d8800000]
Native frames: (J=compiled Java code, j=interpreted, Vv=VM code, C=native code)
V  [jvm.dll+0x6cade9]
V  [jvm.dll+0x8569c1]
V  [jvm.dll+0x858d2e]
V  [jvm.dll+0x859413]
V  [jvm.dll+0x280e56]
V  [jvm.dll+0x6c74d5]
V  [jvm.dll+0x6bbeca]
V  [jvm.dll+0x355bca]
V  [jvm.dll+0x35d816]
V  [jvm.dll+0x3ae67e]
V  [jvm.dll+0x3ae928]
V  [jvm.dll+0x3295dc]
V  [jvm.dll+0x32be86]
V  [jvm.dll+0x335dde]
V  [jvm.dll+0x36c045]
V  [jvm.dll+0x85ef18]
V  [jvm.dll+0x860014]
V  [jvm.dll+0x860550]
V  [jvm.dll+0x8607f3]
V  [jvm.dll+0x7ff568]
V  [jvm.dll+0x6c953d]
C  [ucrtbase.dll+0x29333]
C  [KERNEL32.DLL+0x1257d]
C  [ntdll.dll+0x5af28]

VM_Operation (0x000000f5d82ffa90): G1PauseRemark, mode: safepoint, requested by thread 0x0000026004f39a70


---------------  P R O C E S S  ---------------

Threads class SMR info:
_java_thread_list=0x0000026066ba6930, length=16, elements={
0x0000026004efafe0, 0x0000026020566710, 0x0000026020569640, 0x000002602056da40,
0x000002602056e720, 0x000002602056f790, 0x00000260205701f0, 0x00000260205725f0,
0x0000026020586210, 0x0000026020775800, 0x00000260208f97e0, 0x00000260208f9e50,
0x0000026020a37880, 0x0000026020a49a80, 0x00000260208fd6c0, 0x0000026066b8db10
}

Java Threads: ( => current thread )
  0x0000026004efafe0 JavaThread "main"                              [_thread_blocked, id=15768, stack(0x000000f5d8000000,0x000000f5d8100000) (1024K)]
  0x0000026020566710 JavaThread "Reference Handler"          daemon [_thread_blocked, id=1760, stack(0x000000f5d8800000,0x000000f5d8900000) (1024K)]
  0x0000026020569640 JavaThread "Finalizer"                  daemon [_thread_blocked, id=13800, stack(0x000000f5d8900000,0x000000f5d8a00000) (1024K)]
  0x000002602056da40 JavaThread "Signal Dispatcher"          daemon [_thread_blocked, id=15252, stack(0x000000f5d8a00000,0x000000f5d8b00000) (1024K)]
  0x000002602056e720 JavaThread "Attach Listener"            daemon [_thread_blocked, id=8148, stack(0x000000f5d8b00000,0x000000f5d8c00000) (1024K)]
  0x000002602056f790 JavaThread "Service Thread"             daemon [_thread_blocked, id=14704, stack(0x000000f5d8c00000,0x000000f5d8d00000) (1024K)]
  0x00000260205701f0 JavaThread "Monitor Deflation Thread"   daemon [_thread_blocked, id=1712, stack(0x000000f5d8d00000,0x000000f5d8e00000) (1024K)]
  0x00000260205725f0 JavaThread "C2 CompilerThread0"         daemon [_thread_blocked, id=3732, stack(0x000000f5d8e00000,0x000000f5d8f00000) (1024K)]
  0x0000026020586210 JavaThread "C1 CompilerThread0"         daemon [_thread_blocked, id=13868, stack(0x000000f5d8f00000,0x000000f5d9000000) (1024K)]
  0x0000026020775800 JavaThread "Common-Cleaner"             daemon [_thread_blocked, id=2652, stack(0x000000f5d9000000,0x000000f5d9100000) (1024K)]
  0x00000260208f97e0 JavaThread "Monitor Ctrl-Break"         daemon [_thread_in_native, id=1012, stack(0x000000f5d9100000,0x000000f5d9200000) (1024K)]
  0x00000260208f9e50 JavaThread "Notification Thread"        daemon [_thread_blocked, id=14156, stack(0x000000f5d9200000,0x000000f5d9300000) (1024K)]
  0x0000026020a37880 JavaThread "Java2D Disposer"            daemon [_thread_blocked, id=13732, stack(0x000000f5d9300000,0x000000f5d9400000) (1024K)]
  0x0000026020a49a80 JavaThread "AWT-Windows"                daemon [_thread_in_native, id=12308, stack(0x000000f5d9500000,0x000000f5d9600000) (1024K)]
  0x00000260208fd6c0 JavaThread "Image Fetcher 0"            daemon [_thread_blocked, id=12156, stack(0x000000f5da000000,0x000000f5da100000) (1024K)]
  0x0000026066b8db10 JavaThread "Image Fetcher 1"            daemon [_thread_blocked, id=14104, stack(0x000000f5daa00000,0x000000f5dab00000) (1024K)]
Total: 16

Other Threads:
=>0x000002602054ddb0 VMThread "VM Thread"                           [id=15232, stack(0x000000f5d8700000,0x000000f5d8800000) (1024K)]
  0x00000260205338f0 WatcherThread "VM Periodic Task Thread"        [id=3472, stack(0x000000f5d8600000,0x000000f5d8700000) (1024K)]
  0x0000026004f2fa40 WorkerThread "GC Thread#0"                     [id=12704, stack(0x000000f5d8100000,0x000000f5d8200000) (1024K)]
  0x000002606c00cbd0 WorkerThread "GC Thread#1"                     [id=6672, stack(0x000000f5da100000,0x000000f5da200000) (1024K)]
  0x000002606c1ad010 WorkerThread "GC Thread#2"                     [id=8392, stack(0x000000f5da200000,0x000000f5da300000) (1024K)]
  0x0000026066e7bfe0 WorkerThread "GC Thread#3"                     [id=10900, stack(0x000000f5da300000,0x000000f5da400000) (1024K)]
  0x00000260671ede20 WorkerThread "GC Thread#4"                     [id=14004, stack(0x000000f5da400000,0x000000f5da500000) (1024K)]
  0x000002606c05d210 WorkerThread "GC Thread#5"                     [id=13512, stack(0x000000f5da500000,0x000000f5da600000) (1024K)]
  0x000002606c05d5b0 WorkerThread "GC Thread#6"                     [id=13608, stack(0x000000f5da600000,0x000000f5da700000) (1024K)]
  0x00000260671ee9d0 WorkerThread "GC Thread#7"                     [id=6784, stack(0x000000f5da700000,0x000000f5da800000) (1024K)]
  0x00000260671f03f0 WorkerThread "GC Thread#8"                     [id=6360, stack(0x000000f5da800000,0x000000f5da900000) (1024K)]
  0x00000260671f0050 WorkerThread "GC Thread#9"                     [id=12228, stack(0x000000f5da900000,0x000000f5daa00000) (1024K)]
  0x0000026004f39a70 ConcurrentGCThread "G1 Main Marker"            [id=12824, stack(0x000000f5d8200000,0x000000f5d8300000) (1024K)]
  0x0000026004f3a570 WorkerThread "G1 Conc#0"                       [id=13436, stack(0x000000f5d8300000,0x000000f5d8400000) (1024K)]
  0x00000260671ef570 WorkerThread "G1 Conc#1"                       [id=2136, stack(0x000000f5d9400000,0x000000f5d9500000) (1024K)]
  0x00000260671f0790 WorkerThread "G1 Conc#2"                       [id=16332, stack(0x000000f5dab00000,0x000000f5dac00000) (1024K)]
  0x0000026004fb2800 ConcurrentGCThread "G1 Refine#0"               [id=13736, stack(0x000000f5d8400000,0x000000f5d8500000) (1024K)]
  0x0000026004fb3370 ConcurrentGCThread "G1 Service"                [id=696, stack(0x000000f5d8500000,0x000000f5d8600000) (1024K)]
Total: 18

Threads with active compile tasks:
Total: 0

VM state: at safepoint (normal execution)

VM Mutex/Monitor currently owned by a thread:  ([mutex/lock_event])
[0x00007ffd1206cd68] Threads_lock - owner thread: 0x000002602054ddb0
[0x00007ffd1206ce68] Heap_lock - owner thread: 0x0000026004f39a70

Heap address: 0x00000000cac00000, size: 852 MB, Compressed Oops mode: 32-bit

CDS archive(s) mapped at: [0x0000026021000000-0x0000026021c90000-0x0000026021c90000), size 13172736, SharedBaseAddress: 0x0000026021000000, ArchiveRelocationMode: 1.
Compressed class space mapped at: 0x0000026022000000-0x0000026062000000, reserved size: 1073741824
Narrow klass base: 0x0000026021000000, Narrow klass shift: 0, Narrow klass range: 0x100000000

GC Precious Log:
 CardTable entry size: 512
 Card Set container configuration: InlinePtr #cards 5 size 8 Array Of Cards #cards 12 size 40 Howl #buckets 4 coarsen threshold 1843 Howl Bitmap #cards 512 size 80 coarsen threshold 460 Card regions per heap region 1 cards per card region 2048
 CPUs: 12 total, 12 available
 Memory: 3406M
 Large Page Support: Disabled
 NUMA Support: Disabled
 Compressed Oops: Enabled (32-bit)
 Heap Region Size: 1M
 Heap Min Capacity: 8M
 Heap Initial Capacity: 54M
 Heap Max Capacity: 852M
 Pre-touch: Disabled
 Parallel Workers: 10
 Concurrent Workers: 3
 Concurrent Refinement Workers: 10
 Periodic GC: Disabled

Heap:
 garbage-first heap   total 290816K, used 203432K [0x00000000cac00000, 0x0000000100000000)
  region size 1024K, 1 young (1024K), 1 survivors (1024K)
 Metaspace       used 6777K, committed 6976K, reserved 1114112K
  class space    used 716K, committed 832K, reserved 1048576K

Heap Regions: E=young(eden), S=young(survivor), O=old, HS=humongous(starts), HC=humongous(continues), CS=collection set, F=free, TAMS=top-at-mark-start, PB=parsable bottom
|   0|0x00000000cac00000, 0x00000000cad00000, 0x00000000cad00000|100%|HS|  |TAMS 0x00000000cad00000| PB 0x00000000cac00000| Complete 
|   1|0x00000000cad00000, 0x00000000cae00000, 0x00000000cae00000|100%|HS|  |TAMS 0x00000000cae00000| PB 0x00000000cad00000| Complete 
|   2|0x00000000cae00000, 0x00000000caf00000, 0x00000000caf00000|100%|HC|  |TAMS 0x00000000caf00000| PB 0x00000000cae00000| Complete 
|   3|0x00000000caf00000, 0x00000000cb000000, 0x00000000cb000000|100%|HS|  |TAMS 0x00000000cb000000| PB 0x00000000caf00000| Complete 
|   4|0x00000000cb000000, 0x00000000cb100000, 0x00000000cb100000|100%|HS|  |TAMS 0x00000000cb100000| PB 0x00000000cb000000| Complete 
|   5|0x00000000cb100000, 0x00000000cb200000, 0x00000000cb200000|100%|HS|  |TAMS 0x00000000cb200000| PB 0x00000000cb100000| Complete 
|   6|0x00000000cb200000, 0x00000000cb300000, 0x00000000cb300000|100%|HC|  |TAMS 0x00000000cb300000| PB 0x00000000cb200000| Complete 
|   7|0x00000000cb300000, 0x00000000cb400000, 0x00000000cb400000|100%|HC|  |TAMS 0x00000000cb400000| PB 0x00000000cb300000| Complete 
|   8|0x00000000cb400000, 0x00000000cb500000, 0x00000000cb500000|100%|HC|  |TAMS 0x00000000cb500000| PB 0x00000000cb400000| Complete 
|   9|0x00000000cb500000, 0x00000000cb600000, 0x00000000cb600000|100%|HS|  |TAMS 0x00000000cb600000| PB 0x00000000cb500000| Complete 
|  10|0x00000000cb600000, 0x00000000cb700000, 0x00000000cb700000|100%|HC|  |TAMS 0x00000000cb700000| PB 0x00000000cb600000| Complete 
|  11|0x00000000cb700000, 0x00000000cb800000, 0x00000000cb800000|100%| O|  |TAMS 0x00000000cb800000| PB 0x00000000cb800000| Untracked 
|  12|0x00000000cb800000, 0x00000000cb900000, 0x00000000cb900000|100%| O|  |TAMS 0x00000000cb900000| PB 0x00000000cb900000| Untracked 
|  13|0x00000000cb900000, 0x00000000cb991200, 0x00000000cba00000| 56%| O|  |TAMS 0x00000000cb991200| PB 0x00000000cb991200| Updating 
|  14|0x00000000cba00000, 0x00000000cbb00000, 0x00000000cbb00000|100%|HS|  |TAMS 0x00000000cbb00000| PB 0x00000000cba00000| Complete 
|  15|0x00000000cbb00000, 0x00000000cbc00000, 0x00000000cbc00000|100%|HC|  |TAMS 0x00000000cbc00000| PB 0x00000000cbb00000| Complete 
|  16|0x00000000cbc00000, 0x00000000cbd00000, 0x00000000cbd00000|100%|HC|  |TAMS 0x00000000cbd00000| PB 0x00000000cbc00000| Complete 
|  17|0x00000000cbd00000, 0x00000000cbe00000, 0x00000000cbe00000|100%|HC|  |TAMS 0x00000000cbe00000| PB 0x00000000cbd00000| Complete 
|  18|0x00000000cbe00000, 0x00000000cbf00000, 0x00000000cbf00000|100%|HC|  |TAMS 0x00000000cbf00000| PB 0x00000000cbe00000| Complete 
|  19|0x00000000cbf00000, 0x00000000cc000000, 0x00000000cc000000|100%|HC|  |TAMS 0x00000000cc000000| PB 0x00000000cbf00000| Complete 
|  20|0x00000000cc000000, 0x00000000cc100000, 0x00000000cc100000|100%|HC|  |TAMS 0x00000000cc100000| PB 0x00000000cc000000| Complete 
|  21|0x00000000cc100000, 0x00000000cc200000, 0x00000000cc200000|100%|HC|  |TAMS 0x00000000cc200000| PB 0x00000000cc100000| Complete 
|  22|0x00000000cc200000, 0x00000000cc300000, 0x00000000cc300000|100%|HC|  |TAMS 0x00000000cc300000| PB 0x00000000cc200000| Complete 
|  23|0x00000000cc300000, 0x00000000cc400000, 0x00000000cc400000|100%|HC|  |TAMS 0x00000000cc400000| PB 0x00000000cc300000| Complete 
|  24|0x00000000cc400000, 0x00000000cc500000, 0x00000000cc500000|100%|HC|  |TAMS 0x00000000cc500000| PB 0x00000000cc400000| Complete 
|  25|0x00000000cc500000, 0x00000000cc600000, 0x00000000cc600000|100%|HC|  |TAMS 0x00000000cc600000| PB 0x00000000cc500000| Complete 
|  26|0x00000000cc600000, 0x00000000cc700000, 0x00000000cc700000|100%|HC|  |TAMS 0x00000000cc700000| PB 0x00000000cc600000| Complete 
|  27|0x00000000cc700000, 0x00000000cc800000, 0x00000000cc800000|100%|HC|  |TAMS 0x00000000cc800000| PB 0x00000000cc700000| Complete 
|  28|0x00000000cc800000, 0x00000000cc900000, 0x00000000cc900000|100%|HC|  |TAMS 0x00000000cc900000| PB 0x00000000cc800000| Complete 
|  29|0x00000000cc900000, 0x00000000cca00000, 0x00000000cca00000|100%|HC|  |TAMS 0x00000000cca00000| PB 0x00000000cc900000| Complete 
|  30|0x00000000cca00000, 0x00000000ccb00000, 0x00000000ccb00000|100%|HC|  |TAMS 0x00000000ccb00000| PB 0x00000000cca00000| Complete 
|  31|0x00000000ccb00000, 0x00000000ccc00000, 0x00000000ccc00000|100%|HC|  |TAMS 0x00000000ccc00000| PB 0x00000000ccb00000| Complete 
|  32|0x00000000ccc00000, 0x00000000ccd00000, 0x00000000ccd00000|100%|HC|  |TAMS 0x00000000ccd00000| PB 0x00000000ccc00000| Complete 
|  33|0x00000000ccd00000, 0x00000000cce00000, 0x00000000cce00000|100%|HC|  |TAMS 0x00000000cce00000| PB 0x00000000ccd00000| Complete 
|  34|0x00000000cce00000, 0x00000000ccf00000, 0x00000000ccf00000|100%|HC|  |TAMS 0x00000000ccf00000| PB 0x00000000cce00000| Complete 
|  35|0x00000000ccf00000, 0x00000000cd000000, 0x00000000cd000000|100%|HC|  |TAMS 0x00000000cd000000| PB 0x00000000ccf00000| Complete 
|  36|0x00000000cd000000, 0x00000000cd100000, 0x00000000cd100000|100%|HC|  |TAMS 0x00000000cd100000| PB 0x00000000cd000000| Complete 
|  37|0x00000000cd100000, 0x00000000cd200000, 0x00000000cd200000|100%|HC|  |TAMS 0x00000000cd200000| PB 0x00000000cd100000| Complete 
|  38|0x00000000cd200000, 0x00000000cd300000, 0x00000000cd300000|100%|HS|  |TAMS 0x00000000cd300000| PB 0x00000000cd200000| Complete 
|  39|0x00000000cd300000, 0x00000000cd400000, 0x00000000cd400000|100%|HC|  |TAMS 0x00000000cd400000| PB 0x00000000cd300000| Complete 
|  40|0x00000000cd400000, 0x00000000cd400000, 0x00000000cd500000|  0%| F|  |TAMS 0x00000000cd400000| PB 0x00000000cd400000| Untracked 
|  41|0x00000000cd500000, 0x00000000cd500000, 0x00000000cd600000|  0%| F|  |TAMS 0x00000000cd500000| PB 0x00000000cd500000| Untracked 
|  42|0x00000000cd600000, 0x00000000cd600000, 0x00000000cd700000|  0%| F|  |TAMS 0x00000000cd600000| PB 0x00000000cd600000| Untracked 
|  43|0x00000000cd700000, 0x00000000cd700000, 0x00000000cd800000|  0%| F|  |TAMS 0x00000000cd700000| PB 0x00000000cd700000| Untracked 
|  44|0x00000000cd800000, 0x00000000cd900000, 0x00000000cd900000|100%|HS|  |TAMS 0x00000000cd900000| PB 0x00000000cd800000| Complete 
|  45|0x00000000cd900000, 0x00000000cda00000, 0x00000000cda00000|100%|HC|  |TAMS 0x00000000cda00000| PB 0x00000000cd900000| Complete 
|  46|0x00000000cda00000, 0x00000000cdb00000, 0x00000000cdb00000|100%|HS|  |TAMS 0x00000000cdb00000| PB 0x00000000cda00000| Complete 
|  47|0x00000000cdb00000, 0x00000000cdc00000, 0x00000000cdc00000|100%|HC|  |TAMS 0x00000000cdc00000| PB 0x00000000cdb00000| Complete 
|  48|0x00000000cdc00000, 0x00000000cdd00000, 0x00000000cdd00000|100%|HC|  |TAMS 0x00000000cdd00000| PB 0x00000000cdc00000| Complete 
|  49|0x00000000cdd00000, 0x00000000cde00000, 0x00000000cde00000|100%|HC|  |TAMS 0x00000000cde00000| PB 0x00000000cdd00000| Complete 
|  50|0x00000000cde00000, 0x00000000cdf00000, 0x00000000cdf00000|100%|HC|  |TAMS 0x00000000cdf00000| PB 0x00000000cde00000| Complete 
|  51|0x00000000cdf00000, 0x00000000ce000000, 0x00000000ce000000|100%|HC|  |TAMS 0x00000000ce000000| PB 0x00000000cdf00000| Complete 
|  52|0x00000000ce000000, 0x00000000ce100000, 0x00000000ce100000|100%|HC|  |TAMS 0x00000000ce100000| PB 0x00000000ce000000| Complete 
|  53|0x00000000ce100000, 0x00000000ce200000, 0x00000000ce200000|100%|HC|  |TAMS 0x00000000ce200000| PB 0x00000000ce100000| Complete 
|  54|0x00000000ce200000, 0x00000000ce300000, 0x00000000ce300000|100%|HC|  |TAMS 0x00000000ce300000| PB 0x00000000ce200000| Complete 
|  55|0x00000000ce300000, 0x00000000ce400000, 0x00000000ce400000|100%|HC|  |TAMS 0x00000000ce400000| PB 0x00000000ce300000| Complete 
|  56|0x00000000ce400000, 0x00000000ce500000, 0x00000000ce500000|100%|HC|  |TAMS 0x00000000ce500000| PB 0x00000000ce400000| Complete 
|  57|0x00000000ce500000, 0x00000000ce600000, 0x00000000ce600000|100%|HC|  |TAMS 0x00000000ce600000| PB 0x00000000ce500000| Complete 
|  58|0x00000000ce600000, 0x00000000ce700000, 0x00000000ce700000|100%|HC|  |TAMS 0x00000000ce700000| PB 0x00000000ce600000| Complete 
|  59|0x00000000ce700000, 0x00000000ce800000, 0x00000000ce800000|100%|HC|  |TAMS 0x00000000ce800000| PB 0x00000000ce700000| Complete 
|  60|0x00000000ce800000, 0x00000000ce900000, 0x00000000ce900000|100%|HC|  |TAMS 0x00000000ce900000| PB 0x00000000ce800000| Complete 
|  61|0x00000000ce900000, 0x00000000cea00000, 0x00000000cea00000|100%|HC|  |TAMS 0x00000000cea00000| PB 0x00000000ce900000| Complete 
|  62|0x00000000cea00000, 0x00000000ceb00000, 0x00000000ceb00000|100%|HC|  |TAMS 0x00000000ceb00000| PB 0x00000000cea00000| Complete 
|  63|0x00000000ceb00000, 0x00000000cec00000, 0x00000000cec00000|100%|HC|  |TAMS 0x00000000cec00000| PB 0x00000000ceb00000| Complete 
|  64|0x00000000cec00000, 0x00000000ced00000, 0x00000000ced00000|100%|HC|  |TAMS 0x00000000ced00000| PB 0x00000000cec00000| Complete 
|  65|0x00000000ced00000, 0x00000000cee00000, 0x00000000cee00000|100%|HC|  |TAMS 0x00000000cee00000| PB 0x00000000ced00000| Complete 
|  66|0x00000000cee00000, 0x00000000cef00000, 0x00000000cef00000|100%|HC|  |TAMS 0x00000000cef00000| PB 0x00000000cee00000| Complete 
|  67|0x00000000cef00000, 0x00000000cef00000, 0x00000000cf000000|  0%| F|  |TAMS 0x00000000cef00000| PB 0x00000000cef00000| Untracked 
|  68|0x00000000cf000000, 0x00000000cf000000, 0x00000000cf100000|  0%| F|  |TAMS 0x00000000cf000000| PB 0x00000000cf000000| Untracked 
|  69|0x00000000cf100000, 0x00000000cf100000, 0x00000000cf200000|  0%| F|  |TAMS 0x00000000cf100000| PB 0x00000000cf100000| Untracked 
|  70|0x00000000cf200000, 0x00000000cf200000, 0x00000000cf300000|  0%| F|  |TAMS 0x00000000cf200000| PB 0x00000000cf200000| Untracked 
|  71|0x00000000cf300000, 0x00000000cf300000, 0x00000000cf400000|  0%| F|  |TAMS 0x00000000cf300000| PB 0x00000000cf300000| Untracked 
|  72|0x00000000cf400000, 0x00000000cf400000, 0x00000000cf500000|  0%| F|  |TAMS 0x00000000cf400000| PB 0x00000000cf400000| Untracked 
|  73|0x00000000cf500000, 0x00000000cf500000, 0x00000000cf600000|  0%| F|  |TAMS 0x00000000cf500000| PB 0x00000000cf500000| Untracked 
|  74|0x00000000cf600000, 0x00000000cf700000, 0x00000000cf700000|100%|HS|  |TAMS 0x00000000cf700000| PB 0x00000000cf600000| Complete 
|  75|0x00000000cf700000, 0x00000000cf800000, 0x00000000cf800000|100%|HC|  |TAMS 0x00000000cf800000| PB 0x00000000cf700000| Complete 
|  76|0x00000000cf800000, 0x00000000cf900000, 0x00000000cf900000|100%|HC|  |TAMS 0x00000000cf900000| PB 0x00000000cf800000| Complete 
|  77|0x00000000cf900000, 0x00000000cfa00000, 0x00000000cfa00000|100%|HC|  |TAMS 0x00000000cfa00000| PB 0x00000000cf900000| Complete 
|  78|0x00000000cfa00000, 0x00000000cfb00000, 0x00000000cfb00000|100%|HC|  |TAMS 0x00000000cfb00000| PB 0x00000000cfa00000| Complete 
|  79|0x00000000cfb00000, 0x00000000cfc00000, 0x00000000cfc00000|100%|HC|  |TAMS 0x00000000cfc00000| PB 0x00000000cfb00000| Complete 
|  80|0x00000000cfc00000, 0x00000000cfd00000, 0x00000000cfd00000|100%|HC|  |TAMS 0x00000000cfd00000| PB 0x00000000cfc00000| Complete 
|  81|0x00000000cfd00000, 0x00000000cfe00000, 0x00000000cfe00000|100%|HC|  |TAMS 0x00000000cfe00000| PB 0x00000000cfd00000| Complete 
|  82|0x00000000cfe00000, 0x00000000cff00000, 0x00000000cff00000|100%|HC|  |TAMS 0x00000000cff00000| PB 0x00000000cfe00000| Complete 
|  83|0x00000000cff00000, 0x00000000d0000000, 0x00000000d0000000|100%|HC|  |TAMS 0x00000000d0000000| PB 0x00000000cff00000| Complete 
|  84|0x00000000d0000000, 0x00000000d0100000, 0x00000000d0100000|100%|HC|  |TAMS 0x00000000d0100000| PB 0x00000000d0000000| Complete 
|  85|0x00000000d0100000, 0x00000000d0200000, 0x00000000d0200000|100%|HC|  |TAMS 0x00000000d0200000| PB 0x00000000d0100000| Complete 
|  86|0x00000000d0200000, 0x00000000d0300000, 0x00000000d0300000|100%|HC|  |TAMS 0x00000000d0300000| PB 0x00000000d0200000| Complete 
|  87|0x00000000d0300000, 0x00000000d0400000, 0x00000000d0400000|100%|HC|  |TAMS 0x00000000d0400000| PB 0x00000000d0300000| Complete 
|  88|0x00000000d0400000, 0x00000000d0500000, 0x00000000d0500000|100%|HC|  |TAMS 0x00000000d0500000| PB 0x00000000d0400000| Complete 
|  89|0x00000000d0500000, 0x00000000d0600000, 0x00000000d0600000|100%|HC|  |TAMS 0x00000000d0600000| PB 0x00000000d0500000| Complete 
|  90|0x00000000d0600000, 0x00000000d0700000, 0x00000000d0700000|100%|HC|  |TAMS 0x00000000d0700000| PB 0x00000000d0600000| Complete 
|  91|0x00000000d0700000, 0x00000000d0800000, 0x00000000d0800000|100%|HC|  |TAMS 0x00000000d0800000| PB 0x00000000d0700000| Complete 
|  92|0x00000000d0800000, 0x00000000d0900000, 0x00000000d0900000|100%|HC|  |TAMS 0x00000000d0900000| PB 0x00000000d0800000| Complete 
|  93|0x00000000d0900000, 0x00000000d0a00000, 0x00000000d0a00000|100%|HC|  |TAMS 0x00000000d0a00000| PB 0x00000000d0900000| Complete 
|  94|0x00000000d0a00000, 0x00000000d0b00000, 0x00000000d0b00000|100%|HC|  |TAMS 0x00000000d0b00000| PB 0x00000000d0a00000| Complete 
|  95|0x00000000d0b00000, 0x00000000d0c00000, 0x00000000d0c00000|100%|HC|  |TAMS 0x00000000d0c00000| PB 0x00000000d0b00000| Complete 
|  96|0x00000000d0c00000, 0x00000000d0d00000, 0x00000000d0d00000|100%|HC|  |TAMS 0x00000000d0d00000| PB 0x00000000d0c00000| Complete 
|  97|0x00000000d0d00000, 0x00000000d0e00000, 0x00000000d0e00000|100%|HC|  |TAMS 0x00000000d0e00000| PB 0x00000000d0d00000| Complete 
|  98|0x00000000d0e00000, 0x00000000d0f00000, 0x00000000d0f00000|100%|HC|  |TAMS 0x00000000d0f00000| PB 0x00000000d0e00000| Complete 
|  99|0x00000000d0f00000, 0x00000000d1000000, 0x00000000d1000000|100%|HC|  |TAMS 0x00000000d1000000| PB 0x00000000d0f00000| Complete 
| 100|0x00000000d1000000, 0x00000000d1100000, 0x00000000d1100000|100%|HC|  |TAMS 0x00000000d1100000| PB 0x00000000d1000000| Complete 
| 101|0x00000000d1100000, 0x00000000d1200000, 0x00000000d1200000|100%|HC|  |TAMS 0x00000000d1200000| PB 0x00000000d1100000| Complete 
| 102|0x00000000d1200000, 0x00000000d1300000, 0x00000000d1300000|100%|HC|  |TAMS 0x00000000d1300000| PB 0x00000000d1200000| Complete 
| 103|0x00000000d1300000, 0x00000000d1400000, 0x00000000d1400000|100%|HC|  |TAMS 0x00000000d1400000| PB 0x00000000d1300000| Complete 
| 104|0x00000000d1400000, 0x00000000d1500000, 0x00000000d1500000|100%|HC|  |TAMS 0x00000000d1500000| PB 0x00000000d1400000| Complete 
| 105|0x00000000d1500000, 0x00000000d1600000, 0x00000000d1600000|100%|HC|  |TAMS 0x00000000d1600000| PB 0x00000000d1500000| Complete 
| 106|0x00000000d1600000, 0x00000000d1700000, 0x00000000d1700000|100%|HC|  |TAMS 0x00000000d1700000| PB 0x00000000d1600000| Complete 
| 107|0x00000000d1700000, 0x00000000d1800000, 0x00000000d1800000|100%|HC|  |TAMS 0x00000000d1800000| PB 0x00000000d1700000| Complete 
| 108|0x00000000d1800000, 0x00000000d1900000, 0x00000000d1900000|100%|HC|  |TAMS 0x00000000d1900000| PB 0x00000000d1800000| Complete 
| 109|0x00000000d1900000, 0x00000000d1a00000, 0x00000000d1a00000|100%|HC|  |TAMS 0x00000000d1a00000| PB 0x00000000d1900000| Complete 
| 110|0x00000000d1a00000, 0x00000000d1b00000, 0x00000000d1b00000|100%|HC|  |TAMS 0x00000000d1b00000| PB 0x00000000d1a00000| Complete 
| 111|0x00000000d1b00000, 0x00000000d1c00000, 0x00000000d1c00000|100%|HC|  |TAMS 0x00000000d1c00000| PB 0x00000000d1b00000| Complete 
| 112|0x00000000d1c00000, 0x00000000d1d00000, 0x00000000d1d00000|100%|HC|  |TAMS 0x00000000d1d00000| PB 0x00000000d1c00000| Complete 
| 113|0x00000000d1d00000, 0x00000000d1d00000, 0x00000000d1e00000|  0%| F|  |TAMS 0x00000000d1d00000| PB 0x00000000d1d00000| Untracked 
| 114|0x00000000d1e00000, 0x00000000d1e00000, 0x00000000d1f00000|  0%| F|  |TAMS 0x00000000d1e00000| PB 0x00000000d1e00000| Untracked 
| 115|0x00000000d1f00000, 0x00000000d1f00000, 0x00000000d2000000|  0%| F|  |TAMS 0x00000000d1f00000| PB 0x00000000d1f00000| Untracked 
| 116|0x00000000d2000000, 0x00000000d2000000, 0x00000000d2100000|  0%| F|  |TAMS 0x00000000d2000000| PB 0x00000000d2000000| Untracked 
| 117|0x00000000d2100000, 0x00000000d2100000, 0x00000000d2200000|  0%| F|  |TAMS 0x00000000d2100000| PB 0x00000000d2100000| Untracked 
| 118|0x00000000d2200000, 0x00000000d2200000, 0x00000000d2300000|  0%| F|  |TAMS 0x00000000d2200000| PB 0x00000000d2200000| Untracked 
| 119|0x00000000d2300000, 0x00000000d2300000, 0x00000000d2400000|  0%| F|  |TAMS 0x00000000d2300000| PB 0x00000000d2300000| Untracked 
| 120|0x00000000d2400000, 0x00000000d2400000, 0x00000000d2500000|  0%| F|  |TAMS 0x00000000d2400000| PB 0x00000000d2400000| Untracked 
| 121|0x00000000d2500000, 0x00000000d2500000, 0x00000000d2600000|  0%| F|  |TAMS 0x00000000d2500000| PB 0x00000000d2500000| Untracked 
| 122|0x00000000d2600000, 0x00000000d2600000, 0x00000000d2700000|  0%| F|  |TAMS 0x00000000d2600000| PB 0x00000000d2600000| Untracked 
| 123|0x00000000d2700000, 0x00000000d2700000, 0x00000000d2800000|  0%| F|  |TAMS 0x00000000d2700000| PB 0x00000000d2700000| Untracked 
| 124|0x00000000d2800000, 0x00000000d2800000, 0x00000000d2900000|  0%| F|  |TAMS 0x00000000d2800000| PB 0x00000000d2800000| Untracked 
| 125|0x00000000d2900000, 0x00000000d2900000, 0x00000000d2a00000|  0%| F|  |TAMS 0x00000000d2900000| PB 0x00000000d2900000| Untracked 
| 126|0x00000000d2a00000, 0x00000000d2a00000, 0x00000000d2b00000|  0%| F|  |TAMS 0x00000000d2a00000| PB 0x00000000d2a00000| Untracked 
| 127|0x00000000d2b00000, 0x00000000d2b00000, 0x00000000d2c00000|  0%| F|  |TAMS 0x00000000d2b00000| PB 0x00000000d2b00000| Untracked 
| 128|0x00000000d2c00000, 0x00000000d2c00000, 0x00000000d2d00000|  0%| F|  |TAMS 0x00000000d2c00000| PB 0x00000000d2c00000| Untracked 
| 129|0x00000000d2d00000, 0x00000000d2d00000, 0x00000000d2e00000|  0%| F|  |TAMS 0x00000000d2d00000| PB 0x00000000d2d00000| Untracked 
| 130|0x00000000d2e00000, 0x00000000d2e00000, 0x00000000d2f00000|  0%| F|  |TAMS 0x00000000d2e00000| PB 0x00000000d2e00000| Untracked 
| 131|0x00000000d2f00000, 0x00000000d2f00000, 0x00000000d3000000|  0%| F|  |TAMS 0x00000000d2f00000| PB 0x00000000d2f00000| Untracked 
| 132|0x00000000d3000000, 0x00000000d3000000, 0x00000000d3100000|  0%| F|  |TAMS 0x00000000d3000000| PB 0x00000000d3000000| Untracked 
| 133|0x00000000d3100000, 0x00000000d3100000, 0x00000000d3200000|  0%| F|  |TAMS 0x00000000d3100000| PB 0x00000000d3100000| Untracked 
| 134|0x00000000d3200000, 0x00000000d3200000, 0x00000000d3300000|  0%| F|  |TAMS 0x00000000d3200000| PB 0x00000000d3200000| Untracked 
| 135|0x00000000d3300000, 0x00000000d3300000, 0x00000000d3400000|  0%| F|  |TAMS 0x00000000d3300000| PB 0x00000000d3300000| Untracked 
| 136|0x00000000d3400000, 0x00000000d3400000, 0x00000000d3500000|  0%| F|  |TAMS 0x00000000d3400000| PB 0x00000000d3400000| Untracked 
| 137|0x00000000d3500000, 0x00000000d3500000, 0x00000000d3600000|  0%| F|  |TAMS 0x00000000d3500000| PB 0x00000000d3500000| Untracked 
| 138|0x00000000d3600000, 0x00000000d3600000, 0x00000000d3700000|  0%| F|  |TAMS 0x00000000d3600000| PB 0x00000000d3600000| Untracked 
| 139|0x00000000d3700000, 0x00000000d3700000, 0x00000000d3800000|  0%| F|  |TAMS 0x00000000d3700000| PB 0x00000000d3700000| Untracked 
| 140|0x00000000d3800000, 0x00000000d3800000, 0x00000000d3900000|  0%| F|  |TAMS 0x00000000d3800000| PB 0x00000000d3800000| Untracked 
| 141|0x00000000d3900000, 0x00000000d3900000, 0x00000000d3a00000|  0%| F|  |TAMS 0x00000000d3900000| PB 0x00000000d3900000| Untracked 
| 142|0x00000000d3a00000, 0x00000000d3a00000, 0x00000000d3b00000|  0%| F|  |TAMS 0x00000000d3a00000| PB 0x00000000d3a00000| Untracked 
| 143|0x00000000d3b00000, 0x00000000d3b00000, 0x00000000d3c00000|  0%| F|  |TAMS 0x00000000d3b00000| PB 0x00000000d3b00000| Untracked 
| 144|0x00000000d3c00000, 0x00000000d3c00000, 0x00000000d3d00000|  0%| F|  |TAMS 0x00000000d3c00000| PB 0x00000000d3c00000| Untracked 
| 145|0x00000000d3d00000, 0x00000000d3d00000, 0x00000000d3e00000|  0%| F|  |TAMS 0x00000000d3d00000| PB 0x00000000d3d00000| Untracked 
| 146|0x00000000d3e00000, 0x00000000d3e00000, 0x00000000d3f00000|  0%| F|  |TAMS 0x00000000d3e00000| PB 0x00000000d3e00000| Untracked 
| 147|0x00000000d3f00000, 0x00000000d3f00000, 0x00000000d4000000|  0%| F|  |TAMS 0x00000000d3f00000| PB 0x00000000d3f00000| Untracked 
| 148|0x00000000d4000000, 0x00000000d4000000, 0x00000000d4100000|  0%| F|  |TAMS 0x00000000d4000000| PB 0x00000000d4000000| Untracked 
| 149|0x00000000d4100000, 0x00000000d4100000, 0x00000000d4200000|  0%| F|  |TAMS 0x00000000d4100000| PB 0x00000000d4100000| Untracked 
| 150|0x00000000d4200000, 0x00000000d4200000, 0x00000000d4300000|  0%| F|  |TAMS 0x00000000d4200000| PB 0x00000000d4200000| Untracked 
| 151|0x00000000d4300000, 0x00000000d4300000, 0x00000000d4400000|  0%| F|  |TAMS 0x00000000d4300000| PB 0x00000000d4300000| Untracked 
| 152|0x00000000d4400000, 0x00000000d4400000, 0x00000000d4500000|  0%| F|  |TAMS 0x00000000d4400000| PB 0x00000000d4400000| Untracked 
| 153|0x00000000d4500000, 0x00000000d4500000, 0x00000000d4600000|  0%| F|  |TAMS 0x00000000d4500000| PB 0x00000000d4500000| Untracked 
| 154|0x00000000d4600000, 0x00000000d4600000, 0x00000000d4700000|  0%| F|  |TAMS 0x00000000d4600000| PB 0x00000000d4600000| Untracked 
| 155|0x00000000d4700000, 0x00000000d4700000, 0x00000000d4800000|  0%| F|  |TAMS 0x00000000d4700000| PB 0x00000000d4700000| Untracked 
| 156|0x00000000d4800000, 0x00000000d4800000, 0x00000000d4900000|  0%| F|  |TAMS 0x00000000d4800000| PB 0x00000000d4800000| Untracked 
| 157|0x00000000d4900000, 0x00000000d4900000, 0x00000000d4a00000|  0%| F|  |TAMS 0x00000000d4900000| PB 0x00000000d4900000| Untracked 
| 158|0x00000000d4a00000, 0x00000000d4a00000, 0x00000000d4b00000|  0%| F|  |TAMS 0x00000000d4a00000| PB 0x00000000d4a00000| Untracked 
| 159|0x00000000d4b00000, 0x00000000d4b00000, 0x00000000d4c00000|  0%| F|  |TAMS 0x00000000d4b00000| PB 0x00000000d4b00000| Untracked 
| 160|0x00000000d4c00000, 0x00000000d4c00000, 0x00000000d4d00000|  0%| F|  |TAMS 0x00000000d4c00000| PB 0x00000000d4c00000| Untracked 
| 161|0x00000000d4d00000, 0x00000000d4d00000, 0x00000000d4e00000|  0%| F|  |TAMS 0x00000000d4d00000| PB 0x00000000d4d00000| Untracked 
| 162|0x00000000d4e00000, 0x00000000d4e00000, 0x00000000d4f00000|  0%| F|  |TAMS 0x00000000d4e00000| PB 0x00000000d4e00000| Untracked 
| 163|0x00000000d4f00000, 0x00000000d4f00000, 0x00000000d5000000|  0%| F|  |TAMS 0x00000000d4f00000| PB 0x00000000d4f00000| Untracked 
| 164|0x00000000d5000000, 0x00000000d5000000, 0x00000000d5100000|  0%| F|  |TAMS 0x00000000d5000000| PB 0x00000000d5000000| Untracked 
| 165|0x00000000d5100000, 0x00000000d5100000, 0x00000000d5200000|  0%| F|  |TAMS 0x00000000d5100000| PB 0x00000000d5100000| Untracked 
| 166|0x00000000d5200000, 0x00000000d5200000, 0x00000000d5300000|  0%| F|  |TAMS 0x00000000d5200000| PB 0x00000000d5200000| Untracked 
| 167|0x00000000d5300000, 0x00000000d5300000, 0x00000000d5400000|  0%| F|  |TAMS 0x00000000d5300000| PB 0x00000000d5300000| Untracked 
| 168|0x00000000d5400000, 0x00000000d5400000, 0x00000000d5500000|  0%| F|  |TAMS 0x00000000d5400000| PB 0x00000000d5400000| Untracked 
| 169|0x00000000d5500000, 0x00000000d5500000, 0x00000000d5600000|  0%| F|  |TAMS 0x00000000d5500000| PB 0x00000000d5500000| Untracked 
| 170|0x00000000d5600000, 0x00000000d5600000, 0x00000000d5700000|  0%| F|  |TAMS 0x00000000d5600000| PB 0x00000000d5600000| Untracked 
| 171|0x00000000d5700000, 0x00000000d5700000, 0x00000000d5800000|  0%| F|  |TAMS 0x00000000d5700000| PB 0x00000000d5700000| Untracked 
| 172|0x00000000d5800000, 0x00000000d5800000, 0x00000000d5900000|  0%| F|  |TAMS 0x00000000d5800000| PB 0x00000000d5800000| Untracked 
| 173|0x00000000d5900000, 0x00000000d5900000, 0x00000000d5a00000|  0%| F|  |TAMS 0x00000000d5900000| PB 0x00000000d5900000| Untracked 
| 174|0x00000000d5a00000, 0x00000000d5a00000, 0x00000000d5b00000|  0%| F|  |TAMS 0x00000000d5a00000| PB 0x00000000d5a00000| Untracked 
| 175|0x00000000d5b00000, 0x00000000d5b00000, 0x00000000d5c00000|  0%| F|  |TAMS 0x00000000d5b00000| PB 0x00000000d5b00000| Untracked 
| 176|0x00000000d5c00000, 0x00000000d5c00000, 0x00000000d5d00000|  0%| F|  |TAMS 0x00000000d5c00000| PB 0x00000000d5c00000| Untracked 
| 177|0x00000000d5d00000, 0x00000000d5d00000, 0x00000000d5e00000|  0%| F|  |TAMS 0x00000000d5d00000| PB 0x00000000d5d00000| Untracked 
| 178|0x00000000d5e00000, 0x00000000d5e00000, 0x00000000d5f00000|  0%| F|  |TAMS 0x00000000d5e00000| PB 0x00000000d5e00000| Untracked 
| 179|0x00000000d5f00000, 0x00000000d5f00000, 0x00000000d6000000|  0%| F|  |TAMS 0x00000000d5f00000| PB 0x00000000d5f00000| Untracked 
| 180|0x00000000d6000000, 0x00000000d6000000, 0x00000000d6100000|  0%| F|  |TAMS 0x00000000d6000000| PB 0x00000000d6000000| Untracked 
| 181|0x00000000d6100000, 0x00000000d6100000, 0x00000000d6200000|  0%| F|  |TAMS 0x00000000d6100000| PB 0x00000000d6100000| Untracked 
| 182|0x00000000d6200000, 0x00000000d6200000, 0x00000000d6300000|  0%| F|  |TAMS 0x00000000d6200000| PB 0x00000000d6200000| Untracked 
| 183|0x00000000d6300000, 0x00000000d6300000, 0x00000000d6400000|  0%| F|  |TAMS 0x00000000d6300000| PB 0x00000000d6300000| Untracked 
| 184|0x00000000d6400000, 0x00000000d6400000, 0x00000000d6500000|  0%| F|  |TAMS 0x00000000d6400000| PB 0x00000000d6400000| Untracked 
| 185|0x00000000d6500000, 0x00000000d6500000, 0x00000000d6600000|  0%| F|  |TAMS 0x00000000d6500000| PB 0x00000000d6500000| Untracked 
| 186|0x00000000d6600000, 0x00000000d66190b0, 0x00000000d6700000|  9%| S|CS|TAMS 0x00000000d6600000| PB 0x00000000d6600000| Complete 
| 187|0x00000000d6700000, 0x00000000d6800000, 0x00000000d6800000|100%|HS|  |TAMS 0x00000000d6700000| PB 0x00000000d6700000| Complete 
| 188|0x00000000d6800000, 0x00000000d6900000, 0x00000000d6900000|100%|HC|  |TAMS 0x00000000d6800000| PB 0x00000000d6800000| Complete 
| 189|0x00000000d6900000, 0x00000000d6a00000, 0x00000000d6a00000|100%|HC|  |TAMS 0x00000000d6900000| PB 0x00000000d6900000| Complete 
| 190|0x00000000d6a00000, 0x00000000d6b00000, 0x00000000d6b00000|100%|HC|  |TAMS 0x00000000d6a00000| PB 0x00000000d6a00000| Complete 
| 191|0x00000000d6b00000, 0x00000000d6c00000, 0x00000000d6c00000|100%|HC|  |TAMS 0x00000000d6b00000| PB 0x00000000d6b00000| Complete 
| 192|0x00000000d6c00000, 0x00000000d6d00000, 0x00000000d6d00000|100%|HC|  |TAMS 0x00000000d6c00000| PB 0x00000000d6c00000| Complete 
| 193|0x00000000d6d00000, 0x00000000d6e00000, 0x00000000d6e00000|100%|HC|  |TAMS 0x00000000d6d00000| PB 0x00000000d6d00000| Complete 
| 194|0x00000000d6e00000, 0x00000000d6f00000, 0x00000000d6f00000|100%|HC|  |TAMS 0x00000000d6e00000| PB 0x00000000d6e00000| Complete 
| 195|0x00000000d6f00000, 0x00000000d7000000, 0x00000000d7000000|100%|HC|  |TAMS 0x00000000d6f00000| PB 0x00000000d6f00000| Complete 
| 196|0x00000000d7000000, 0x00000000d7100000, 0x00000000d7100000|100%|HC|  |TAMS 0x00000000d7000000| PB 0x00000000d7000000| Complete 
| 197|0x00000000d7100000, 0x00000000d7200000, 0x00000000d7200000|100%|HC|  |TAMS 0x00000000d7100000| PB 0x00000000d7100000| Complete 
| 198|0x00000000d7200000, 0x00000000d7300000, 0x00000000d7300000|100%|HC|  |TAMS 0x00000000d7200000| PB 0x00000000d7200000| Complete 
| 199|0x00000000d7300000, 0x00000000d7400000, 0x00000000d7400000|100%|HC|  |TAMS 0x00000000d7300000| PB 0x00000000d7300000| Complete 
| 200|0x00000000d7400000, 0x00000000d7500000, 0x00000000d7500000|100%|HC|  |TAMS 0x00000000d7400000| PB 0x00000000d7400000| Complete 
| 201|0x00000000d7500000, 0x00000000d7600000, 0x00000000d7600000|100%|HC|  |TAMS 0x00000000d7500000| PB 0x00000000d7500000| Complete 
| 202|0x00000000d7600000, 0x00000000d7700000, 0x00000000d7700000|100%|HC|  |TAMS 0x00000000d7600000| PB 0x00000000d7600000| Complete 
| 203|0x00000000d7700000, 0x00000000d7800000, 0x00000000d7800000|100%|HC|  |TAMS 0x00000000d7700000| PB 0x00000000d7700000| Complete 
| 204|0x00000000d7800000, 0x00000000d7900000, 0x00000000d7900000|100%|HC|  |TAMS 0x00000000d7800000| PB 0x00000000d7800000| Complete 
| 205|0x00000000d7900000, 0x00000000d7a00000, 0x00000000d7a00000|100%|HC|  |TAMS 0x00000000d7900000| PB 0x00000000d7900000| Complete 
| 206|0x00000000d7a00000, 0x00000000d7b00000, 0x00000000d7b00000|100%|HC|  |TAMS 0x00000000d7a00000| PB 0x00000000d7a00000| Complete 
| 207|0x00000000d7b00000, 0x00000000d7c00000, 0x00000000d7c00000|100%|HC|  |TAMS 0x00000000d7b00000| PB 0x00000000d7b00000| Complete 
| 208|0x00000000d7c00000, 0x00000000d7d00000, 0x00000000d7d00000|100%|HC|  |TAMS 0x00000000d7c00000| PB 0x00000000d7c00000| Complete 
| 209|0x00000000d7d00000, 0x00000000d7e00000, 0x00000000d7e00000|100%|HC|  |TAMS 0x00000000d7d00000| PB 0x00000000d7d00000| Complete 
| 210|0x00000000d7e00000, 0x00000000d7f00000, 0x00000000d7f00000|100%|HC|  |TAMS 0x00000000d7e00000| PB 0x00000000d7e00000| Complete 
| 211|0x00000000d7f00000, 0x00000000d8000000, 0x00000000d8000000|100%|HC|  |TAMS 0x00000000d7f00000| PB 0x00000000d7f00000| Complete 
| 212|0x00000000d8000000, 0x00000000d8100000, 0x00000000d8100000|100%|HC|  |TAMS 0x00000000d8000000| PB 0x00000000d8000000| Complete 
| 213|0x00000000d8100000, 0x00000000d8200000, 0x00000000d8200000|100%|HC|  |TAMS 0x00000000d8100000| PB 0x00000000d8100000| Complete 
| 214|0x00000000d8200000, 0x00000000d8300000, 0x00000000d8300000|100%|HC|  |TAMS 0x00000000d8200000| PB 0x00000000d8200000| Complete 
| 215|0x00000000d8300000, 0x00000000d8400000, 0x00000000d8400000|100%|HC|  |TAMS 0x00000000d8300000| PB 0x00000000d8300000| Complete 
| 216|0x00000000d8400000, 0x00000000d8500000, 0x00000000d8500000|100%|HC|  |TAMS 0x00000000d8400000| PB 0x00000000d8400000| Complete 
| 217|0x00000000d8500000, 0x00000000d8600000, 0x00000000d8600000|100%|HC|  |TAMS 0x00000000d8500000| PB 0x00000000d8500000| Complete 
| 218|0x00000000d8600000, 0x00000000d8700000, 0x00000000d8700000|100%|HC|  |TAMS 0x00000000d8600000| PB 0x00000000d8600000| Complete 
| 219|0x00000000d8700000, 0x00000000d8800000, 0x00000000d8800000|100%|HC|  |TAMS 0x00000000d8700000| PB 0x00000000d8700000| Complete 
| 220|0x00000000d8800000, 0x00000000d8900000, 0x00000000d8900000|100%|HC|  |TAMS 0x00000000d8800000| PB 0x00000000d8800000| Complete 
| 221|0x00000000d8900000, 0x00000000d8a00000, 0x00000000d8a00000|100%|HC|  |TAMS 0x00000000d8900000| PB 0x00000000d8900000| Complete 
| 222|0x00000000d8a00000, 0x00000000d8b00000, 0x00000000d8b00000|100%|HC|  |TAMS 0x00000000d8a00000| PB 0x00000000d8a00000| Complete 
| 223|0x00000000d8b00000, 0x00000000d8c00000, 0x00000000d8c00000|100%|HC|  |TAMS 0x00000000d8b00000| PB 0x00000000d8b00000| Complete 
| 224|0x00000000d8c00000, 0x00000000d8d00000, 0x00000000d8d00000|100%|HC|  |TAMS 0x00000000d8c00000| PB 0x00000000d8c00000| Complete 
| 225|0x00000000d8d00000, 0x00000000d8e00000, 0x00000000d8e00000|100%|HC|  |TAMS 0x00000000d8d00000| PB 0x00000000d8d00000| Complete 
| 226|0x00000000d8e00000, 0x00000000d8f00000, 0x00000000d8f00000|100%|HC|  |TAMS 0x00000000d8e00000| PB 0x00000000d8e00000| Complete 
| 227|0x00000000d8f00000, 0x00000000d9000000, 0x00000000d9000000|100%|HC|  |TAMS 0x00000000d8f00000| PB 0x00000000d8f00000| Complete 
| 228|0x00000000d9000000, 0x00000000d9100000, 0x00000000d9100000|100%|HC|  |TAMS 0x00000000d9000000| PB 0x00000000d9000000| Complete 
| 229|0x00000000d9100000, 0x00000000d9200000, 0x00000000d9200000|100%|HC|  |TAMS 0x00000000d9100000| PB 0x00000000d9100000| Complete 
| 230|0x00000000d9200000, 0x00000000d9300000, 0x00000000d9300000|100%|HC|  |TAMS 0x00000000d9200000| PB 0x00000000d9200000| Complete 
| 231|0x00000000d9300000, 0x00000000d9400000, 0x00000000d9400000|100%|HC|  |TAMS 0x00000000d9300000| PB 0x00000000d9300000| Complete 
| 232|0x00000000d9400000, 0x00000000d9500000, 0x00000000d9500000|100%|HC|  |TAMS 0x00000000d9400000| PB 0x00000000d9400000| Complete 
| 233|0x00000000d9500000, 0x00000000d9600000, 0x00000000d9600000|100%|HC|  |TAMS 0x00000000d9500000| PB 0x00000000d9500000| Complete 
| 234|0x00000000d9600000, 0x00000000d9700000, 0x00000000d9700000|100%|HC|  |TAMS 0x00000000d9600000| PB 0x00000000d9600000| Complete 
| 235|0x00000000d9700000, 0x00000000d9800000, 0x00000000d9800000|100%|HC|  |TAMS 0x00000000d9700000| PB 0x00000000d9700000| Complete 
| 236|0x00000000d9800000, 0x00000000d9900000, 0x00000000d9900000|100%|HC|  |TAMS 0x00000000d9800000| PB 0x00000000d9800000| Complete 
| 237|0x00000000d9900000, 0x00000000d9a00000, 0x00000000d9a00000|100%|HC|  |TAMS 0x00000000d9900000| PB 0x00000000d9900000| Complete 
| 238|0x00000000d9a00000, 0x00000000d9b00000, 0x00000000d9b00000|100%|HC|  |TAMS 0x00000000d9a00000| PB 0x00000000d9a00000| Complete 
| 239|0x00000000d9b00000, 0x00000000d9c00000, 0x00000000d9c00000|100%|HC|  |TAMS 0x00000000d9b00000| PB 0x00000000d9b00000| Complete 
| 240|0x00000000d9c00000, 0x00000000d9d00000, 0x00000000d9d00000|100%|HC|  |TAMS 0x00000000d9c00000| PB 0x00000000d9c00000| Complete 
| 241|0x00000000d9d00000, 0x00000000d9e00000, 0x00000000d9e00000|100%|HC|  |TAMS 0x00000000d9d00000| PB 0x00000000d9d00000| Complete 
| 242|0x00000000d9e00000, 0x00000000d9f00000, 0x00000000d9f00000|100%|HC|  |TAMS 0x00000000d9e00000| PB 0x00000000d9e00000| Complete 
| 243|0x00000000d9f00000, 0x00000000da000000, 0x00000000da000000|100%|HC|  |TAMS 0x00000000d9f00000| PB 0x00000000d9f00000| Complete 
| 244|0x00000000da000000, 0x00000000da100000, 0x00000000da100000|100%|HC|  |TAMS 0x00000000da000000| PB 0x00000000da000000| Complete 
| 245|0x00000000da100000, 0x00000000da200000, 0x00000000da200000|100%|HC|  |TAMS 0x00000000da100000| PB 0x00000000da100000| Complete 
| 246|0x00000000da200000, 0x00000000da300000, 0x00000000da300000|100%|HC|  |TAMS 0x00000000da200000| PB 0x00000000da200000| Complete 
| 247|0x00000000da300000, 0x00000000da400000, 0x00000000da400000|100%|HC|  |TAMS 0x00000000da300000| PB 0x00000000da300000| Complete 
| 248|0x00000000da400000, 0x00000000da500000, 0x00000000da500000|100%|HC|  |TAMS 0x00000000da400000| PB 0x00000000da400000| Complete 
| 249|0x00000000da500000, 0x00000000da600000, 0x00000000da600000|100%|HC|  |TAMS 0x00000000da500000| PB 0x00000000da500000| Complete 
| 250|0x00000000da600000, 0x00000000da700000, 0x00000000da700000|100%|HC|  |TAMS 0x00000000da600000| PB 0x00000000da600000| Complete 
| 251|0x00000000da700000, 0x00000000da800000, 0x00000000da800000|100%|HC|  |TAMS 0x00000000da700000| PB 0x00000000da700000| Complete 
| 252|0x00000000da800000, 0x00000000da900000, 0x00000000da900000|100%|HC|  |TAMS 0x00000000da800000| PB 0x00000000da800000| Complete 
| 253|0x00000000da900000, 0x00000000daa00000, 0x00000000daa00000|100%|HC|  |TAMS 0x00000000da900000| PB 0x00000000da900000| Complete 
| 254|0x00000000daa00000, 0x00000000dab00000, 0x00000000dab00000|100%|HC|  |TAMS 0x00000000daa00000| PB 0x00000000daa00000| Complete 
| 255|0x00000000dab00000, 0x00000000dac00000, 0x00000000dac00000|100%|HC|  |TAMS 0x00000000dab00000| PB 0x00000000dab00000| Complete 
| 256|0x00000000dac00000, 0x00000000dad00000, 0x00000000dad00000|100%|HC|  |TAMS 0x00000000dac00000| PB 0x00000000dac00000| Complete 
| 257|0x00000000dad00000, 0x00000000dae00000, 0x00000000dae00000|100%|HC|  |TAMS 0x00000000dad00000| PB 0x00000000dad00000| Complete 
| 258|0x00000000dae00000, 0x00000000daf00000, 0x00000000daf00000|100%|HC|  |TAMS 0x00000000dae00000| PB 0x00000000dae00000| Complete 
| 259|0x00000000daf00000, 0x00000000db000000, 0x00000000db000000|100%|HC|  |TAMS 0x00000000daf00000| PB 0x00000000daf00000| Complete 
| 260|0x00000000db000000, 0x00000000db100000, 0x00000000db100000|100%|HC|  |TAMS 0x00000000db000000| PB 0x00000000db000000| Complete 
| 261|0x00000000db100000, 0x00000000db200000, 0x00000000db200000|100%|HC|  |TAMS 0x00000000db100000| PB 0x00000000db100000| Complete 
| 262|0x00000000db200000, 0x00000000db300000, 0x00000000db300000|100%|HC|  |TAMS 0x00000000db200000| PB 0x00000000db200000| Complete 
| 263|0x00000000db300000, 0x00000000db400000, 0x00000000db400000|100%|HC|  |TAMS 0x00000000db300000| PB 0x00000000db300000| Complete 
| 264|0x00000000db400000, 0x00000000db500000, 0x00000000db500000|100%|HC|  |TAMS 0x00000000db400000| PB 0x00000000db400000| Complete 
| 265|0x00000000db500000, 0x00000000db600000, 0x00000000db600000|100%|HC|  |TAMS 0x00000000db500000| PB 0x00000000db500000| Complete 
| 266|0x00000000db600000, 0x00000000db700000, 0x00000000db700000|100%|HC|  |TAMS 0x00000000db600000| PB 0x00000000db600000| Complete 
| 267|0x00000000db700000, 0x00000000db800000, 0x00000000db800000|100%|HC|  |TAMS 0x00000000db700000| PB 0x00000000db700000| Complete 
| 268|0x00000000db800000, 0x00000000db900000, 0x00000000db900000|100%|HC|  |TAMS 0x00000000db800000| PB 0x00000000db800000| Complete 
| 269|0x00000000db900000, 0x00000000dba00000, 0x00000000dba00000|100%|HC|  |TAMS 0x00000000db900000| PB 0x00000000db900000| Complete 
| 270|0x00000000dba00000, 0x00000000dbb00000, 0x00000000dbb00000|100%|HC|  |TAMS 0x00000000dba00000| PB 0x00000000dba00000| Complete 
| 271|0x00000000dbb00000, 0x00000000dbc00000, 0x00000000dbc00000|100%|HC|  |TAMS 0x00000000dbb00000| PB 0x00000000dbb00000| Complete 
| 272|0x00000000dbc00000, 0x00000000dbd00000, 0x00000000dbd00000|100%|HC|  |TAMS 0x00000000dbc00000| PB 0x00000000dbc00000| Complete 
| 273|0x00000000dbd00000, 0x00000000dbe00000, 0x00000000dbe00000|100%|HC|  |TAMS 0x00000000dbd00000| PB 0x00000000dbd00000| Complete 
| 274|0x00000000dbe00000, 0x00000000dbf00000, 0x00000000dbf00000|100%|HC|  |TAMS 0x00000000dbe00000| PB 0x00000000dbe00000| Complete 
| 275|0x00000000dbf00000, 0x00000000dc000000, 0x00000000dc000000|100%|HC|  |TAMS 0x00000000dbf00000| PB 0x00000000dbf00000| Complete 
| 276|0x00000000dc000000, 0x00000000dc100000, 0x00000000dc100000|100%|HC|  |TAMS 0x00000000dc000000| PB 0x00000000dc000000| Complete 
| 277|0x00000000dc100000, 0x00000000dc200000, 0x00000000dc200000|100%|HC|  |TAMS 0x00000000dc100000| PB 0x00000000dc100000| Complete 
| 278|0x00000000dc200000, 0x00000000dc300000, 0x00000000dc300000|100%|HC|  |TAMS 0x00000000dc200000| PB 0x00000000dc200000| Complete 
| 279|0x00000000dc300000, 0x00000000dc400000, 0x00000000dc400000|100%|HC|  |TAMS 0x00000000dc300000| PB 0x00000000dc300000| Complete 
| 280|0x00000000dc400000, 0x00000000dc500000, 0x00000000dc500000|100%|HC|  |TAMS 0x00000000dc400000| PB 0x00000000dc400000| Complete 
| 281|0x00000000dc500000, 0x00000000dc600000, 0x00000000dc600000|100%|HC|  |TAMS 0x00000000dc500000| PB 0x00000000dc500000| Complete 
| 282|0x00000000dc600000, 0x00000000dc700000, 0x00000000dc700000|100%|HC|  |TAMS 0x00000000dc600000| PB 0x00000000dc600000| Complete 
| 283|0x00000000dc700000, 0x00000000dc800000, 0x00000000dc800000|100%|HC|  |TAMS 0x00000000dc700000| PB 0x00000000dc700000| Complete 

Card table byte_map: [0x000002601ca60000,0x000002601cc10000] _byte_map_base: 0x000002601c40a000

Marking Bits: (CMBitMap*) 0x0000026004f30140
 Bits: [0x000002601cc10000, 0x000002601d960000)

Polling page: 0x0000026002e70000

Metaspace:

Usage:
  Non-class:      5.92 MB used.
      Class:    716.47 KB used.
       Both:      6.62 MB used.

Virtual space:
  Non-class space:       64.00 MB reserved,       6.00 MB (  9%) committed,  1 nodes.
      Class space:        1.00 GB reserved,     832.00 KB ( <1%) committed,  1 nodes.
             Both:        1.06 GB reserved,       6.81 MB ( <1%) committed. 

Chunk freelists:
   Non-Class:  10.01 MB
       Class:  15.23 MB
        Both:  25.24 MB

MaxMetaspaceSize: unlimited
CompressedClassSpaceSize: 1.00 GB
Initial GC threshold: 21.00 MB
Current GC threshold: 21.00 MB
CDS: on
 - commit_granule_bytes: 65536.
 - commit_granule_words: 8192.
 - virtual_space_node_default_size: 8388608.
 - enlarge_chunks_in_place: 1.
 - use_allocation_guard: 0.


Internal statistics:

num_allocs_failed_limit: 0.
num_arena_births: 142.
num_arena_deaths: 0.
num_vsnodes_births: 2.
num_vsnodes_deaths: 0.
num_space_committed: 109.
num_space_uncommitted: 0.
num_chunks_returned_to_freelist: 0.
num_chunks_taken_from_freelist: 175.
num_chunk_merges: 0.
num_chunk_splits: 111.
num_chunks_enlarged: 56.
num_inconsistent_stats: 0.

CodeHeap 'non-profiled nmethods': size=120000Kb used=423Kb max_used=464Kb free=119577Kb
 bounds [0x0000026014e30000, 0x00000260150a0000, 0x000002601c360000]
CodeHeap 'profiled nmethods': size=120000Kb used=1111Kb max_used=1418Kb free=118888Kb
 bounds [0x000002600d360000, 0x000002600d5d0000, 0x0000026014890000]
CodeHeap 'non-nmethods': size=5760Kb used=1480Kb max_used=1525Kb free=4279Kb
 bounds [0x0000026014890000, 0x0000026014b00000, 0x0000026014e30000]
 total_blobs=1368 nmethods=805 adapters=468
 compilation: enabled
              stopped_count=0, restarted_count=0
 full_count=0

Compilation events (20 events):
Event: 2.413 Thread 0x00000260205725f0  887       4       java.io.BufferedInputStream::fill (204 bytes)
Event: 2.444 Thread 0x00000260205725f0 nmethod 887 0x0000026014e9dd90 code [0x0000026014e9e0c0, 0x0000026014e9fe98]
Event: 2.444 Thread 0x00000260205725f0  889   !   4       java.util.zip.InflaterInputStream::read (129 bytes)
Event: 2.464 Thread 0x00000260205725f0 nmethod 889 0x0000026014ea0c10 code [0x0000026014ea0ec0, 0x0000026014ea2370]
Event: 2.465 Thread 0x00000260205725f0  888       4       java.util.zip.Inflater::ensureOpen (47 bytes)
Event: 2.465 Thread 0x00000260205725f0 nmethod 888 0x0000026014ea2e10 code [0x0000026014ea2fa0, 0x0000026014ea3070]
Event: 2.465 Thread 0x00000260205725f0  891   !   4       java.util.zip.Inflater::inflate (456 bytes)
Event: 2.468 Thread 0x00000260205725f0 nmethod 891 0x0000026014ea3110 code [0x0000026014ea32e0, 0x0000026014ea3938]
Event: 2.468 Thread 0x00000260205725f0  890   !   4       java.util.zip.Inflater::needsInput (55 bytes)
Event: 2.469 Thread 0x00000260205725f0 nmethod 890 0x0000026014ea3d90 code [0x0000026014ea3f20, 0x0000026014ea4248]
Event: 2.532 Thread 0x00000260205725f0  892   !   4       sun.awt.image.PNGImageDecoder::produceImage (1917 bytes)
Event: 2.835 Thread 0x0000026020586210  896       3       sun.awt.image.PNGImageDecoder::getInt (59 bytes)
Event: 2.835 Thread 0x0000026020586210 nmethod 896 0x000002600d364d10 code [0x000002600d364ec0, 0x000002600d365098]
Event: 2.841 Thread 0x00000260205725f0 nmethod 892 0x0000026014ea4390 code [0x0000026014ea4b40, 0x0000026014eac708]
Event: 2.841 Thread 0x00000260205725f0  894       4       sun.awt.image.ImageWatched::newInfo (25 bytes)
Event: 2.847 Thread 0x00000260205725f0 nmethod 894 0x0000026014e3e290 code [0x0000026014e3e4a0, 0x0000026014e3e8d0]
Event: 2.847 Thread 0x00000260205725f0  895   !   4       sun.awt.image.ImageRepresentation::setPixels (527 bytes)
Event: 2.865 Thread 0x00000260205725f0 nmethod 895 0x0000026014e65910 code [0x0000026014e65b80, 0x0000026014e66ba0]
Event: 2.865 Thread 0x00000260205725f0  893       4       java.security.AccessController::checkContext (49 bytes)
Event: 2.865 Thread 0x00000260205725f0 nmethod 893 0x0000026014e30010 code [0x0000026014e30180, 0x0000026014e301e8]

GC Heap History (18 events):
Event: 1.485 GC heap before
{Heap before GC invocations=0 (full 0):
 garbage-first heap   total 55296K, used 34816K [0x00000000cac00000, 0x0000000100000000)
  region size 1024K, 23 young (23552K), 0 survivors (0K)
 Metaspace       used 6770K, committed 6976K, reserved 1114112K
  class space    used 715K, committed 832K, reserved 1048576K
}
Event: 1.492 GC heap after
{Heap after GC invocations=1 (full 0):
 garbage-first heap   total 55296K, used 14336K [0x00000000cac00000, 0x0000000100000000)
  region size 1024K, 3 young (3072K), 3 survivors (3072K)
 Metaspace       used 6770K, committed 6976K, reserved 1114112K
  class space    used 715K, committed 832K, reserved 1048576K
}
Event: 1.622 GC heap before
{Heap before GC invocations=1 (full 0):
 garbage-first heap   total 55296K, used 15360K [0x00000000cac00000, 0x0000000100000000)
  region size 1024K, 5 young (5120K), 3 survivors (3072K)
 Metaspace       used 6773K, committed 6976K, reserved 1114112K
  class space    used 715K, committed 832K, reserved 1048576K
}
Event: 1.629 GC heap after
{Heap after GC invocations=2 (full 0):
 garbage-first heap   total 55296K, used 14271K [0x00000000cac00000, 0x0000000100000000)
  region size 1024K, 1 young (1024K), 1 survivors (1024K)
 Metaspace       used 6773K, committed 6976K, reserved 1114112K
  class space    used 715K, committed 832K, reserved 1048576K
}
Event: 2.008 GC heap before
{Heap before GC invocations=2 (full 0):
 garbage-first heap   total 55296K, used 53183K [0x00000000cac00000, 0x0000000100000000)
  region size 1024K, 16 young (16384K), 1 survivors (1024K)
 Metaspace       used 6777K, committed 6976K, reserved 1114112K
  class space    used 716K, committed 832K, reserved 1048576K
}
Event: 2.010 GC heap after
{Heap after GC invocations=3 (full 0):
 garbage-first heap   total 56320K, used 38606K [0x00000000cac00000, 0x0000000100000000)
  region size 1024K, 1 young (1024K), 1 survivors (1024K)
 Metaspace       used 6777K, committed 6976K, reserved 1114112K
  class space    used 716K, committed 832K, reserved 1048576K
}
Event: 2.241 GC heap before
{Heap before GC invocations=3 (full 0):
 garbage-first heap   total 56320K, used 47822K [0x00000000cac00000, 0x0000000100000000)
  region size 1024K, 11 young (11264K), 1 survivors (1024K)
 Metaspace       used 6777K, committed 6976K, reserved 1114112K
  class space    used 716K, committed 832K, reserved 1048576K
}
Event: 2.243 GC heap after
{Heap after GC invocations=4 (full 0):
 garbage-first heap   total 56320K, used 38585K [0x00000000cac00000, 0x0000000100000000)
  region size 1024K, 1 young (1024K), 1 survivors (1024K)
 Metaspace       used 6777K, committed 6976K, reserved 1114112K
  class space    used 716K, committed 832K, reserved 1048576K
}
Event: 2.522 GC heap before
{Heap before GC invocations=5 (full 0):
 garbage-first heap   total 71680K, used 41657K [0x00000000cac00000, 0x0000000100000000)
  region size 1024K, 3 young (3072K), 1 survivors (1024K)
 Metaspace       used 6777K, committed 6976K, reserved 1114112K
  class space    used 716K, committed 832K, reserved 1048576K
}
Event: 2.524 GC heap after
{Heap after GC invocations=6 (full 0):
 garbage-first heap   total 71680K, used 40543K [0x00000000cac00000, 0x0000000100000000)
  region size 1024K, 1 young (1024K), 1 survivors (1024K)
 Metaspace       used 6777K, committed 6976K, reserved 1114112K
  class space    used 716K, committed 832K, reserved 1048576K
}
Event: 2.532 GC heap before
{Heap before GC invocations=7 (full 0):
 garbage-first heap   total 75776K, used 42591K [0x00000000cac00000, 0x0000000100000000)
  region size 1024K, 2 young (2048K), 1 survivors (1024K)
 Metaspace       used 6777K, committed 6976K, reserved 1114112K
  class space    used 716K, committed 832K, reserved 1048576K
}
Event: 2.533 GC heap after
{Heap after GC invocations=8 (full 0):
 garbage-first heap   total 75776K, used 42633K [0x00000000cac00000, 0x0000000100000000)
  region size 1024K, 1 young (1024K), 1 survivors (1024K)
 Metaspace       used 6777K, committed 6976K, reserved 1114112K
  class space    used 716K, committed 832K, reserved 1048576K
}
Event: 2.768 GC heap before
{Heap before GC invocations=9 (full 0):
 garbage-first heap   total 140288K, used 107145K [0x00000000cac00000, 0x0000000100000000)
  region size 1024K, 26 young (26624K), 1 survivors (1024K)
 Metaspace       used 6777K, committed 6976K, reserved 1114112K
  class space    used 716K, committed 832K, reserved 1048576K
}
Event: 2.770 GC heap after
{Heap after GC invocations=10 (full 0):
 garbage-first heap   total 192512K, used 82572K [0x00000000cac00000, 0x0000000100000000)
  region size 1024K, 1 young (1024K), 1 survivors (1024K)
 Metaspace       used 6777K, committed 6976K, reserved 1114112K
  class space    used 716K, committed 832K, reserved 1048576K
}
Event: 3.165 GC heap before
{Heap before GC invocations=10 (full 0):
 garbage-first heap   total 192512K, used 101004K [0x00000000cac00000, 0x0000000100000000)
  region size 1024K, 17 young (17408K), 1 survivors (1024K)
 Metaspace       used 6777K, committed 6976K, reserved 1114112K
  class space    used 716K, committed 832K, reserved 1048576K
}
Event: 3.167 GC heap after
{Heap after GC invocations=11 (full 0):
 garbage-first heap   total 192512K, used 82524K [0x00000000cac00000, 0x0000000100000000)
  region size 1024K, 1 young (1024K), 1 survivors (1024K)
 Metaspace       used 6777K, committed 6976K, reserved 1114112K
  class space    used 716K, committed 832K, reserved 1048576K
}
Event: 3.318 GC heap before
{Heap before GC invocations=11 (full 0):
 garbage-first heap   total 192512K, used 104028K [0x00000000cac00000, 0x0000000100000000)
  region size 1024K, 2 young (2048K), 1 survivors (1024K)
 Metaspace       used 6777K, committed 6976K, reserved 1114112K
  class space    used 716K, committed 832K, reserved 1048576K
}
Event: 3.320 GC heap after
{Heap after GC invocations=12 (full 0):
 garbage-first heap   total 192512K, used 104104K [0x00000000cac00000, 0x0000000100000000)
  region size 1024K, 1 young (1024K), 1 survivors (1024K)
 Metaspace       used 6777K, committed 6976K, reserved 1114112K
  class space    used 716K, committed 832K, reserved 1048576K
}

Dll operation events (11 events):
Event: 0.015 Loaded shared library D:\Program Files\Java\jdk-21\bin\java.dll
Event: 0.072 Loaded shared library D:\Program Files\Java\jdk-21\bin\jsvml.dll
Event: 0.132 Loaded shared library D:\Program Files\Java\jdk-21\bin\zip.dll
Event: 0.139 Loaded shared library D:\Program Files\Java\jdk-21\bin\instrument.dll
Event: 0.151 Loaded shared library D:\Program Files\Java\jdk-21\bin\net.dll
Event: 0.154 Loaded shared library D:\Program Files\Java\jdk-21\bin\nio.dll
Event: 0.157 Loaded shared library D:\Program Files\Java\jdk-21\bin\zip.dll
Event: 0.187 Loaded shared library D:\Program Files\IntelliJ IDEA Community Edition 2024.1.2\bin\breakgen64.dll
Event: 0.210 Loaded shared library D:\Program Files\Java\jdk-21\bin\extnet.dll
Event: 0.270 Loaded shared library D:\Program Files\Java\jdk-21\bin\jimage.dll
Event: 0.316 Loaded shared library D:\Program Files\Java\jdk-21\bin\awt.dll

Deoptimization events (20 events):
Event: 1.928 Thread 0x0000026066b8db10 DEOPT PACKING pc=0x000002600d44c32d sp=0x000000f5daafe990
Event: 1.928 Thread 0x0000026066b8db10 DEOPT UNPACKING pc=0x00000260148e4e42 sp=0x000000f5daafde30 mode 0
Event: 1.948 Thread 0x0000026066b8db10 DEOPT PACKING pc=0x000002600d44c32d sp=0x000000f5daafea50
Event: 1.948 Thread 0x0000026066b8db10 DEOPT UNPACKING pc=0x00000260148e4e42 sp=0x000000f5daafdef0 mode 0
Event: 1.965 Thread 0x0000026066b8db10 DEOPT PACKING pc=0x000002600d44c32d sp=0x000000f5daafea50
Event: 1.965 Thread 0x0000026066b8db10 DEOPT UNPACKING pc=0x00000260148e4e42 sp=0x000000f5daafdef0 mode 0
Event: 1.978 Thread 0x0000026066b8db10 DEOPT PACKING pc=0x000002600d44c32d sp=0x000000f5daafe990
Event: 1.978 Thread 0x0000026066b8db10 DEOPT UNPACKING pc=0x00000260148e4e42 sp=0x000000f5daafde30 mode 0
Event: 1.994 Thread 0x0000026066b8db10 DEOPT PACKING pc=0x000002600d44c32d sp=0x000000f5daafe990
Event: 1.994 Thread 0x0000026066b8db10 DEOPT UNPACKING pc=0x00000260148e4e42 sp=0x000000f5daafde30 mode 0
Event: 2.017 Thread 0x0000026066b8db10 DEOPT PACKING pc=0x000002600d44c32d sp=0x000000f5daafe990
Event: 2.017 Thread 0x0000026066b8db10 DEOPT UNPACKING pc=0x00000260148e4e42 sp=0x000000f5daafde30 mode 0
Event: 2.041 Thread 0x0000026066b8db10 DEOPT PACKING pc=0x000002600d44c32d sp=0x000000f5daafe990
Event: 2.041 Thread 0x0000026066b8db10 DEOPT UNPACKING pc=0x00000260148e4e42 sp=0x000000f5daafde30 mode 0
Event: 2.063 Thread 0x0000026066b8db10 DEOPT PACKING pc=0x000002600d44c32d sp=0x000000f5daafe990
Event: 2.063 Thread 0x0000026066b8db10 DEOPT UNPACKING pc=0x00000260148e4e42 sp=0x000000f5daafde30 mode 0
Event: 2.239 Thread 0x0000026066b8db10 Uncommon trap: trap_request=0xffffff6e fr.pc=0x0000026014e88670 relative=0x00000000000048d0
Event: 2.239 Thread 0x0000026066b8db10 Uncommon trap: reason=loop_limit_check action=maybe_recompile pc=0x0000026014e88670 method=sun.awt.image.PNGImageDecoder.produceImage()V @ 731 c2
Event: 2.239 Thread 0x0000026066b8db10 DEOPT PACKING pc=0x0000026014e88670 sp=0x000000f5daaff010
Event: 2.239 Thread 0x0000026066b8db10 DEOPT UNPACKING pc=0x00000260148e46a2 sp=0x000000f5daafef90 mode 2

Classes loaded (20 events):
Event: 1.328 Loading class java/util/Arrays$ArrayItr
Event: 1.328 Loading class java/util/Arrays$ArrayItr done
Event: 1.331 Loading class java/time/zone/Ser
Event: 1.331 Loading class java/io/Externalizable
Event: 1.331 Loading class java/io/Externalizable done
Event: 1.331 Loading class java/time/zone/Ser done
Event: 1.332 Loading class java/lang/invoke/MethodHandle$1
Event: 1.332 Loading class java/lang/invoke/MethodHandle$1 done
Event: 1.334 Loading class java/time/zone/ZoneOffsetTransition
Event: 1.335 Loading class java/time/zone/ZoneOffsetTransition done
Event: 1.337 Loading class sun/util/cldr/CLDRBaseLocaleDataMetaInfo$TZCanonicalIDMapHolder
Event: 1.339 Loading class sun/util/cldr/CLDRBaseLocaleDataMetaInfo$TZCanonicalIDMapHolder done
Event: 1.340 Loading class sun/util/resources/TimeZoneNames
Event: 1.342 Loading class sun/util/resources/TimeZoneNames done
Event: 1.342 Loading class sun/util/resources/TimeZoneNames_en
Event: 1.342 Loading class sun/util/resources/TimeZoneNames_en done
Event: 1.810 Loading class sun/awt/AppContext$PostShutdownEventRunnable
Event: 1.811 Loading class sun/awt/AppContext$PostShutdownEventRunnable done
Event: 1.811 Loading class sun/awt/AWTAutoShutdown$1
Event: 1.811 Loading class sun/awt/AWTAutoShutdown$1 done

Classes unloaded (0 events):
No events

Classes redefined (0 events):
No events

Internal exceptions (14 events):
Event: 0.170 Thread 0x0000026004efafe0 Exception <a 'java/lang/NoSuchMethodError'{0x00000000cdf682a0}: 'void java.lang.invoke.DirectMethodHandle$Holder.invokeStatic(java.lang.Object, java.lang.Object, java.lang.Object)'> (0x00000000cdf682a0) 
thrown [s\open\src\hotspot\share\interpreter\linkResolver.cpp, line 773]
Event: 0.178 Thread 0x0000026004efafe0 Exception <a 'java/lang/NoSuchMethodError'{0x00000000cdf7fa20}: 'java.lang.Object java.lang.invoke.Invokers$Holder.invokeExact_MT(java.lang.Object, java.lang.Object, java.lang.Object, java.lang.Object, java.lang.Object)'> (0x00000000cdf7fa20) 
thrown [s\open\src\hotspot\share\interpreter\linkResolver.cpp, line 773]
Event: 0.214 Thread 0x00000260208f97e0 Exception <a 'java/lang/NoSuchMethodError'{0x00000000cdff4bf0}: 'void java.lang.invoke.DirectMethodHandle$Holder.invokeStatic(java.lang.Object, java.lang.Object)'> (0x00000000cdff4bf0) 
thrown [s\open\src\hotspot\share\interpreter\linkResolver.cpp, line 773]
Event: 0.279 Thread 0x0000026004efafe0 Exception <a 'java/lang/ClassNotFoundException'{0x00000000cdfe95a8}: sun/awt/resources/spi/awtProvider> (0x00000000cdfe95a8) 
thrown [s\open\src\hotspot\share\classfile\systemDictionary.cpp, line 312]
Event: 0.339 Thread 0x0000026004efafe0 Exception <a 'java/io/FileNotFoundException'{0x00000000cdec7838}> (0x00000000cdec7838) 
thrown [s\open\src\hotspot\share\prims\jni.cpp, line 520]
Event: 0.353 Thread 0x0000026004efafe0 Exception <a 'java/io/FileNotFoundException'{0x00000000cdd04240}> (0x00000000cdd04240) 
thrown [s\open\src\hotspot\share\prims\jni.cpp, line 520]
Event: 0.850 Thread 0x0000026004efafe0 Exception <a 'java/lang/NoSuchMethodError'{0x00000000cdc20388}: 'void java.lang.invoke.DirectMethodHandle$Holder.invokeSpecial(java.lang.Object, java.lang.Object, java.lang.Object)'> (0x00000000cdc20388) 
thrown [s\open\src\hotspot\share\interpreter\linkResolver.cpp, line 773]
Event: 0.867 Thread 0x0000026004efafe0 Exception <a 'java/lang/NoSuchMethodError'{0x00000000cdc45868}: 'java.lang.Object java.lang.invoke.DirectMethodHandle$Holder.newInvokeSpecial(java.lang.Object, java.lang.Object, java.lang.Object, java.lang.Object, java.lang.Object)'> (0x00000000cdc45868) 
thrown [s\open\src\hotspot\share\interpreter\linkResolver.cpp, line 773]
Event: 0.877 Thread 0x0000026004efafe0 Exception <a 'java/lang/NoSuchMethodError'{0x00000000cdc711f0}: 'java.lang.Object java.lang.invoke.DirectMethodHandle$Holder.invokeStatic(java.lang.Object, int, java.lang.Object)'> (0x00000000cdc711f0) 
thrown [s\open\src\hotspot\share\interpreter\linkResolver.cpp, line 773]
Event: 0.911 Thread 0x0000026004efafe0 Exception <a 'java/lang/ClassNotFoundException'{0x00000000cdb10f08}: com/sun/swing/internal/plaf/metal/resources/spi/metalProvider> (0x00000000cdb10f08) 
thrown [s\open\src\hotspot\share\classfile\systemDictionary.cpp, line 312]
Event: 0.915 Thread 0x0000026004efafe0 Exception <a 'java/lang/ClassNotFoundException'{0x00000000cdb14e18}: com/sun/swing/internal/plaf/basic/resources/spi/basicProvider> (0x00000000cdb14e18) 
thrown [s\open\src\hotspot\share\classfile\systemDictionary.cpp, line 312]
Event: 0.937 Thread 0x0000026004efafe0 Exception <a 'java/lang/NoSuchMethodError'{0x00000000cdb30858}: 'int java.lang.invoke.Invokers$Holder.invokeExact_MT(java.lang.Object, java.lang.Object)'> (0x00000000cdb30858) 
thrown [s\open\src\hotspot\share\interpreter\linkResolver.cpp, line 773]
Event: 0.956 Thread 0x00000260208fd6c0 Exception <a 'java/lang/NoSuchMethodError'{0x00000000cdb84718}: 'java.lang.Object java.lang.invoke.DirectMethodHandle$Holder.newInvokeSpecial(java.lang.Object, java.lang.Object, java.lang.Object, int, int, int, int, int)'> (0x00000000cdb84718) 
thrown [s\open\src\hotspot\share\interpreter\linkResolver.cpp, line 773]
Event: 1.345 Thread 0x000002602056e720 Exception <a 'java/lang/NoSuchMethodError'{0x00000000ccd6edf0}: 'java.lang.Object java.lang.invoke.Invokers$Holder.invokeExact_MT(java.lang.Object, java.lang.Object, java.lang.Object, java.lang.Object, java.lang.Object, java.lang.Object)'> (0x00000000ccd6edf0) 
thrown [s\open\src\hotspot\share\interpreter\linkResolver.cpp, line 773]

ZGC Phase Switch (0 events):
No events

VM Operations (20 events):
Event: 2.251 Executing VM operation: G1PauseCleanup done
Event: 2.522 Executing VM operation: G1TryInitiateConcMark (G1 Humongous Allocation)
Event: 2.524 Executing VM operation: G1TryInitiateConcMark (G1 Humongous Allocation) done
Event: 2.527 Executing VM operation: G1PauseRemark
Event: 2.529 Executing VM operation: G1PauseRemark done
Event: 2.530 Executing VM operation: G1PauseCleanup
Event: 2.530 Executing VM operation: G1PauseCleanup done
Event: 2.532 Executing VM operation: G1TryInitiateConcMark (G1 Humongous Allocation)
Event: 2.534 Executing VM operation: G1TryInitiateConcMark (G1 Humongous Allocation) done
Event: 2.536 Executing VM operation: G1PauseRemark
Event: 2.627 Executing VM operation: G1PauseRemark done
Event: 2.628 Executing VM operation: G1PauseCleanup
Event: 2.628 Executing VM operation: G1PauseCleanup done
Event: 2.768 Executing VM operation: G1CollectForAllocation (G1 Evacuation Pause)
Event: 2.770 Executing VM operation: G1CollectForAllocation (G1 Evacuation Pause) done
Event: 3.165 Executing VM operation: G1TryInitiateConcMark (G1 Humongous Allocation)
Event: 3.167 Executing VM operation: G1TryInitiateConcMark (G1 Humongous Allocation) done
Event: 3.318 Executing VM operation: G1TryInitiateConcMark (G1 Humongous Allocation)
Event: 3.320 Executing VM operation: G1TryInitiateConcMark (G1 Humongous Allocation) done
Event: 3.322 Executing VM operation: G1PauseRemark

Events (20 events):
Event: 2.528 Thread 0x000002602054ddb0 flushing nmethod 0x0000026014e60e10
Event: 2.528 Thread 0x000002602054ddb0 flushing nmethod 0x0000026014e41110
Event: 2.528 Thread 0x000002602054ddb0 flushing nmethod 0x0000026014e3e990
Event: 2.528 Thread 0x000002602054ddb0 flushing nmethod 0x0000026014e3d490
Event: 2.528 Thread 0x000002602054ddb0 flushing nmethod 0x0000026014e30010
Event: 2.626 Thread 0x000002602054ddb0 flushing nmethod 0x000002600d467a10
Event: 2.626 Thread 0x000002602054ddb0 flushing nmethod 0x000002600d467390
Event: 2.626 Thread 0x000002602054ddb0 flushing nmethod 0x000002600d462990
Event: 2.626 Thread 0x000002602054ddb0 flushing nmethod 0x000002600d45e510
Event: 2.626 Thread 0x000002602054ddb0 flushing nmethod 0x000002600d45b910
Event: 2.626 Thread 0x000002602054ddb0 flushing nmethod 0x000002600d42fd90
Event: 2.626 Thread 0x000002602054ddb0 flushing nmethod 0x000002600d44c010
Event: 2.626 Thread 0x000002602054ddb0 flushing nmethod 0x000002600d44b390
Event: 2.626 Thread 0x000002602054ddb0 flushing nmethod 0x000002600d44a590
Event: 2.626 Thread 0x000002602054ddb0 flushing nmethod 0x000002600d449810
Event: 2.626 Thread 0x000002602054ddb0 flushing nmethod 0x000002600d449490
Event: 2.626 Thread 0x000002602054ddb0 flushing nmethod 0x000002600d43ea90
Event: 2.626 Thread 0x000002602054ddb0 flushing nmethod 0x0000026014e83610
Event: 2.626 Thread 0x000002602054ddb0 flushing nmethod 0x000002600d367b10
Event: 2.626 Thread 0x000002602054ddb0 flushing nmethod 0x0000026014e75890


Dynamic libraries:
0x00007ff6f6bf0000 - 0x00007ff6f6c00000 	D:\Program Files\Java\jdk-21\bin\java.exe
0x00007ffd4f790000 - 0x00007ffd4f9a7000 	C:\WINDOWS\SYSTEM32\ntdll.dll
0x00007ffd4f240000 - 0x00007ffd4f304000 	C:\WINDOWS\System32\KERNEL32.DLL
0x00007ffd4ccc0000 - 0x00007ffd4d06d000 	C:\WINDOWS\System32\KERNELBASE.dll
0x00007ffd4cba0000 - 0x00007ffd4ccb1000 	C:\WINDOWS\System32\ucrtbase.dll
0x00007ffd385e0000 - 0x00007ffd385f9000 	D:\Program Files\Java\jdk-21\bin\jli.dll
0x00007ffd30d70000 - 0x00007ffd30d8b000 	D:\Program Files\Java\jdk-21\bin\VCRUNTIME140.dll
0x00007ffd4d660000 - 0x00007ffd4d712000 	C:\WINDOWS\System32\ADVAPI32.dll
0x00007ffd4f6a0000 - 0x00007ffd4f747000 	C:\WINDOWS\System32\msvcrt.dll
0x00007ffd4dc60000 - 0x00007ffd4dd09000 	C:\WINDOWS\System32\sechost.dll
0x00007ffd4d490000 - 0x00007ffd4d4b8000 	C:\WINDOWS\System32\bcrypt.dll
0x00007ffd4e700000 - 0x00007ffd4e814000 	C:\WINDOWS\System32\RPCRT4.dll
0x00007ffd4e550000 - 0x00007ffd4e6fe000 	C:\WINDOWS\System32\USER32.dll
0x00007ffd4cab0000 - 0x00007ffd4cad6000 	C:\WINDOWS\System32\win32u.dll
0x00007ffd4d7b0000 - 0x00007ffd4d7d9000 	C:\WINDOWS\System32\GDI32.dll
0x00007ffd4d2f0000 - 0x00007ffd4d409000 	C:\WINDOWS\System32\gdi32full.dll
0x00007ffd32a50000 - 0x00007ffd32ce3000 	C:\WINDOWS\WinSxS\amd64_microsoft.windows.common-controls_6595b64144ccf1df_6.0.22621.3672_none_2713b9d173822955\COMCTL32.dll
0x00007ffd4d070000 - 0x00007ffd4d10a000 	C:\WINDOWS\System32\msvcp_win.dll
0x00007ffd445e0000 - 0x00007ffd445ea000 	C:\WINDOWS\SYSTEM32\VERSION.dll
0x00007ffd4de30000 - 0x00007ffd4de61000 	C:\WINDOWS\System32\IMM32.DLL
0x00007ffd45140000 - 0x00007ffd4514c000 	D:\Program Files\Java\jdk-21\bin\vcruntime140_1.dll
0x00007ffd308b0000 - 0x00007ffd3093e000 	D:\Program Files\Java\jdk-21\bin\msvcp140.dll
0x00007ffd11430000 - 0x00007ffd12147000 	D:\Program Files\Java\jdk-21\bin\server\jvm.dll
0x00007ffd4f470000 - 0x00007ffd4f4e1000 	C:\WINDOWS\System32\WS2_32.dll
0x00007ffd48840000 - 0x00007ffd48874000 	C:\WINDOWS\SYSTEM32\WINMM.dll
0x00007ffd4c7d0000 - 0x00007ffd4c81d000 	C:\WINDOWS\SYSTEM32\POWRPROF.dll
0x00007ffd4c7b0000 - 0x00007ffd4c7c3000 	C:\WINDOWS\SYSTEM32\UMPDC.dll
0x00007ffd4bb00000 - 0x00007ffd4bb18000 	C:\WINDOWS\SYSTEM32\kernel.appcore.dll
0x00007ffd396c0000 - 0x00007ffd396ca000 	D:\Program Files\Java\jdk-21\bin\jimage.dll
0x00007ffd474e0000 - 0x00007ffd47712000 	C:\WINDOWS\SYSTEM32\DBGHELP.DLL
0x00007ffd4e1c0000 - 0x00007ffd4e54e000 	C:\WINDOWS\System32\combase.dll
0x00007ffd4f510000 - 0x00007ffd4f5e7000 	C:\WINDOWS\System32\OLEAUT32.dll
0x00007ffd352e0000 - 0x00007ffd35312000 	C:\WINDOWS\SYSTEM32\dbgcore.DLL
0x00007ffd4d410000 - 0x00007ffd4d48b000 	C:\WINDOWS\System32\bcryptPrimitives.dll
0x00007ffd349c0000 - 0x00007ffd349cf000 	D:\Program Files\Java\jdk-21\bin\instrument.dll
0x00007ffd30d50000 - 0x00007ffd30d6f000 	D:\Program Files\Java\jdk-21\bin\java.dll
0x00007ffd4e9d0000 - 0x00007ffd4f237000 	C:\WINDOWS\System32\SHELL32.dll
0x00007ffd4a9f0000 - 0x00007ffd4b2ef000 	C:\WINDOWS\SYSTEM32\windows.storage.dll
0x00007ffd4a8b0000 - 0x00007ffd4a9ef000 	C:\WINDOWS\SYSTEM32\wintypes.dll
0x00007ffd4ded0000 - 0x00007ffd4dfc9000 	C:\WINDOWS\System32\SHCORE.dll
0x00007ffd4d510000 - 0x00007ffd4d56e000 	C:\WINDOWS\System32\shlwapi.dll
0x00007ffd4c9e0000 - 0x00007ffd4ca07000 	C:\WINDOWS\SYSTEM32\profapi.dll
0x00007ffd294a0000 - 0x00007ffd29577000 	D:\Program Files\Java\jdk-21\bin\jsvml.dll
0x00007ffd30c50000 - 0x00007ffd30c68000 	D:\Program Files\Java\jdk-21\bin\zip.dll
0x00007ffd33e70000 - 0x00007ffd33e80000 	D:\Program Files\Java\jdk-21\bin\net.dll
0x00007ffd49250000 - 0x00007ffd49386000 	C:\WINDOWS\SYSTEM32\WINHTTP.dll
0x00007ffd4bf70000 - 0x00007ffd4bfd9000 	C:\WINDOWS\system32\mswsock.dll
0x00007ffd30d30000 - 0x00007ffd30d46000 	D:\Program Files\Java\jdk-21\bin\nio.dll
0x00007ffd30ba0000 - 0x00007ffd30bba000 	D:\Program Files\IntelliJ IDEA Community Edition 2024.1.2\bin\breakgen64.dll
0x00007ffd338f0000 - 0x00007ffd338f9000 	D:\Program Files\Java\jdk-21\bin\extnet.dll
0x00007ffd136e0000 - 0x00007ffd1386f000 	D:\Program Files\Java\jdk-21\bin\awt.dll
0x00007ffd472b0000 - 0x00007ffd47347000 	C:\WINDOWS\SYSTEM32\apphelp.dll
0x00007ffd4a410000 - 0x00007ffd4a43b000 	C:\WINDOWS\system32\DWMAPI.DLL
0x00007ffd49fb0000 - 0x00007ffd4a061000 	C:\WINDOWS\system32\uxtheme.dll
0x00007ffd06ae0000 - 0x00007ffd06be0000 	C:\WINDOWS\system32\opengl32.dll
0x00007ffd37be0000 - 0x00007ffd37c0d000 	C:\WINDOWS\SYSTEM32\GLU32.dll
0x00007ffd4a0d0000 - 0x00007ffd4a107000 	C:\WINDOWS\SYSTEM32\dxcore.dll
0x00007ffd4f310000 - 0x00007ffd4f46e000 	C:\WINDOWS\System32\MSCTF.dll
0x00007ffd4e820000 - 0x00007ffd4e9c5000 	C:\WINDOWS\System32\ole32.dll
0x00007ffd007e0000 - 0x00007ffd00988000 	C:\WINDOWS\system32\d3d9.dll
0x00007ffd43600000 - 0x00007ffd437bb000 	C:\WINDOWS\System32\DriverStore\FileRepository\u0401681.inf_amd64_636ae48616d7efc4\B401510\aticfx64.dll
0x00007ffd12c80000 - 0x00007ffd12cb4000 	C:\WINDOWS\System32\DriverStore\FileRepository\u0401681.inf_amd64_636ae48616d7efc4\B401510\atiu9p64.dll
0x00007ffcffa90000 - 0x00007ffd007d7000 	C:\WINDOWS\System32\DriverStore\FileRepository\u0401681.inf_amd64_636ae48616d7efc4\B401510\atiumd64.dll
0x0000000074c50000 - 0x0000000075b63000 	C:\WINDOWS\System32\DriverStore\FileRepository\u0401681.inf_amd64_636ae48616d7efc4\B401510\atiumd6a.dll
0x00007ffd4d7e0000 - 0x00007ffd4dc54000 	C:\WINDOWS\System32\SETUPAPI.dll
0x00007ffd42f90000 - 0x00007ffd42fc5000 	C:\WINDOWS\SYSTEM32\amdihk64.dll
0x00007ffd449c0000 - 0x00007ffd44a09000 	C:\WINDOWS\SYSTEM32\directxdatabasehelper.dll

dbghelp: loaded successfully - version: 4.0.5 - missing functions: none
symbol engine: initialized successfully - sym options: 0x614 - pdb path: .;D:\Program Files\Java\jdk-21\bin;C:\WINDOWS\SYSTEM32;C:\WINDOWS\WinSxS\amd64_microsoft.windows.common-controls_6595b64144ccf1df_6.0.22621.3672_none_2713b9d173822955;D:\Program Files\Java\jdk-21\bin\server;D:\Program Files\IntelliJ IDEA Community Edition 2024.1.2\bin;C:\WINDOWS\System32\DriverStore\FileRepository\u0401681.inf_amd64_636ae48616d7efc4\B401510

VM Arguments:
jvm_args: --enable-preview -javaagent:D:\Program Files\IntelliJ IDEA Community Edition 2024.1.2\lib\idea_rt.jar=62427:D:\Program Files\IntelliJ IDEA Community Edition 2024.1.2\bin -Dfile.encoding=UTF-8 -Dsun.stdout.encoding=UTF-8 -Dsun.stderr.encoding=UTF-8 
java_command: RecruiterDashboard
java_class_path (initial): C:\Users\SAW ROZ\IdeaProjects\jobPortal\out\production\jobPortal;D:\mailactivation\activation.jar;D:\mailactivation\mail.jar;D:\mailactivation\techsoftemail.jar;D:\mysql-connector-j-8.4.0\mysql-connector-j-8.4.0.jar
Launcher Type: SUN_STANDARD

[Global flags]
     intx CICompilerCount                          = 4                                         {product} {ergonomic}
     uint ConcGCThreads                            = 3                                         {product} {ergonomic}
     uint G1ConcRefinementThreads                  = 10                                        {product} {ergonomic}
   size_t G1HeapRegionSize                         = 1048576                                   {product} {ergonomic}
    uintx GCDrainStackTargetSize                   = 64                                        {product} {ergonomic}
   size_t InitialHeapSize                          = 56623104                                  {product} {ergonomic}
   size_t MarkStackSize                            = 4194304                                   {product} {ergonomic}
   size_t MaxHeapSize                              = 893386752                                 {product} {ergonomic}
   size_t MaxNewSize                               = 535822336                                 {product} {ergonomic}
   size_t MinHeapDeltaBytes                        = 1048576                                   {product} {ergonomic}
   size_t MinHeapSize                              = 8388608                                   {product} {ergonomic}
    uintx NonNMethodCodeHeapSize                   = 5839372                                {pd product} {ergonomic}
    uintx NonProfiledCodeHeapSize                  = 122909434                              {pd product} {ergonomic}
    uintx ProfiledCodeHeapSize                     = 122909434                              {pd product} {ergonomic}
    uintx ReservedCodeCacheSize                    = 251658240                              {pd product} {ergonomic}
     bool SegmentedCodeCache                       = true                                      {product} {ergonomic}
   size_t SoftMaxHeapSize                          = 893386752                              {manageable} {ergonomic}
     bool UseCompressedOops                        = true                           {product lp64_product} {ergonomic}
     bool UseG1GC                                  = true                                      {product} {ergonomic}
     bool UseLargePagesIndividualAllocation        = false                                  {pd product} {ergonomic}

Logging:
Log output configuration:
 #0: stdout all=warning uptime,level,tags foldmultilines=false
 #1: stderr all=off uptime,level,tags foldmultilines=false

Environment Variables:
PATH=C:\Program Files\Common Files\Oracle\Java\javapath;C:\WINDOWS\system32;C:\WINDOWS;C:\WINDOWS\System32\Wbem;C:\WINDOWS\System32\WindowsPowerShell\v1.0\;C:\WINDOWS\System32\OpenSSH\;C:\Program Files\nodejs\;C:\Program Files\Git\cmd;C:\Program Files\dotnet\;C:\Program Files\Cloudflare\Cloudflare WARP\;C:\Program Files\MySQL\MySQL Shell 8.0\bin\;C:\Users\SAW ROZ\AppData\Local\Microsoft\WindowsApps;;C:\Users\SAW ROZ\AppData\Local\Programs\Microsoft VS Code\bin;C:\Users\SAW ROZ\AppData\Roaming\npm;C:\Users\SAW ROZ\.dotnet\tools
USERNAME=SAW ROZ
OS=Windows_NT
PROCESSOR_IDENTIFIER=AMD64 Family 23 Model 104 Stepping 1, AuthenticAMD
TMP=C:\Users\SAWROZ~1\AppData\Local\Temp
TEMP=C:\Users\SAWROZ~1\AppData\Local\Temp




Periodic native trim disabled

---------------  S Y S T E M  ---------------

OS:
 Windows 11 , 64 bit Build 22621 (10.0.22621.3958)
OS uptime: 0 days 4:26 hours
Hyper-V role detected

CPU: total 12 (initial active 12) (12 cores per cpu, 2 threads per core) family 23 model 104 stepping 1 microcode 0x0, cx8, cmov, fxsr, ht, mmx, 3dnowpref, sse, sse2, sse3, ssse3, sse4a, sse4.1, sse4.2, popcnt, lzcnt, tsc, tscinvbit, avx, avx2, aes, clmul, bmi1, bmi2, adx, sha, fma, vzeroupper, clflush, clflushopt, hv, rdtscp, rdpid, f16c
Processor Information for processor 0
  Max Mhz: 2100, Current Mhz: 1988, Mhz Limit: 2100
Processor Information for processor 1
  Max Mhz: 2100, Current Mhz: 2100, Mhz Limit: 2100
Processor Information for processor 2
  Max Mhz: 2100, Current Mhz: 2100, Mhz Limit: 2100
Processor Information for processor 3
  Max Mhz: 2100, Current Mhz: 1988, Mhz Limit: 2100
Processor Information for processor 4
  Max Mhz: 2100, Current Mhz: 2100, Mhz Limit: 2100
Processor Information for processor 5
  Max Mhz: 2100, Current Mhz: 2100, Mhz Limit: 2100
Processor Information for processor 6
  Max Mhz: 2100, Current Mhz: 2100, Mhz Limit: 2100
Processor Information for processor 7
  Max Mhz: 2100, Current Mhz: 1988, Mhz Limit: 2100
Processor Information for processor 8
  Max Mhz: 2100, Current Mhz: 2100, Mhz Limit: 2100
Processor Information for processor 9
  Max Mhz: 2100, Current Mhz: 2100, Mhz Limit: 2100
Processor Information for processor 10
  Max Mhz: 2100, Current Mhz: 1988, Mhz Limit: 2100
Processor Information for processor 11
  Max Mhz: 2100, Current Mhz: 2100, Mhz Limit: 2100

Memory: 4k page, system-wide physical 3406M (41M free)
TotalPageFile size 13646M (AvailPageFile size 33M)
current process WorkingSet (physical memory assigned to process): 198M, peak: 211M
current process commit charge ("private bytes"): 414M, peak: 464M

vm_info: Java HotSpot(TM) 64-Bit Server VM (21.0.2+13-LTS-58) for windows-amd64 JRE (21.0.2+13-LTS-58), built on 2024-01-05T18:32:24Z by "mach5one" with MS VC++ 17.1 (VS2022)

END.
