#
# There is insufficient memory for the Java Runtime Environment to continue.
# Native memory allocation (malloc) failed to allocate 1345712 bytes for Chunk::new
# Possible reasons:
#   The system is out of physical RAM or swap space
#   The process is running with CompressedOops enabled, and the Java Heap may be blocking the growth of the native heap
# Possible solutions:
#   Reduce memory load on the system
#   Increase physical memory or swap space
#   Check if swap backing store is full
#   Decrease Java heap size (-Xmx/-Xms)
#   Decrease number of Java threads
#   Decrease Java thread stack sizes (-Xss)
#   Set larger code cache with -XX:ReservedCodeCacheSize=
#   JVM is running with Unscaled Compressed Oops mode in which the Java heap is
#     placed in the first 4GB address space. The Java Heap base address is the
#     maximum limit for the native heap growth. Please use -XX:HeapBaseMinAddress
#     to set the Java Heap base and to place the Java Heap above 4GB virtual address.
# This output file may be truncated or incomplete.
#
#  Out of Memory Error (arena.cpp:168), pid=12676, tid=17848
#
# JRE version: Java(TM) SE Runtime Environment (21.0.2+13) (build 21.0.2+13-LTS-58)
# Java VM: Java HotSpot(TM) 64-Bit Server VM (21.0.2+13-LTS-58, mixed mode, sharing, tiered, compressed oops, compressed class ptrs, g1 gc, windows-amd64)
# No core dump will be written. Minidumps are not enabled by default on client versions of Windows
#

---------------  S U M M A R Y ------------

Command Line: --enable-preview -javaagent:D:\Program Files\IntelliJ IDEA Community Edition 2024.1.2\lib\idea_rt.jar=57441:D:\Program Files\IntelliJ IDEA Community Edition 2024.1.2\bin -Dfile.encoding=UTF-8 -Dsun.stdout.encoding=UTF-8 -Dsun.stderr.encoding=UTF-8 Adminpanel

Host: AMD Ryzen 5 5500U with Radeon Graphics         , 12 cores, 3G,  Windows 11 , 64 bit Build 22621 (10.0.22621.3958)
Time: Thu Sep 12 15:40:16 2024 Nepal Standard Time elapsed time: 3.581824 seconds (0d 0h 0m 3s)

---------------  T H R E A D  ---------------

Current thread (0x000001433b361f90):  JavaThread "C2 CompilerThread0" daemon [_thread_in_native, id=17848, stack(0x00000041e2500000,0x00000041e2600000) (1024K)]


Current CompileTask:
C2:   3581 1763   !   4       sun.awt.image.PNGImageDecoder::produceImage (1917 bytes)

Stack: [0x00000041e2500000,0x00000041e2600000]
Native frames: (J=compiled Java code, j=interpreted, Vv=VM code, C=native code)
V  [jvm.dll+0x6cade9]
V  [jvm.dll+0x8569c1]
V  [jvm.dll+0x858d2e]
V  [jvm.dll+0x859413]
V  [jvm.dll+0x280e56]
V  [jvm.dll+0xc3f3d]
V  [jvm.dll+0xc4473]
V  [jvm.dll+0x3b5c2c]
V  [jvm.dll+0x1e2013]
V  [jvm.dll+0x249d22]
V  [jvm.dll+0x2491b1]
V  [jvm.dll+0x1c9634]
V  [jvm.dll+0x258859]
V  [jvm.dll+0x256e3a]
V  [jvm.dll+0x3ef6c6]
V  [jvm.dll+0x7ff568]
V  [jvm.dll+0x6c953d]
C  [ucrtbase.dll+0x29333]
C  [KERNEL32.DLL+0x1257d]
C  [ntdll.dll+0x5af28]


---------------  P R O C E S S  ---------------

Threads class SMR info:
_java_thread_list=0x000001437e7c4920, length=19, elements={
0x000001431dd84940, 0x000001433b355ff0, 0x000001433b356f10, 0x000001433b35b1e0,
0x000001433b35e120, 0x000001433b35bd70, 0x000001433b35c3e0, 0x000001433b361f90,
0x000001433b36f4d0, 0x000001433b59bee0, 0x000001433b6f4e90, 0x000001433b6fbd70,
0x000001433b85d930, 0x000001433b864f10, 0x000001433b868e50, 0x000001437dbdd290,
0x000001437e1f8ed0, 0x000001437e1f9540, 0x000001437de01a50
}

Java Threads: ( => current thread )
  0x000001431dd84940 JavaThread "main"                              [_thread_in_native, id=16012, stack(0x00000041e1700000,0x00000041e1800000) (1024K)]
  0x000001433b355ff0 JavaThread "Reference Handler"          daemon [_thread_blocked, id=12936, stack(0x00000041e1f00000,0x00000041e2000000) (1024K)]
  0x000001433b356f10 JavaThread "Finalizer"                  daemon [_thread_blocked, id=10664, stack(0x00000041e2000000,0x00000041e2100000) (1024K)]
  0x000001433b35b1e0 JavaThread "Signal Dispatcher"          daemon [_thread_blocked, id=15780, stack(0x00000041e2100000,0x00000041e2200000) (1024K)]
  0x000001433b35e120 JavaThread "Attach Listener"            daemon [_thread_blocked, id=11564, stack(0x00000041e2200000,0x00000041e2300000) (1024K)]
  0x000001433b35bd70 JavaThread "Service Thread"             daemon [_thread_blocked, id=14372, stack(0x00000041e2300000,0x00000041e2400000) (1024K)]
  0x000001433b35c3e0 JavaThread "Monitor Deflation Thread"   daemon [_thread_blocked, id=9588, stack(0x00000041e2400000,0x00000041e2500000) (1024K)]
=>0x000001433b361f90 JavaThread "C2 CompilerThread0"         daemon [_thread_in_native, id=17848, stack(0x00000041e2500000,0x00000041e2600000) (1024K)]
  0x000001433b36f4d0 JavaThread "C1 CompilerThread0"         daemon [_thread_blocked, id=5704, stack(0x00000041e2600000,0x00000041e2700000) (1024K)]
  0x000001433b59bee0 JavaThread "Common-Cleaner"             daemon [_thread_blocked, id=1908, stack(0x00000041e2700000,0x00000041e2800000) (1024K)]
  0x000001433b6f4e90 JavaThread "Monitor Ctrl-Break"         daemon [_thread_in_native, id=13456, stack(0x00000041e2800000,0x00000041e2900000) (1024K)]
  0x000001433b6fbd70 JavaThread "Notification Thread"        daemon [_thread_blocked, id=3336, stack(0x00000041e2900000,0x00000041e2a00000) (1024K)]
  0x000001433b85d930 JavaThread "Java2D Disposer"            daemon [_thread_blocked, id=4936, stack(0x00000041e2a00000,0x00000041e2b00000) (1024K)]
  0x000001433b864f10 JavaThread "AWT-Shutdown"                      [_thread_blocked, id=17876, stack(0x00000041e2b00000,0x00000041e2c00000) (1024K)]
  0x000001433b868e50 JavaThread "AWT-Windows"                daemon [_thread_in_native, id=18204, stack(0x00000041e2c00000,0x00000041e2d00000) (1024K)]
  0x000001437dbdd290 JavaThread "Image Fetcher 0"            daemon [_thread_blocked, id=9696, stack(0x00000041e3700000,0x00000041e3800000) (1024K)]
  0x000001437e1f8ed0 JavaThread "AWT-EventQueue-0"                  [_thread_in_native, id=14448, stack(0x00000041e3800000,0x00000041e3900000) (1024K)]
  0x000001437e1f9540 JavaThread "mysql-cj-abandoned-connection-cleanup" daemon [_thread_blocked, id=10256, stack(0x00000041e3900000,0x00000041e3a00000) (1024K)]
  0x000001437de01a50 JavaThread "Timer-0"                           [_thread_blocked, id=18000, stack(0x00000041e4300000,0x00000041e4400000) (1024K)]
Total: 19

Other Threads:
  0x000001433b33d690 VMThread "VM Thread"                           [id=11408, stack(0x00000041e1e00000,0x00000041e1f00000) (1024K)]
  0x000001433b31a550 WatcherThread "VM Periodic Task Thread"        [id=15100, stack(0x00000041e1d00000,0x00000041e1e00000) (1024K)]
  0x000001431ddb81a0 WorkerThread "GC Thread#0"                     [id=10496, stack(0x00000041e1800000,0x00000041e1900000) (1024K)]
  0x000001437e026160 WorkerThread "GC Thread#1"                     [id=10952, stack(0x00000041e3a00000,0x00000041e3b00000) (1024K)]
  0x000001437e01aae0 WorkerThread "GC Thread#2"                     [id=11060, stack(0x00000041e3b00000,0x00000041e3c00000) (1024K)]
  0x000001437e01ae80 WorkerThread "GC Thread#3"                     [id=16036, stack(0x00000041e3c00000,0x00000041e3d00000) (1024K)]
  0x000001437e01b220 WorkerThread "GC Thread#4"                     [id=17484, stack(0x00000041e3d00000,0x00000041e3e00000) (1024K)]
  0x000001437e01b9c0 WorkerThread "GC Thread#5"                     [id=14292, stack(0x00000041e3e00000,0x00000041e3f00000) (1024K)]
  0x000001437dfaa7e0 WorkerThread "GC Thread#6"                     [id=8544, stack(0x00000041e3f00000,0x00000041e4000000) (1024K)]
  0x000001437dfaaf90 WorkerThread "GC Thread#7"                     [id=17872, stack(0x00000041e4000000,0x00000041e4100000) (1024K)]
  0x000001437dfacd50 WorkerThread "GC Thread#8"                     [id=17320, stack(0x00000041e4100000,0x00000041e4200000) (1024K)]
  0x000001437dfad0f0 WorkerThread "GC Thread#9"                     [id=8160, stack(0x00000041e4200000,0x00000041e4300000) (1024K)]
  0x000001431ddc1420 ConcurrentGCThread "G1 Main Marker"            [id=16860, stack(0x00000041e1900000,0x00000041e1a00000) (1024K)]
  0x000001431ddc1f20 WorkerThread "G1 Conc#0"                       [id=10672, stack(0x00000041e1a00000,0x00000041e1b00000) (1024K)]
  0x000001431de4b5f0 ConcurrentGCThread "G1 Refine#0"               [id=7788, stack(0x00000041e1b00000,0x00000041e1c00000) (1024K)]
  0x000001431de4c160 ConcurrentGCThread "G1 Service"                [id=7404, stack(0x00000041e1c00000,0x00000041e1d00000) (1024K)]
Total: 16

Threads with active compile tasks:
C2 CompilerThread0     3648 1763   !   4       sun.awt.image.PNGImageDecoder::produceImage (1917 bytes)
Total: 1

VM state: not at safepoint (normal execution)

VM Mutex/Monitor currently owned by a thread: None

Heap address: 0x00000000cac00000, size: 852 MB, Compressed Oops mode: 32-bit

CDS archive(s) mapped at: [0x000001433c000000-0x000001433cc90000-0x000001433cc90000), size 13172736, SharedBaseAddress: 0x000001433c000000, ArchiveRelocationMode: 1.
Compressed class space mapped at: 0x000001433d000000-0x000001437d000000, reserved size: 1073741824
Narrow klass base: 0x000001433c000000, Narrow klass shift: 0, Narrow klass range: 0x100000000

GC Precious Log:
 CardTable entry size: 512
 Card Set container configuration: InlinePtr #cards 5 size 8 Array Of Cards #cards 12 size 40 Howl #buckets 4 coarsen threshold 1843 Howl Bitmap #cards 512 size 80 coarsen threshold 460 Card regions per heap region 1 cards per card region 2048
 CPUs: 12 total, 12 available
 Memory: 3406M
 Large Page Support: Disabled
 NUMA Support: Disabled
 Compressed Oops: Enabled (32-bit)
 Heap Region Size: 1M
 Heap Min Capacity: 8M
 Heap Initial Capacity: 54M
 Heap Max Capacity: 852M
 Pre-touch: Disabled
 Parallel Workers: 10
 Concurrent Workers: 3
 Concurrent Refinement Workers: 10
 Periodic GC: Disabled

Heap:
 garbage-first heap   total 55296K, used 30373K [0x00000000cac00000, 0x0000000100000000)
  region size 1024K, 21 young (21504K), 3 survivors (3072K)
 Metaspace       used 16128K, committed 16384K, reserved 1114112K
  class space    used 1835K, committed 1984K, reserved 1048576K

Heap Regions: E=young(eden), S=young(survivor), O=old, HS=humongous(starts), HC=humongous(continues), CS=collection set, F=free, TAMS=top-at-mark-start, PB=parsable bottom
|   0|0x00000000cac00000, 0x00000000cad00000, 0x00000000cad00000|100%|HS|  |TAMS 0x00000000cac00000| PB 0x00000000cac00000| Complete 
|   1|0x00000000cad00000, 0x00000000cae00000, 0x00000000cae00000|100%|HS|  |TAMS 0x00000000cad00000| PB 0x00000000cad00000| Complete 
|   2|0x00000000cae00000, 0x00000000caf00000, 0x00000000caf00000|100%|HC|  |TAMS 0x00000000cae00000| PB 0x00000000cae00000| Complete 
|   3|0x00000000caf00000, 0x00000000cb000000, 0x00000000cb000000|100%|HS|  |TAMS 0x00000000caf00000| PB 0x00000000caf00000| Complete 
|   4|0x00000000cb000000, 0x00000000cb100000, 0x00000000cb100000|100%|HS|  |TAMS 0x00000000cb000000| PB 0x00000000cb000000| Complete 
|   5|0x00000000cb100000, 0x00000000cb200000, 0x00000000cb200000|100%|HS|  |TAMS 0x00000000cb100000| PB 0x00000000cb100000| Complete 
|   6|0x00000000cb200000, 0x00000000cb300000, 0x00000000cb300000|100%|HC|  |TAMS 0x00000000cb200000| PB 0x00000000cb200000| Complete 
|   7|0x00000000cb300000, 0x00000000cb3a94b0, 0x00000000cb400000| 66%| O|  |TAMS 0x00000000cb300000| PB 0x00000000cb300000| Untracked 
|   8|0x00000000cb400000, 0x00000000cb500000, 0x00000000cb500000|100%|HS|  |TAMS 0x00000000cb400000| PB 0x00000000cb400000| Complete 
|   9|0x00000000cb500000, 0x00000000cb600000, 0x00000000cb600000|100%|HC|  |TAMS 0x00000000cb500000| PB 0x00000000cb500000| Complete 
|  10|0x00000000cb600000, 0x00000000cb700000, 0x00000000cb700000|100%|HC|  |TAMS 0x00000000cb600000| PB 0x00000000cb600000| Complete 
|  11|0x00000000cb700000, 0x00000000cb700000, 0x00000000cb800000|  0%| F|  |TAMS 0x00000000cb700000| PB 0x00000000cb700000| Untracked 
|  12|0x00000000cb800000, 0x00000000cb800000, 0x00000000cb900000|  0%| F|  |TAMS 0x00000000cb800000| PB 0x00000000cb800000| Untracked 
|  13|0x00000000cb900000, 0x00000000cb900000, 0x00000000cba00000|  0%| F|  |TAMS 0x00000000cb900000| PB 0x00000000cb900000| Untracked 
|  14|0x00000000cba00000, 0x00000000cba00000, 0x00000000cbb00000|  0%| F|  |TAMS 0x00000000cba00000| PB 0x00000000cba00000| Untracked 
|  15|0x00000000cbb00000, 0x00000000cbb00000, 0x00000000cbc00000|  0%| F|  |TAMS 0x00000000cbb00000| PB 0x00000000cbb00000| Untracked 
|  16|0x00000000cbc00000, 0x00000000cbc00000, 0x00000000cbd00000|  0%| F|  |TAMS 0x00000000cbc00000| PB 0x00000000cbc00000| Untracked 
|  17|0x00000000cbd00000, 0x00000000cbd00000, 0x00000000cbe00000|  0%| F|  |TAMS 0x00000000cbd00000| PB 0x00000000cbd00000| Untracked 
|  18|0x00000000cbe00000, 0x00000000cbe00000, 0x00000000cbf00000|  0%| F|  |TAMS 0x00000000cbe00000| PB 0x00000000cbe00000| Untracked 
|  19|0x00000000cbf00000, 0x00000000cbf00000, 0x00000000cc000000|  0%| F|  |TAMS 0x00000000cbf00000| PB 0x00000000cbf00000| Untracked 
|  20|0x00000000cc000000, 0x00000000cc000000, 0x00000000cc100000|  0%| F|  |TAMS 0x00000000cc000000| PB 0x00000000cc000000| Untracked 
|  21|0x00000000cc100000, 0x00000000cc100000, 0x00000000cc200000|  0%| F|  |TAMS 0x00000000cc100000| PB 0x00000000cc100000| Untracked 
|  22|0x00000000cc200000, 0x00000000cc200000, 0x00000000cc300000|  0%| F|  |TAMS 0x00000000cc200000| PB 0x00000000cc200000| Untracked 
|  23|0x00000000cc300000, 0x00000000cc300000, 0x00000000cc400000|  0%| F|  |TAMS 0x00000000cc300000| PB 0x00000000cc300000| Untracked 
|  24|0x00000000cc400000, 0x00000000cc400000, 0x00000000cc500000|  0%| F|  |TAMS 0x00000000cc400000| PB 0x00000000cc400000| Untracked 
|  25|0x00000000cc500000, 0x00000000cc500000, 0x00000000cc600000|  0%| F|  |TAMS 0x00000000cc500000| PB 0x00000000cc500000| Untracked 
|  26|0x00000000cc600000, 0x00000000cc600000, 0x00000000cc700000|  0%| F|  |TAMS 0x00000000cc600000| PB 0x00000000cc600000| Untracked 
|  27|0x00000000cc700000, 0x00000000cc700000, 0x00000000cc800000|  0%| F|  |TAMS 0x00000000cc700000| PB 0x00000000cc700000| Untracked 
|  28|0x00000000cc800000, 0x00000000cc900000, 0x00000000cc900000|100%| S|CS|TAMS 0x00000000cc800000| PB 0x00000000cc800000| Complete 
|  29|0x00000000cc900000, 0x00000000cca00000, 0x00000000cca00000|100%| S|CS|TAMS 0x00000000cc900000| PB 0x00000000cc900000| Complete 
|  30|0x00000000cca00000, 0x00000000ccb00000, 0x00000000ccb00000|100%| S|CS|TAMS 0x00000000cca00000| PB 0x00000000cca00000| Complete 
|  31|0x00000000ccb00000, 0x00000000ccb00000, 0x00000000ccc00000|  0%| F|  |TAMS 0x00000000ccb00000| PB 0x00000000ccb00000| Untracked 
|  32|0x00000000ccc00000, 0x00000000ccc00000, 0x00000000ccd00000|  0%| F|  |TAMS 0x00000000ccc00000| PB 0x00000000ccc00000| Untracked 
|  33|0x00000000ccd00000, 0x00000000ccd00000, 0x00000000cce00000|  0%| F|  |TAMS 0x00000000ccd00000| PB 0x00000000ccd00000| Untracked 
|  34|0x00000000cce00000, 0x00000000cce00000, 0x00000000ccf00000|  0%| F|  |TAMS 0x00000000cce00000| PB 0x00000000cce00000| Untracked 
|  35|0x00000000ccf00000, 0x00000000ccf00000, 0x00000000cd000000|  0%| F|  |TAMS 0x00000000ccf00000| PB 0x00000000ccf00000| Untracked 
|  36|0x00000000cd000000, 0x00000000cd05ec98, 0x00000000cd100000| 37%| E|  |TAMS 0x00000000cd000000| PB 0x00000000cd000000| Complete 
|  37|0x00000000cd100000, 0x00000000cd200000, 0x00000000cd200000|100%| E|CS|TAMS 0x00000000cd100000| PB 0x00000000cd100000| Complete 
|  38|0x00000000cd200000, 0x00000000cd300000, 0x00000000cd300000|100%| E|  |TAMS 0x00000000cd200000| PB 0x00000000cd200000| Complete 
|  39|0x00000000cd300000, 0x00000000cd400000, 0x00000000cd400000|100%| E|CS|TAMS 0x00000000cd300000| PB 0x00000000cd300000| Complete 
|  40|0x00000000cd400000, 0x00000000cd500000, 0x00000000cd500000|100%| E|CS|TAMS 0x00000000cd400000| PB 0x00000000cd400000| Complete 
|  41|0x00000000cd500000, 0x00000000cd600000, 0x00000000cd600000|100%| E|CS|TAMS 0x00000000cd500000| PB 0x00000000cd500000| Complete 
|  42|0x00000000cd600000, 0x00000000cd700000, 0x00000000cd700000|100%| E|CS|TAMS 0x00000000cd600000| PB 0x00000000cd600000| Complete 
|  43|0x00000000cd700000, 0x00000000cd800000, 0x00000000cd800000|100%| E|CS|TAMS 0x00000000cd700000| PB 0x00000000cd700000| Complete 
|  44|0x00000000cd800000, 0x00000000cd900000, 0x00000000cd900000|100%| E|CS|TAMS 0x00000000cd800000| PB 0x00000000cd800000| Complete 
|  45|0x00000000cd900000, 0x00000000cda00000, 0x00000000cda00000|100%| E|CS|TAMS 0x00000000cd900000| PB 0x00000000cd900000| Complete 
|  46|0x00000000cda00000, 0x00000000cdb00000, 0x00000000cdb00000|100%| E|CS|TAMS 0x00000000cda00000| PB 0x00000000cda00000| Complete 
|  47|0x00000000cdb00000, 0x00000000cdc00000, 0x00000000cdc00000|100%| E|CS|TAMS 0x00000000cdb00000| PB 0x00000000cdb00000| Complete 
|  48|0x00000000cdc00000, 0x00000000cdd00000, 0x00000000cdd00000|100%| E|CS|TAMS 0x00000000cdc00000| PB 0x00000000cdc00000| Complete 
|  49|0x00000000cdd00000, 0x00000000cde00000, 0x00000000cde00000|100%| E|CS|TAMS 0x00000000cdd00000| PB 0x00000000cdd00000| Complete 
|  50|0x00000000cde00000, 0x00000000cdf00000, 0x00000000cdf00000|100%| E|CS|TAMS 0x00000000cde00000| PB 0x00000000cde00000| Complete 
|  51|0x00000000cdf00000, 0x00000000ce000000, 0x00000000ce000000|100%| E|CS|TAMS 0x00000000cdf00000| PB 0x00000000cdf00000| Complete 
|  52|0x00000000ce000000, 0x00000000ce100000, 0x00000000ce100000|100%| E|CS|TAMS 0x00000000ce000000| PB 0x00000000ce000000| Complete 
|  53|0x00000000ce100000, 0x00000000ce200000, 0x00000000ce200000|100%| E|CS|TAMS 0x00000000ce100000| PB 0x00000000ce100000| Complete 

Card table byte_map: [0x0000014337840000,0x00000143379f0000] _byte_map_base: 0x00000143371ea000

Marking Bits: (CMBitMap*) 0x000001431ddb88a0
 Bits: [0x00000143379f0000, 0x0000014338740000)

Polling page: 0x000001431de50000

Metaspace:

Usage:
  Non-class:     13.96 MB used.
      Class:      1.79 MB used.
       Both:     15.75 MB used.

Virtual space:
  Non-class space:       64.00 MB reserved,      14.06 MB ( 22%) committed,  1 nodes.
      Class space:        1.00 GB reserved,       1.94 MB ( <1%) committed,  1 nodes.
             Both:        1.06 GB reserved,      16.00 MB (  1%) committed. 

Chunk freelists:
   Non-Class:  1.00 MB
       Class:  14.12 MB
        Both:  15.12 MB

MaxMetaspaceSize: unlimited
CompressedClassSpaceSize: 1.00 GB
Initial GC threshold: 21.00 MB
Current GC threshold: 21.00 MB
CDS: on
 - commit_granule_bytes: 65536.
 - commit_granule_words: 8192.
 - virtual_space_node_default_size: 8388608.
 - enlarge_chunks_in_place: 1.
 - use_allocation_guard: 0.


Internal statistics:

num_allocs_failed_limit: 0.
num_arena_births: 200.
num_arena_deaths: 0.
num_vsnodes_births: 2.
num_vsnodes_deaths: 0.
num_space_committed: 256.
num_space_uncommitted: 0.
num_chunks_returned_to_freelist: 0.
num_chunks_taken_from_freelist: 401.
num_chunk_merges: 0.
num_chunk_splits: 253.
num_chunks_enlarged: 150.
num_inconsistent_stats: 0.

CodeHeap 'non-profiled nmethods': size=120000Kb used=671Kb max_used=671Kb free=119328Kb
 bounds [0x000001432f4e0000, 0x000001432f750000, 0x0000014336a10000]
CodeHeap 'profiled nmethods': size=120000Kb used=3468Kb max_used=3468Kb free=116532Kb
 bounds [0x0000014327a10000, 0x0000014327d80000, 0x000001432ef40000]
CodeHeap 'non-nmethods': size=5760Kb used=1665Kb max_used=1665Kb free=4094Kb
 bounds [0x000001432ef40000, 0x000001432f1b0000, 0x000001432f4e0000]
 total_blobs=2595 nmethods=1881 adapters=618
 compilation: enabled
              stopped_count=0, restarted_count=0
 full_count=0

Compilation events (20 events):
Event: 3.562 Thread 0x000001433b36f4d0 nmethod 1864 0x0000014327d62b90 code [0x0000014327d62d80, 0x0000014327d631d8]
Event: 3.562 Thread 0x000001433b36f4d0 1861       3       java.awt.Component::isVisible (5 bytes)
Event: 3.562 Thread 0x000001433b36f4d0 nmethod 1861 0x0000014327d63390 code [0x0000014327d63520, 0x0000014327d63648]
Event: 3.562 Thread 0x000001433b36f4d0 1865       3       javax.swing.JComponent::setOpaque (29 bytes)
Event: 3.562 Thread 0x000001433b36f4d0 nmethod 1865 0x0000014327d63710 code [0x0000014327d638e0, 0x0000014327d63cd8]
Event: 3.565 Thread 0x000001433b36f4d0 1866       1       java.awt.AWTEvent::getID (5 bytes)
Event: 3.565 Thread 0x000001433b36f4d0 nmethod 1866 0x000001432f585890 code [0x000001432f585a20, 0x000001432f585ae8]
Event: 3.565 Thread 0x000001433b36f4d0 1867       3       java.awt.Component::updateSelfGraphicsData (38 bytes)
Event: 3.566 Thread 0x000001433b36f4d0 nmethod 1867 0x0000014327d63e10 code [0x0000014327d64020, 0x0000014327d64538]
Event: 3.575 Thread 0x000001433b36f4d0 1868       3       java.awt.Container::adjustDescendantsOnParent (16 bytes)
Event: 3.576 Thread 0x000001433b36f4d0 nmethod 1868 0x0000014327d64690 code [0x0000014327d64840, 0x0000014327d64b70]
Event: 3.576 Thread 0x000001433b36f4d0 1869       1       java.awt.Component::isPreferredSizeSet (5 bytes)
Event: 3.576 Thread 0x000001433b36f4d0 nmethod 1869 0x000001432f585b90 code [0x000001432f585d20, 0x000001432f585df0]
Event: 3.576 Thread 0x000001433b36f4d0 1870       1       java.awt.Component::isMinimumSizeSet (5 bytes)
Event: 3.576 Thread 0x000001433b36f4d0 nmethod 1870 0x000001432f585e90 code [0x000001432f586020, 0x000001432f5860f0]
Event: 3.576 Thread 0x000001433b36f4d0 1871       1       java.awt.Component::isMaximumSizeSet (5 bytes)
Event: 3.576 Thread 0x000001433b36f4d0 nmethod 1871 0x000001432f586190 code [0x000001432f586320, 0x000001432f5863f0]
Event: 3.577 Thread 0x000001433b36f4d0 1872       1       java.awt.Container::getLayout (5 bytes)
Event: 3.577 Thread 0x000001433b36f4d0 nmethod 1872 0x000001432f586490 code [0x000001432f586620, 0x000001432f5866f0]
Event: 3.577 Thread 0x000001433b36f4d0 1873       3       java.awt.Component::getHWPeerAboveMe (90 bytes)

GC Heap History (2 events):
Event: 2.123 GC heap before
{Heap before GC invocations=0 (full 0):
 garbage-first heap   total 55296K, used 30720K [0x00000000cac00000, 0x0000000100000000)
  region size 1024K, 23 young (23552K), 0 survivors (0K)
 Metaspace       used 9502K, committed 9728K, reserved 1114112K
  class space    used 1067K, committed 1152K, reserved 1048576K
}
Event: 2.132 GC heap after
{Heap after GC invocations=1 (full 0):
 garbage-first heap   total 55296K, used 10917K [0x00000000cac00000, 0x0000000100000000)
  region size 1024K, 3 young (3072K), 3 survivors (3072K)
 Metaspace       used 9502K, committed 9728K, reserved 1114112K
  class space    used 1067K, committed 1152K, reserved 1048576K
}

Dll operation events (13 events):
Event: 0.031 Loaded shared library D:\Program Files\Java\jdk-21\bin\java.dll
Event: 0.096 Loaded shared library D:\Program Files\Java\jdk-21\bin\jsvml.dll
Event: 0.170 Loaded shared library D:\Program Files\Java\jdk-21\bin\zip.dll
Event: 0.176 Loaded shared library D:\Program Files\Java\jdk-21\bin\instrument.dll
Event: 0.185 Loaded shared library D:\Program Files\Java\jdk-21\bin\net.dll
Event: 0.187 Loaded shared library D:\Program Files\Java\jdk-21\bin\nio.dll
Event: 0.192 Loaded shared library D:\Program Files\Java\jdk-21\bin\zip.dll
Event: 0.218 Loaded shared library D:\Program Files\IntelliJ IDEA Community Edition 2024.1.2\bin\breakgen64.dll
Event: 0.381 Loaded shared library D:\Program Files\Java\jdk-21\bin\extnet.dll
Event: 0.562 Loaded shared library D:\Program Files\Java\jdk-21\bin\jimage.dll
Event: 0.608 Loaded shared library D:\Program Files\Java\jdk-21\bin\awt.dll
Event: 3.135 Loaded shared library D:\Program Files\Java\jdk-21\bin\freetype.dll
Event: 3.137 Loaded shared library D:\Program Files\Java\jdk-21\bin\fontmanager.dll

Deoptimization events (20 events):
Event: 3.105 Thread 0x000001431dd84940 Uncommon trap: trap_request=0xffffffde fr.pc=0x000001432f555038 relative=0x0000000000000978
Event: 3.106 Thread 0x000001431dd84940 Uncommon trap: reason=class_check action=maybe_recompile pc=0x000001432f555038 method=java.util.HashMap.putVal(ILjava/lang/Object;Ljava/lang/Object;ZZ)Ljava/lang/Object; @ 253 c2
Event: 3.106 Thread 0x000001431dd84940 DEOPT PACKING pc=0x000001432f555038 sp=0x00000041e17fea40
Event: 3.106 Thread 0x000001431dd84940 DEOPT UNPACKING pc=0x000001432ef946a2 sp=0x00000041e17fe978 mode 2
Event: 3.106 Thread 0x000001431dd84940 Uncommon trap: trap_request=0xffffffde fr.pc=0x000001432f555038 relative=0x0000000000000978
Event: 3.106 Thread 0x000001431dd84940 Uncommon trap: reason=class_check action=maybe_recompile pc=0x000001432f555038 method=java.util.HashMap.putVal(ILjava/lang/Object;Ljava/lang/Object;ZZ)Ljava/lang/Object; @ 253 c2
Event: 3.106 Thread 0x000001431dd84940 DEOPT PACKING pc=0x000001432f555038 sp=0x00000041e17fea40
Event: 3.106 Thread 0x000001431dd84940 DEOPT UNPACKING pc=0x000001432ef946a2 sp=0x00000041e17fe978 mode 2
Event: 3.106 Thread 0x000001431dd84940 Uncommon trap: trap_request=0xffffffde fr.pc=0x000001432f555038 relative=0x0000000000000978
Event: 3.106 Thread 0x000001431dd84940 Uncommon trap: reason=class_check action=maybe_recompile pc=0x000001432f555038 method=java.util.HashMap.putVal(ILjava/lang/Object;Ljava/lang/Object;ZZ)Ljava/lang/Object; @ 253 c2
Event: 3.106 Thread 0x000001431dd84940 DEOPT PACKING pc=0x000001432f555038 sp=0x00000041e17feaa0
Event: 3.106 Thread 0x000001431dd84940 DEOPT UNPACKING pc=0x000001432ef946a2 sp=0x00000041e17fe9d8 mode 2
Event: 3.161 Thread 0x000001431dd84940 Uncommon trap: trap_request=0xffffff45 fr.pc=0x000001432f53f1f4 relative=0x00000000000001d4
Event: 3.161 Thread 0x000001431dd84940 Uncommon trap: reason=unstable_if action=reinterpret pc=0x000001432f53f1f4 method=java.lang.StringUTF16.compress([CI[BII)I @ 20 c2
Event: 3.161 Thread 0x000001431dd84940 DEOPT PACKING pc=0x000001432f53f1f4 sp=0x00000041e17fe8b0
Event: 3.162 Thread 0x000001431dd84940 DEOPT UNPACKING pc=0x000001432ef946a2 sp=0x00000041e17fe820 mode 2
Event: 3.315 Thread 0x000001437dbdd290 Uncommon trap: trap_request=0xffffff76 fr.pc=0x000001432f530ee0 relative=0x0000000000003a00
Event: 3.315 Thread 0x000001437dbdd290 Uncommon trap: reason=predicate action=maybe_recompile pc=0x000001432f530ee0 method=sun.awt.image.PNGImageDecoder.produceImage()V @ 960 c2
Event: 3.315 Thread 0x000001437dbdd290 DEOPT PACKING pc=0x000001432f530ee0 sp=0x00000041e37ff150
Event: 3.315 Thread 0x000001437dbdd290 DEOPT UNPACKING pc=0x000001432ef946a2 sp=0x00000041e37ff0e0 mode 2

Classes loaded (20 events):
Event: 3.537 Loading class sun/awt/NullComponentPeer
Event: 3.537 Loading class sun/awt/NullComponentPeer done
Event: 3.561 Loading class javax/swing/JLayer
Event: 3.561 Loading class javax/swing/JLayer done
Event: 3.562 Loading class sun/awt/im/InputMethodContext
Event: 3.562 Loading class java/awt/im/spi/InputMethodContext
Event: 3.562 Loading class java/awt/im/spi/InputMethodContext done
Event: 3.562 Loading class sun/awt/im/InputContext
Event: 3.563 Loading class sun/awt/im/InputContext done
Event: 3.563 Loading class sun/awt/im/InputMethodContext done
Event: 3.563 Loading class sun/awt/windows/WInputMethod
Event: 3.564 Loading class sun/awt/im/InputMethodAdapter
Event: 3.564 Loading class java/awt/im/spi/InputMethod
Event: 3.564 Loading class java/awt/im/spi/InputMethod done
Event: 3.564 Loading class sun/awt/im/InputMethodAdapter done
Event: 3.564 Loading class sun/awt/windows/WInputMethod done
Event: 3.566 Loading class java/applet/Applet
Event: 3.572 Loading class java/awt/Panel
Event: 3.575 Loading class java/awt/Panel done
Event: 3.575 Loading class java/applet/Applet done

Classes unloaded (0 events):
No events

Classes redefined (0 events):
No events

Internal exceptions (20 events):
Event: 0.626 Thread 0x000001431dd84940 Exception <a 'java/io/FileNotFoundException'{0x00000000cded1878}> (0x00000000cded1878) 
thrown [s\open\src\hotspot\share\prims\jni.cpp, line 520]
Event: 0.637 Thread 0x000001431dd84940 Exception <a 'java/io/FileNotFoundException'{0x00000000cdd0e2a0}> (0x00000000cdd0e2a0) 
thrown [s\open\src\hotspot\share\prims\jni.cpp, line 520]
Event: 1.002 Thread 0x000001431dd84940 Exception <a 'java/lang/NoSuchMethodError'{0x00000000cdc8ccb8}: 'void java.lang.invoke.DirectMethodHandle$Holder.invokeSpecial(java.lang.Object, java.lang.Object, java.lang.Object)'> (0x00000000cdc8ccb8) 
thrown [s\open\src\hotspot\share\interpreter\linkResolver.cpp, line 773]
Event: 1.019 Thread 0x000001431dd84940 Exception <a 'java/lang/NoSuchMethodError'{0x00000000cdcb2198}: 'java.lang.Object java.lang.invoke.DirectMethodHandle$Holder.newInvokeSpecial(java.lang.Object, java.lang.Object, java.lang.Object, java.lang.Object, java.lang.Object)'> (0x00000000cdcb2198) 
thrown [s\open\src\hotspot\share\interpreter\linkResolver.cpp, line 773]
Event: 1.029 Thread 0x000001431dd84940 Exception <a 'java/lang/NoSuchMethodError'{0x00000000cdcddb20}: 'java.lang.Object java.lang.invoke.DirectMethodHandle$Holder.invokeStatic(java.lang.Object, int, java.lang.Object)'> (0x00000000cdcddb20) 
thrown [s\open\src\hotspot\share\interpreter\linkResolver.cpp, line 773]
Event: 1.068 Thread 0x000001431dd84940 Exception <a 'java/lang/ClassNotFoundException'{0x00000000cdb7da58}: com/sun/swing/internal/plaf/metal/resources/spi/metalProvider> (0x00000000cdb7da58) 
thrown [s\open\src\hotspot\share\classfile\systemDictionary.cpp, line 312]
Event: 1.070 Thread 0x000001431dd84940 Exception <a 'java/lang/ClassNotFoundException'{0x00000000cdb81968}: com/sun/swing/internal/plaf/basic/resources/spi/basicProvider> (0x00000000cdb81968) 
thrown [s\open\src\hotspot\share\classfile\systemDictionary.cpp, line 312]
Event: 1.090 Thread 0x000001431dd84940 Exception <a 'java/lang/NoSuchMethodError'{0x00000000cdb9d3a8}: 'int java.lang.invoke.Invokers$Holder.invokeExact_MT(java.lang.Object, java.lang.Object)'> (0x00000000cdb9d3a8) 
thrown [s\open\src\hotspot\share\interpreter\linkResolver.cpp, line 773]
Event: 1.110 Thread 0x000001437dbdd290 Exception <a 'java/lang/NoSuchMethodError'{0x00000000cdbfa748}: 'java.lang.Object java.lang.invoke.DirectMethodHandle$Holder.newInvokeSpecial(java.lang.Object, java.lang.Object, java.lang.Object, int, int, int, int, int)'> (0x00000000cdbfa748) 
thrown [s\open\src\hotspot\share\interpreter\linkResolver.cpp, line 773]
Event: 1.348 Thread 0x000001433b35e120 Exception <a 'java/lang/NoSuchMethodError'{0x00000000cd456dc8}: 'java.lang.Object java.lang.invoke.Invokers$Holder.invokeExact_MT(java.lang.Object, java.lang.Object, java.lang.Object, java.lang.Object, java.lang.Object, java.lang.Object)'> (0x00000000cd456dc8) 
thrown [s\open\src\hotspot\share\interpreter\linkResolver.cpp, line 773]
Event: 2.057 Thread 0x000001431dd84940 Exception <a 'java/lang/NoSuchMethodError'{0x00000000ccb63e48}: 'java.lang.Object java.lang.invoke.DirectMethodHandle$Holder.invokeInterface(java.lang.Object, java.lang.Object)'> (0x00000000ccb63e48) 
thrown [s\open\src\hotspot\share\interpreter\linkResolver.cpp, line 773]
Event: 2.119 Thread 0x000001431dd84940 Exception <a 'java/lang/NoSuchMethodError'{0x00000000ccbe1778}: 'java.lang.Object java.lang.invoke.DirectMethodHandle$Holder.invokeVirtual(java.lang.Object, java.lang.Object, java.lang.Object)'> (0x00000000ccbe1778) 
thrown [s\open\src\hotspot\share\interpreter\linkResolver.cpp, line 773]
Event: 2.667 Thread 0x000001431dd84940 Exception <a 'java/lang/NoSuchMethodError'{0x00000000cd9b1e78}: 'void java.lang.invoke.DirectMethodHandle$Holder.invokeStaticInit(java.lang.Object, java.lang.Object)'> (0x00000000cd9b1e78) 
thrown [s\open\src\hotspot\share\interpreter\linkResolver.cpp, line 773]
Event: 2.675 Thread 0x000001431dd84940 Exception <a 'java/lang/NoSuchMethodError'{0x00000000cd9f9718}: 'void java.lang.invoke.DirectMethodHandle$Holder.invokeInterface(java.lang.Object, java.lang.Object)'> (0x00000000cd9f9718) 
thrown [s\open\src\hotspot\share\interpreter\linkResolver.cpp, line 773]
Event: 3.225 Thread 0x000001437dbdd290 Exception <a 'java/io/FileNotFoundException'{0x00000000cd3916e8}> (0x00000000cd3916e8) 
thrown [s\open\src\hotspot\share\prims\jni.cpp, line 520]
Event: 3.227 Thread 0x000001431dd84940 Exception <a 'java/lang/NoSuchMethodError'{0x00000000cd221040}: 'java.lang.Object java.lang.invoke.DirectMethodHandle$Holder.newInvokeSpecial(java.lang.Object, java.lang.Object, java.lang.Object, java.lang.Object, java.lang.Object, java.lang.Object, java.lang.Object)'> (0x00000000cd221040) 
thrown [s\open\src\hotspot\share\interpreter\linkResolver.cpp, line 773]
Event: 3.315 Thread 0x000001437dbdd290 Implicit null exception at 0x000001432f52d6f6 to 0x000001432f530e5c
Event: 3.322 Thread 0x000001431dd84940 Exception <a 'java/lang/NoSuchMethodError'{0x00000000cd275b88}: 'void java.lang.invoke.DirectMethodHandle$Holder.invokeStatic(java.lang.Object, java.lang.Object, java.lang.Object, java.lang.Object)'> (0x00000000cd275b88) 
thrown [s\open\src\hotspot\share\interpreter\linkResolver.cpp, line 773]
Event: 3.374 Thread 0x000001433b868e50 Exception <a 'java/lang/NoSuchMethodError'{0x00000000cd1a94c0}: 'void java.lang.invoke.DirectMethodHandle$Holder.invokeVirtual(java.lang.Object, java.lang.Object)'> (0x00000000cd1a94c0) 
thrown [s\open\src\hotspot\share\interpreter\linkResolver.cpp, line 773]
Event: 3.496 Thread 0x000001431dd84940 Exception <a 'java/lang/NoSuchMethodError'{0x00000000cd1f5130}: 'void java.lang.invoke.DirectMethodHandle$Holder.invokeStaticInit(java.lang.Object)'> (0x00000000cd1f5130) 
thrown [s\open\src\hotspot\share\interpreter\linkResolver.cpp, line 773]

ZGC Phase Switch (0 events):
No events

VM Operations (20 events):
Event: 1.329 Executing VM operation: HandshakeAllThreads (Deoptimize)
Event: 1.329 Executing VM operation: HandshakeAllThreads (Deoptimize) done
Event: 2.012 Executing VM operation: HandshakeAllThreads (Deoptimize)
Event: 2.012 Executing VM operation: HandshakeAllThreads (Deoptimize) done
Event: 2.013 Executing VM operation: HandshakeAllThreads (Deoptimize)
Event: 2.013 Executing VM operation: HandshakeAllThreads (Deoptimize) done
Event: 2.122 Executing VM operation: G1CollectForAllocation (G1 Evacuation Pause)
Event: 2.132 Executing VM operation: G1CollectForAllocation (G1 Evacuation Pause) done
Event: 2.818 Executing VM operation: HandshakeAllThreads (Deoptimize)
Event: 2.818 Executing VM operation: HandshakeAllThreads (Deoptimize) done
Event: 2.889 Executing VM operation: HandshakeAllThreads (Deoptimize)
Event: 2.889 Executing VM operation: HandshakeAllThreads (Deoptimize) done
Event: 2.895 Executing VM operation: ICBufferFull
Event: 2.895 Executing VM operation: ICBufferFull done
Event: 3.187 Executing VM operation: HandshakeAllThreads (Deoptimize)
Event: 3.187 Executing VM operation: HandshakeAllThreads (Deoptimize) done
Event: 3.351 Executing VM operation: HandshakeAllThreads (Deoptimize)
Event: 3.351 Executing VM operation: HandshakeAllThreads (Deoptimize) done
Event: 3.521 Executing VM operation: HandshakeAllThreads (Deoptimize)
Event: 3.521 Executing VM operation: HandshakeAllThreads (Deoptimize) done

Events (19 events):
Event: 0.066 Thread 0x000001431dd84940 Thread added: 0x000001431dd84940
Event: 0.093 Thread 0x000001433b355ff0 Thread added: 0x000001433b355ff0
Event: 0.093 Thread 0x000001433b356f10 Thread added: 0x000001433b356f10
Event: 0.093 Thread 0x000001433b35b1e0 Thread added: 0x000001433b35b1e0
Event: 0.094 Thread 0x000001433b35e120 Thread added: 0x000001433b35e120
Event: 0.094 Thread 0x000001433b35bd70 Thread added: 0x000001433b35bd70
Event: 0.094 Thread 0x000001433b35c3e0 Thread added: 0x000001433b35c3e0
Event: 0.094 Thread 0x000001433b361f90 Thread added: 0x000001433b361f90
Event: 0.094 Thread 0x000001433b36f4d0 Thread added: 0x000001433b36f4d0
Event: 0.130 Thread 0x000001433b59bee0 Thread added: 0x000001433b59bee0
Event: 0.219 Thread 0x000001433b6f4e90 Thread added: 0x000001433b6f4e90
Event: 0.219 Thread 0x000001433b6fbd70 Thread added: 0x000001433b6fbd70
Event: 0.775 Thread 0x000001433b85d930 Thread added: 0x000001433b85d930
Event: 0.782 Thread 0x000001433b864f10 Thread added: 0x000001433b864f10
Event: 0.784 Thread 0x000001433b868e50 Thread added: 0x000001433b868e50
Event: 1.102 Thread 0x000001437dbdd290 Thread added: 0x000001437dbdd290
Event: 1.913 Thread 0x000001437e1f8ed0 Thread added: 0x000001437e1f8ed0
Event: 1.970 Thread 0x000001437e1f9540 Thread added: 0x000001437e1f9540
Event: 2.800 Thread 0x000001437de01a50 Thread added: 0x000001437de01a50


Dynamic libraries:
0x00007ff79e550000 - 0x00007ff79e560000 	D:\Program Files\Java\jdk-21\bin\java.exe
0x00007fffe52d0000 - 0x00007fffe54e7000 	C:\WINDOWS\SYSTEM32\ntdll.dll
0x00007fffe3700000 - 0x00007fffe37c4000 	C:\WINDOWS\System32\KERNEL32.DLL
0x00007fffe2b20000 - 0x00007fffe2ecd000 	C:\WINDOWS\System32\KERNELBASE.dll
0x00007fffe27f0000 - 0x00007fffe2901000 	C:\WINDOWS\System32\ucrtbase.dll
0x00007fffdbc40000 - 0x00007fffdbc59000 	D:\Program Files\Java\jdk-21\bin\jli.dll
0x00007fffdcd90000 - 0x00007fffdcdab000 	D:\Program Files\Java\jdk-21\bin\VCRUNTIME140.dll
0x00007fffe4430000 - 0x00007fffe44e2000 	C:\WINDOWS\System32\ADVAPI32.dll
0x00007fffe33b0000 - 0x00007fffe3457000 	C:\WINDOWS\System32\msvcrt.dll
0x00007fffe37d0000 - 0x00007fffe3879000 	C:\WINDOWS\System32\sechost.dll
0x00007fffe27c0000 - 0x00007fffe27e8000 	C:\WINDOWS\System32\bcrypt.dll
0x00007fffe3880000 - 0x00007fffe3994000 	C:\WINDOWS\System32\RPCRT4.dll
0x00007fffe4230000 - 0x00007fffe43de000 	C:\WINDOWS\System32\USER32.dll
0x00007fffe2790000 - 0x00007fffe27b6000 	C:\WINDOWS\System32\win32u.dll
0x00007fffe5090000 - 0x00007fffe50b9000 	C:\WINDOWS\System32\GDI32.dll
0x00007fffe25f0000 - 0x00007fffe2709000 	C:\WINDOWS\System32\gdi32full.dll
0x00007fffe2910000 - 0x00007fffe29aa000 	C:\WINDOWS\System32\msvcp_win.dll
0x00007fffc6360000 - 0x00007fffc65f3000 	C:\WINDOWS\WinSxS\amd64_microsoft.windows.common-controls_6595b64144ccf1df_6.0.22621.3672_none_2713b9d173822955\COMCTL32.dll
0x00007fffd8b50000 - 0x00007fffd8b5a000 	C:\WINDOWS\SYSTEM32\VERSION.dll
0x00007fffe43e0000 - 0x00007fffe4411000 	C:\WINDOWS\System32\IMM32.DLL
0x00007fffc9eb0000 - 0x00007fffc9ebc000 	D:\Program Files\Java\jdk-21\bin\vcruntime140_1.dll
0x00007fffc9e20000 - 0x00007fffc9eae000 	D:\Program Files\Java\jdk-21\bin\msvcp140.dll
0x00007fffa1770000 - 0x00007fffa2487000 	D:\Program Files\Java\jdk-21\bin\server\jvm.dll
0x00007fffe3330000 - 0x00007fffe33a1000 	C:\WINDOWS\System32\WS2_32.dll
0x00007fffe2080000 - 0x00007fffe20cd000 	C:\WINDOWS\SYSTEM32\POWRPROF.dll
0x00007fffde050000 - 0x00007fffde084000 	C:\WINDOWS\SYSTEM32\WINMM.dll
0x00007fffe1f40000 - 0x00007fffe1f53000 	C:\WINDOWS\SYSTEM32\UMPDC.dll
0x00007fffe1640000 - 0x00007fffe1658000 	C:\WINDOWS\SYSTEM32\kernel.appcore.dll
0x00007fffc9e10000 - 0x00007fffc9e1a000 	D:\Program Files\Java\jdk-21\bin\jimage.dll
0x00007fffdcfc0000 - 0x00007fffdd1f2000 	C:\WINDOWS\SYSTEM32\DBGHELP.DLL
0x00007fffe4610000 - 0x00007fffe499e000 	C:\WINDOWS\System32\combase.dll
0x00007fffe3560000 - 0x00007fffe3637000 	C:\WINDOWS\System32\OLEAUT32.dll
0x00007fffcb880000 - 0x00007fffcb8b2000 	C:\WINDOWS\SYSTEM32\dbgcore.DLL
0x00007fffe2710000 - 0x00007fffe278b000 	C:\WINDOWS\System32\bcryptPrimitives.dll
0x00007fffc9cb0000 - 0x00007fffc9cbf000 	D:\Program Files\Java\jdk-21\bin\instrument.dll
0x00007fffc9df0000 - 0x00007fffc9e0f000 	D:\Program Files\Java\jdk-21\bin\java.dll
0x00007fffe39a0000 - 0x00007fffe4207000 	C:\WINDOWS\System32\SHELL32.dll
0x00007fffe0530000 - 0x00007fffe0e2f000 	C:\WINDOWS\SYSTEM32\windows.storage.dll
0x00007fffe03f0000 - 0x00007fffe052f000 	C:\WINDOWS\SYSTEM32\wintypes.dll
0x00007fffe3460000 - 0x00007fffe3559000 	C:\WINDOWS\System32\SHCORE.dll
0x00007fffe3640000 - 0x00007fffe369e000 	C:\WINDOWS\System32\shlwapi.dll
0x00007fffe2520000 - 0x00007fffe2547000 	C:\WINDOWS\SYSTEM32\profapi.dll
0x00007fffc9d10000 - 0x00007fffc9de7000 	D:\Program Files\Java\jdk-21\bin\jsvml.dll
0x00007fffc9cc0000 - 0x00007fffc9cd8000 	D:\Program Files\Java\jdk-21\bin\zip.dll
0x00007fffc9d00000 - 0x00007fffc9d10000 	D:\Program Files\Java\jdk-21\bin\net.dll
0x00007fffdec20000 - 0x00007fffded56000 	C:\WINDOWS\SYSTEM32\WINHTTP.dll
0x00007fffe1ab0000 - 0x00007fffe1b19000 	C:\WINDOWS\system32\mswsock.dll
0x00007fffc9ce0000 - 0x00007fffc9cf6000 	D:\Program Files\Java\jdk-21\bin\nio.dll
0x00007fffc6650000 - 0x00007fffc666a000 	D:\Program Files\IntelliJ IDEA Community Edition 2024.1.2\bin\breakgen64.dll
0x00007fffc9ca0000 - 0x00007fffc9ca9000 	D:\Program Files\Java\jdk-21\bin\extnet.dll
0x00007fffa15e0000 - 0x00007fffa176f000 	D:\Program Files\Java\jdk-21\bin\awt.dll
0x00007fffdccb0000 - 0x00007fffdcd47000 	C:\WINDOWS\SYSTEM32\apphelp.dll
0x00007fffdff50000 - 0x00007fffdff7b000 	C:\WINDOWS\system32\DWMAPI.DLL
0x00007fffdfb00000 - 0x00007fffdfbb1000 	C:\WINDOWS\system32\uxtheme.dll
0x00007fffb9a80000 - 0x00007fffb9b80000 	C:\WINDOWS\system32\opengl32.dll
0x00007fffc9b40000 - 0x00007fffc9b6d000 	C:\WINDOWS\SYSTEM32\GLU32.dll
0x00007fffdfc10000 - 0x00007fffdfc47000 	C:\WINDOWS\SYSTEM32\dxcore.dll
0x00007fffe4f30000 - 0x00007fffe508e000 	C:\WINDOWS\System32\MSCTF.dll
0x00007fffe3080000 - 0x00007fffe3225000 	C:\WINDOWS\System32\ole32.dll
0x00007fffb6000000 - 0x00007fffb61a8000 	C:\WINDOWS\system32\d3d9.dll
0x00007fffd69f0000 - 0x00007fffd6bab000 	C:\WINDOWS\System32\DriverStore\FileRepository\u0401681.inf_amd64_636ae48616d7efc4\B401510\aticfx64.dll
0x00007fffbf400000 - 0x00007fffbf434000 	C:\WINDOWS\System32\DriverStore\FileRepository\u0401681.inf_amd64_636ae48616d7efc4\B401510\atiu9p64.dll
0x00007fff84a60000 - 0x00007fff857a7000 	C:\WINDOWS\System32\DriverStore\FileRepository\u0401681.inf_amd64_636ae48616d7efc4\B401510\atiumd64.dll
0x00000000549d0000 - 0x00000000558e3000 	C:\WINDOWS\System32\DriverStore\FileRepository\u0401681.inf_amd64_636ae48616d7efc4\B401510\atiumd6a.dll
0x00007fffe49a0000 - 0x00007fffe4e14000 	C:\WINDOWS\System32\SETUPAPI.dll
0x00007fffd69b0000 - 0x00007fffd69e5000 	C:\WINDOWS\SYSTEM32\amdihk64.dll
0x00007fffda280000 - 0x00007fffda2c9000 	C:\WINDOWS\SYSTEM32\directxdatabasehelper.dll
0x00007fffe10d0000 - 0x00007fffe11c8000 	C:\WINDOWS\SYSTEM32\DNSAPI.dll
0x00007fffe10a0000 - 0x00007fffe10cd000 	C:\WINDOWS\SYSTEM32\IPHLPAPI.DLL
0x00007fffe4420000 - 0x00007fffe4429000 	C:\WINDOWS\System32\NSI.dll
0x00007fffde2a0000 - 0x00007fffde2aa000 	C:\Windows\System32\rasadhlp.dll
0x00007fffddf40000 - 0x00007fffddfc3000 	C:\WINDOWS\System32\fwpuclnt.dll
0x00007fffc3ad0000 - 0x00007fffc3b57000 	D:\Program Files\Java\jdk-21\bin\freetype.dll
0x00007fffb9770000 - 0x00007fffb9852000 	D:\Program Files\Java\jdk-21\bin\fontmanager.dll
0x00007fffe4550000 - 0x00007fffe4600000 	C:\WINDOWS\System32\clbcatq.dll
0x00007fffdf8f0000 - 0x00007fffdfaa1000 	C:\WINDOWS\SYSTEM32\WindowsCodecs.dll
0x00007fffb1620000 - 0x00007fffb167e000 	C:\WINDOWS\system32\dataexchange.dll
0x00007fffd7760000 - 0x00007fffd79ea000 	C:\WINDOWS\system32\twinapi.appcore.dll
0x00007fffcce20000 - 0x00007fffccf63000 	C:\WINDOWS\SYSTEM32\textinputframework.dll

dbghelp: loaded successfully - version: 4.0.5 - missing functions: none
symbol engine: initialized successfully - sym options: 0x614 - pdb path: .;D:\Program Files\Java\jdk-21\bin;C:\WINDOWS\SYSTEM32;C:\WINDOWS\WinSxS\amd64_microsoft.windows.common-controls_6595b64144ccf1df_6.0.22621.3672_none_2713b9d173822955;D:\Program Files\Java\jdk-21\bin\server;D:\Program Files\IntelliJ IDEA Community Edition 2024.1.2\bin;C:\WINDOWS\System32\DriverStore\FileRepository\u0401681.inf_amd64_636ae48616d7efc4\B401510

VM Arguments:
jvm_args: --enable-preview -javaagent:D:\Program Files\IntelliJ IDEA Community Edition 2024.1.2\lib\idea_rt.jar=57441:D:\Program Files\IntelliJ IDEA Community Edition 2024.1.2\bin -Dfile.encoding=UTF-8 -Dsun.stdout.encoding=UTF-8 -Dsun.stderr.encoding=UTF-8 
java_command: Adminpanel
java_class_path (initial): C:\Users\SAW ROZ\IdeaProjects\jobPortal\out\production\jobPortal;D:\mailactivation\activation.jar;D:\mailactivation\mail.jar;D:\mailactivation\techsoftemail.jar;D:\mysql-connector-j-8.4.0\mysql-connector-j-8.4.0.jar
Launcher Type: SUN_STANDARD

[Global flags]
     intx CICompilerCount                          = 4                                         {product} {ergonomic}
     uint ConcGCThreads                            = 3                                         {product} {ergonomic}
     uint G1ConcRefinementThreads                  = 10                                        {product} {ergonomic}
   size_t G1HeapRegionSize                         = 1048576                                   {product} {ergonomic}
    uintx GCDrainStackTargetSize                   = 64                                        {product} {ergonomic}
   size_t InitialHeapSize                          = 56623104                                  {product} {ergonomic}
   size_t MarkStackSize                            = 4194304                                   {product} {ergonomic}
   size_t MaxHeapSize                              = 893386752                                 {product} {ergonomic}
   size_t MaxNewSize                               = 535822336                                 {product} {ergonomic}
   size_t MinHeapDeltaBytes                        = 1048576                                   {product} {ergonomic}
   size_t MinHeapSize                              = 8388608                                   {product} {ergonomic}
    uintx NonNMethodCodeHeapSize                   = 5839372                                {pd product} {ergonomic}
    uintx NonProfiledCodeHeapSize                  = 122909434                              {pd product} {ergonomic}
    uintx ProfiledCodeHeapSize                     = 122909434                              {pd product} {ergonomic}
    uintx ReservedCodeCacheSize                    = 251658240                              {pd product} {ergonomic}
     bool SegmentedCodeCache                       = true                                      {product} {ergonomic}
   size_t SoftMaxHeapSize                          = 893386752                              {manageable} {ergonomic}
     bool UseCompressedOops                        = true                           {product lp64_product} {ergonomic}
     bool UseG1GC                                  = true                                      {product} {ergonomic}
     bool UseLargePagesIndividualAllocation        = false                                  {pd product} {ergonomic}

Logging:
Log output configuration:
 #0: stdout all=warning uptime,level,tags foldmultilines=false
 #1: stderr all=off uptime,level,tags foldmultilines=false

Environment Variables:
PATH=C:\Program Files\Common Files\Oracle\Java\javapath;C:\WINDOWS\system32;C:\WINDOWS;C:\WINDOWS\System32\Wbem;C:\WINDOWS\System32\WindowsPowerShell\v1.0\;C:\WINDOWS\System32\OpenSSH\;C:\Program Files\nodejs\;C:\Program Files\Git\cmd;C:\Program Files\dotnet\;C:\Program Files\Cloudflare\Cloudflare WARP\;C:\Program Files\MySQL\MySQL Shell 8.0\bin\;C:\Users\SAW ROZ\AppData\Local\Microsoft\WindowsApps;;C:\Users\SAW ROZ\AppData\Local\Programs\Microsoft VS Code\bin;C:\Users\SAW ROZ\AppData\Roaming\npm;C:\Users\SAW ROZ\.dotnet\tools
USERNAME=SAW ROZ
OS=Windows_NT
PROCESSOR_IDENTIFIER=AMD64 Family 23 Model 104 Stepping 1, AuthenticAMD
TMP=C:\Users\SAWROZ~1\AppData\Local\Temp
TEMP=C:\Users\SAWROZ~1\AppData\Local\Temp




Periodic native trim disabled

---------------  S Y S T E M  ---------------

OS:
 Windows 11 , 64 bit Build 22621 (10.0.22621.3958)
OS uptime: 0 days 2:37 hours
Hyper-V role detected

CPU: total 12 (initial active 12) (12 cores per cpu, 2 threads per core) family 23 model 104 stepping 1 microcode 0x0, cx8, cmov, fxsr, ht, mmx, 3dnowpref, sse, sse2, sse3, ssse3, sse4a, sse4.1, sse4.2, popcnt, lzcnt, tsc, tscinvbit, avx, avx2, aes, clmul, bmi1, bmi2, adx, sha, fma, vzeroupper, clflush, clflushopt, hv, rdtscp, rdpid, f16c
Processor Information for processor 0
  Max Mhz: 2100, Current Mhz: 1893, Mhz Limit: 2100
Processor Information for processor 1
  Max Mhz: 2100, Current Mhz: 1893, Mhz Limit: 2100
Processor Information for processor 2
  Max Mhz: 2100, Current Mhz: 1813, Mhz Limit: 2100
Processor Information for processor 3
  Max Mhz: 2100, Current Mhz: 1893, Mhz Limit: 2100
Processor Information for processor 4
  Max Mhz: 2100, Current Mhz: 1893, Mhz Limit: 2100
Processor Information for processor 5
  Max Mhz: 2100, Current Mhz: 1893, Mhz Limit: 2100
Processor Information for processor 6
  Max Mhz: 2100, Current Mhz: 1893, Mhz Limit: 2100
Processor Information for processor 7
  Max Mhz: 2100, Current Mhz: 1813, Mhz Limit: 2100
Processor Information for processor 8
  Max Mhz: 2100, Current Mhz: 1893, Mhz Limit: 2100
Processor Information for processor 9
  Max Mhz: 2100, Current Mhz: 1893, Mhz Limit: 2100
Processor Information for processor 10
  Max Mhz: 2100, Current Mhz: 1813, Mhz Limit: 2100
Processor Information for processor 11
  Max Mhz: 2100, Current Mhz: 1813, Mhz Limit: 2100

Memory: 4k page, system-wide physical 3406M (109M free)
TotalPageFile size 13646M (AvailPageFile size 4M)
current process WorkingSet (physical memory assigned to process): 133M, peak: 133M
current process commit charge ("private bytes"): 199M, peak: 200M

vm_info: Java HotSpot(TM) 64-Bit Server VM (21.0.2+13-LTS-58) for windows-amd64 JRE (21.0.2+13-LTS-58), built on 2024-01-05T18:32:24Z by "mach5one" with MS VC++ 17.1 (VS2022)

END.
