#
# There is insufficient memory for the Java Runtime Environment to continue.
# Native memory allocation (mmap) failed to map 98566144 bytes for G1 virtual space
# Possible reasons:
#   The system is out of physical RAM or swap space
#   The process is running with CompressedOops enabled, and the Java Heap may be blocking the growth of the native heap
# Possible solutions:
#   Reduce memory load on the system
#   Increase physical memory or swap space
#   Check if swap backing store is full
#   Decrease Java heap size (-Xmx/-Xms)
#   Decrease number of Java threads
#   Decrease Java thread stack sizes (-Xss)
#   Set larger code cache with -XX:ReservedCodeCacheSize=
#   JVM is running with Unscaled Compressed Oops mode in which the Java heap is
#     placed in the first 4GB address space. The Java Heap base address is the
#     maximum limit for the native heap growth. Please use -XX:HeapBaseMinAddress
#     to set the Java Heap base and to place the Java Heap above 4GB virtual address.
# This output file may be truncated or incomplete.
#
#  Out of Memory Error (os_windows.cpp:3600), pid=4644, tid=11416
#
# JRE version: Java(TM) SE Runtime Environment (21.0.2+13) (build 21.0.2+13-LTS-58)
# Java VM: Java HotSpot(TM) 64-Bit Server VM (21.0.2+13-LTS-58, mixed mode, sharing, tiered, compressed oops, compressed class ptrs, g1 gc, windows-amd64)
# No core dump will be written. Minidumps are not enabled by default on client versions of Windows
#

---------------  S U M M A R Y ------------

Command Line: --enable-preview -javaagent:D:\Program Files\IntelliJ IDEA Community Edition 2024.1.2\lib\idea_rt.jar=58994:D:\Program Files\IntelliJ IDEA Community Edition 2024.1.2\bin -Dfile.encoding=UTF-8 -Dsun.stdout.encoding=UTF-8 -Dsun.stderr.encoding=UTF-8 RecruiterDashboard

Host: AMD Ryzen 5 5500U with Radeon Graphics         , 12 cores, 3G,  Windows 11 , 64 bit Build 22621 (10.0.22621.3958)
Time: Sun Sep 15 19:41:05 2024 Nepal Standard Time elapsed time: 278.532631 seconds (0d 0h 4m 38s)

---------------  T H R E A D  ---------------

Current thread (0x0000017d3fa91350):  VMThread "VM Thread"          [id=11416, stack(0x00000019b3f00000,0x00000019b4000000) (1024K)]

Stack: [0x00000019b3f00000,0x00000019b4000000]
Native frames: (J=compiled Java code, j=interpreted, Vv=VM code, C=native code)
V  [jvm.dll+0x6cade9]
V  [jvm.dll+0x8569c1]
V  [jvm.dll+0x858d2e]
V  [jvm.dll+0x859413]
V  [jvm.dll+0x280e56]
V  [jvm.dll+0x6c74d5]
V  [jvm.dll+0x6bbeca]
V  [jvm.dll+0x355bca]
V  [jvm.dll+0x35d816]
V  [jvm.dll+0x3ae67e]
V  [jvm.dll+0x3ae928]
V  [jvm.dll+0x3295dc]
V  [jvm.dll+0x329667]
V  [jvm.dll+0x36df1c]
V  [jvm.dll+0x36c71d]
V  [jvm.dll+0x328d51]
V  [jvm.dll+0x36c148]
V  [jvm.dll+0x85ef18]
V  [jvm.dll+0x860014]
V  [jvm.dll+0x860550]
V  [jvm.dll+0x8607f3]
V  [jvm.dll+0x7ff568]
V  [jvm.dll+0x6c953d]
C  [ucrtbase.dll+0x29333]
C  [KERNEL32.DLL+0x1257d]
C  [ntdll.dll+0x5af28]

VM_Operation (0x00000019b66fe6b8): G1TryInitiateConcMark, mode: safepoint, requested by thread 0x0000017d861e8ee0


---------------  P R O C E S S  ---------------

Threads class SMR info:
_java_thread_list=0x0000017d8bc5e8b0, length=19, elements={
0x0000017d3faadb60, 0x0000017d3faaec30, 0x0000017d3fab3450, 0x0000017d3fab3eb0,
0x0000017d3fab4ac0, 0x0000017d3fab76e0, 0x0000017d3fac1a70, 0x0000017d3facd3e0,
0x0000017d85061cc0, 0x0000017d85157c40, 0x0000017d851cc260, 0x0000017d85315880,
0x0000017d853275c0, 0x0000017d86174e50, 0x0000017d861e9c00, 0x0000017d861e8850,
0x0000017d861e8ee0, 0x0000017d861ea920, 0x0000017d861e81c0
}

Java Threads: ( => current thread )
  0x0000017d3faadb60 JavaThread "Reference Handler"          daemon [_thread_blocked, id=12248, stack(0x00000019b4000000,0x00000019b4100000) (1024K)]
  0x0000017d3faaec30 JavaThread "Finalizer"                  daemon [_thread_blocked, id=17076, stack(0x00000019b4100000,0x00000019b4200000) (1024K)]
  0x0000017d3fab3450 JavaThread "Signal Dispatcher"          daemon [_thread_blocked, id=11836, stack(0x00000019b4200000,0x00000019b4300000) (1024K)]
  0x0000017d3fab3eb0 JavaThread "Attach Listener"            daemon [_thread_blocked, id=17284, stack(0x00000019b4300000,0x00000019b4400000) (1024K)]
  0x0000017d3fab4ac0 JavaThread "Service Thread"             daemon [_thread_blocked, id=14848, stack(0x00000019b4400000,0x00000019b4500000) (1024K)]
  0x0000017d3fab76e0 JavaThread "Monitor Deflation Thread"   daemon [_thread_blocked, id=17320, stack(0x00000019b4500000,0x00000019b4600000) (1024K)]
  0x0000017d3fac1a70 JavaThread "C2 CompilerThread0"         daemon [_thread_blocked, id=17188, stack(0x00000019b4600000,0x00000019b4700000) (1024K)]
  0x0000017d3facd3e0 JavaThread "C1 CompilerThread0"         daemon [_thread_blocked, id=17184, stack(0x00000019b4700000,0x00000019b4800000) (1024K)]
  0x0000017d85061cc0 JavaThread "Common-Cleaner"             daemon [_thread_blocked, id=11600, stack(0x00000019b4800000,0x00000019b4900000) (1024K)]
  0x0000017d85157c40 JavaThread "Monitor Ctrl-Break"         daemon [_thread_in_native, id=10368, stack(0x00000019b4900000,0x00000019b4a00000) (1024K)]
  0x0000017d851cc260 JavaThread "Notification Thread"        daemon [_thread_blocked, id=14564, stack(0x00000019b4a00000,0x00000019b4b00000) (1024K)]
  0x0000017d85315880 JavaThread "Java2D Disposer"            daemon [_thread_blocked, id=3852, stack(0x00000019b4b00000,0x00000019b4c00000) (1024K)]
  0x0000017d853275c0 JavaThread "AWT-Windows"                daemon [_thread_in_native, id=12972, stack(0x00000019b4d00000,0x00000019b4e00000) (1024K)]
  0x0000017d86174e50 JavaThread "TimerQueue"                 daemon [_thread_blocked, id=14956, stack(0x00000019b6400000,0x00000019b6500000) (1024K)]
  0x0000017d861e9c00 JavaThread "mysql-cj-abandoned-connection-cleanup" daemon [_thread_blocked, id=2276, stack(0x00000019b6700000,0x00000019b6800000) (1024K)]
  0x0000017d861e8850 JavaThread "AWT-Shutdown"                      [_thread_blocked, id=15380, stack(0x00000019b6500000,0x00000019b6600000) (1024K)]
  0x0000017d861e8ee0 JavaThread "AWT-EventQueue-0"                  [_thread_blocked, id=9836, stack(0x00000019b6600000,0x00000019b6700000) (1024K)]
  0x0000017d861ea920 JavaThread "DestroyJavaVM"                     [_thread_blocked, id=12868, stack(0x00000019b3800000,0x00000019b3900000) (1024K)]
  0x0000017d861e81c0 JavaThread "D3D Screen Updater"         daemon [_thread_blocked, id=12520, stack(0x00000019b6b00000,0x00000019b6c00000) (1024K)]
Total: 19

Other Threads:
=>0x0000017d3fa91350 VMThread "VM Thread"                           [id=11416, stack(0x00000019b3f00000,0x00000019b4000000) (1024K)]
  0x0000017d24503970 WatcherThread "VM Periodic Task Thread"        [id=13436, stack(0x00000019b3e00000,0x00000019b3f00000) (1024K)]
  0x0000017d2447a730 WorkerThread "GC Thread#0"                     [id=10836, stack(0x00000019b3900000,0x00000019b3a00000) (1024K)]
  0x0000017d8b6e4ff0 WorkerThread "GC Thread#1"                     [id=12112, stack(0x00000019b4c00000,0x00000019b4d00000) (1024K)]
  0x0000017d8616f0d0 WorkerThread "GC Thread#2"                     [id=3768, stack(0x00000019b5900000,0x00000019b5a00000) (1024K)]
  0x0000017d8b96af10 WorkerThread "GC Thread#3"                     [id=11356, stack(0x00000019b5a00000,0x00000019b5b00000) (1024K)]
  0x0000017d85322e70 WorkerThread "GC Thread#4"                     [id=6016, stack(0x00000019b5b00000,0x00000019b5c00000) (1024K)]
  0x0000017d863cb280 WorkerThread "GC Thread#5"                     [id=172, stack(0x00000019b5c00000,0x00000019b5d00000) (1024K)]
  0x0000017d86322e90 WorkerThread "GC Thread#6"                     [id=13236, stack(0x00000019b5d00000,0x00000019b5e00000) (1024K)]
  0x0000017d86323230 WorkerThread "GC Thread#7"                     [id=16988, stack(0x00000019b5e00000,0x00000019b5f00000) (1024K)]
  0x0000017d8639c1e0 WorkerThread "GC Thread#8"                     [id=16184, stack(0x00000019b6000000,0x00000019b6100000) (1024K)]
  0x0000017d8639baa0 WorkerThread "GC Thread#9"                     [id=9000, stack(0x00000019b6100000,0x00000019b6200000) (1024K)]
  0x0000017d244831a0 ConcurrentGCThread "G1 Main Marker"            [id=13572, stack(0x00000019b3a00000,0x00000019b3b00000) (1024K)]
  0x0000017d24483e50 WorkerThread "G1 Conc#0"                       [id=5996, stack(0x00000019b3b00000,0x00000019b3c00000) (1024K)]
  0x0000017d8639b360 WorkerThread "G1 Conc#1"                       [id=16564, stack(0x00000019b6200000,0x00000019b6300000) (1024K)]
  0x0000017d8639be40 WorkerThread "G1 Conc#2"                       [id=2116, stack(0x00000019b6300000,0x00000019b6400000) (1024K)]
  0x0000017d244f4000 ConcurrentGCThread "G1 Refine#0"               [id=13764, stack(0x00000019b3c00000,0x00000019b3d00000) (1024K)]
  0x0000017d244f4b70 ConcurrentGCThread "G1 Service"                [id=11520, stack(0x00000019b3d00000,0x00000019b3e00000) (1024K)]
Total: 18

Threads with active compile tasks:
Total: 0

VM state: at safepoint (normal execution)

VM Mutex/Monitor currently owned by a thread:  ([mutex/lock_event])
[0x00007ff99ec4cd68] Threads_lock - owner thread: 0x0000017d3fa91350
[0x00007ff99ec4ce68] Heap_lock - owner thread: 0x0000017d861e8ee0

Heap address: 0x00000000cac00000, size: 852 MB, Compressed Oops mode: 32-bit

CDS archive(s) mapped at: [0x0000017d40000000-0x0000017d40c90000-0x0000017d40c90000), size 13172736, SharedBaseAddress: 0x0000017d40000000, ArchiveRelocationMode: 1.
Compressed class space mapped at: 0x0000017d41000000-0x0000017d81000000, reserved size: 1073741824
Narrow klass base: 0x0000017d40000000, Narrow klass shift: 0, Narrow klass range: 0x100000000

GC Precious Log:
 CardTable entry size: 512
 Card Set container configuration: InlinePtr #cards 5 size 8 Array Of Cards #cards 12 size 40 Howl #buckets 4 coarsen threshold 1843 Howl Bitmap #cards 512 size 80 coarsen threshold 460 Card regions per heap region 1 cards per card region 2048
 CPUs: 12 total, 12 available
 Memory: 3406M
 Large Page Support: Disabled
 NUMA Support: Disabled
 Compressed Oops: Enabled (32-bit)
 Heap Region Size: 1M
 Heap Min Capacity: 8M
 Heap Initial Capacity: 54M
 Heap Max Capacity: 852M
 Pre-touch: Disabled
 Parallel Workers: 10
 Concurrent Workers: 3
 Concurrent Refinement Workers: 10
 Periodic GC: Disabled

Heap:
 garbage-first heap   total 204800K, used 120371K [0x00000000cac00000, 0x0000000100000000)
  region size 1024K, 4 young (4096K), 4 survivors (4096K)
 Metaspace       used 16622K, committed 16896K, reserved 1114112K
  class space    used 1841K, committed 1984K, reserved 1048576K

Heap Regions: E=young(eden), S=young(survivor), O=old, HS=humongous(starts), HC=humongous(continues), CS=collection set, F=free, TAMS=top-at-mark-start, PB=parsable bottom
|   0|0x00000000cac00000, 0x00000000cad00000, 0x00000000cad00000|100%|HS|  |TAMS 0x00000000cad00000| PB 0x00000000cac00000| Complete 
|   1|0x00000000cad00000, 0x00000000cae00000, 0x00000000cae00000|100%|HS|  |TAMS 0x00000000cae00000| PB 0x00000000cad00000| Complete 
|   2|0x00000000cae00000, 0x00000000caf00000, 0x00000000caf00000|100%|HC|  |TAMS 0x00000000caf00000| PB 0x00000000cae00000| Complete 
|   3|0x00000000caf00000, 0x00000000cb000000, 0x00000000cb000000|100%|HS|  |TAMS 0x00000000cb000000| PB 0x00000000caf00000| Complete 
|   4|0x00000000cb000000, 0x00000000cb100000, 0x00000000cb100000|100%|HS|  |TAMS 0x00000000cb100000| PB 0x00000000cb000000| Complete 
|   5|0x00000000cb100000, 0x00000000cb200000, 0x00000000cb200000|100%|HS|  |TAMS 0x00000000cb200000| PB 0x00000000cb100000| Complete 
|   6|0x00000000cb200000, 0x00000000cb300000, 0x00000000cb300000|100%|HC|  |TAMS 0x00000000cb300000| PB 0x00000000cb200000| Complete 
|   7|0x00000000cb300000, 0x00000000cb400000, 0x00000000cb400000|100%|HC|  |TAMS 0x00000000cb400000| PB 0x00000000cb300000| Complete 
|   8|0x00000000cb400000, 0x00000000cb500000, 0x00000000cb500000|100%|HC|  |TAMS 0x00000000cb500000| PB 0x00000000cb400000| Complete 
|   9|0x00000000cb500000, 0x00000000cb600000, 0x00000000cb600000|100%|HS|  |TAMS 0x00000000cb600000| PB 0x00000000cb500000| Complete 
|  10|0x00000000cb600000, 0x00000000cb700000, 0x00000000cb700000|100%|HC|  |TAMS 0x00000000cb700000| PB 0x00000000cb600000| Complete 
|  11|0x00000000cb700000, 0x00000000cb800000, 0x00000000cb800000|100%|HS|  |TAMS 0x00000000cb800000| PB 0x00000000cb700000| Complete 
|  12|0x00000000cb800000, 0x00000000cb900000, 0x00000000cb900000|100%|HC|  |TAMS 0x00000000cb900000| PB 0x00000000cb800000| Complete 
|  13|0x00000000cb900000, 0x00000000cba00000, 0x00000000cba00000|100%|HC|  |TAMS 0x00000000cba00000| PB 0x00000000cb900000| Complete 
|  14|0x00000000cba00000, 0x00000000cbb00000, 0x00000000cbb00000|100%|HC|  |TAMS 0x00000000cbb00000| PB 0x00000000cba00000| Complete 
|  15|0x00000000cbb00000, 0x00000000cbc00000, 0x00000000cbc00000|100%|HS|  |TAMS 0x00000000cbc00000| PB 0x00000000cbb00000| Complete 
|  16|0x00000000cbc00000, 0x00000000cbd00000, 0x00000000cbd00000|100%|HC|  |TAMS 0x00000000cbd00000| PB 0x00000000cbc00000| Complete 
|  17|0x00000000cbd00000, 0x00000000cbe00000, 0x00000000cbe00000|100%|HS|  |TAMS 0x00000000cbe00000| PB 0x00000000cbd00000| Complete 
|  18|0x00000000cbe00000, 0x00000000cbf00000, 0x00000000cbf00000|100%|HC|  |TAMS 0x00000000cbf00000| PB 0x00000000cbe00000| Complete 
|  19|0x00000000cbf00000, 0x00000000cc000000, 0x00000000cc000000|100%|HS|  |TAMS 0x00000000cc000000| PB 0x00000000cbf00000| Complete 
|  20|0x00000000cc000000, 0x00000000cc100000, 0x00000000cc100000|100%|HC|  |TAMS 0x00000000cc100000| PB 0x00000000cc000000| Complete 
|  21|0x00000000cc100000, 0x00000000cc200000, 0x00000000cc200000|100%|HS|  |TAMS 0x00000000cc200000| PB 0x00000000cc100000| Complete 
|  22|0x00000000cc200000, 0x00000000cc300000, 0x00000000cc300000|100%|HC|  |TAMS 0x00000000cc300000| PB 0x00000000cc200000| Complete 
|  23|0x00000000cc300000, 0x00000000cc400000, 0x00000000cc400000|100%|HC|  |TAMS 0x00000000cc400000| PB 0x00000000cc300000| Complete 
|  24|0x00000000cc400000, 0x00000000cc500000, 0x00000000cc500000|100%|HC|  |TAMS 0x00000000cc500000| PB 0x00000000cc400000| Complete 
|  25|0x00000000cc500000, 0x00000000cc600000, 0x00000000cc600000|100%|HC|  |TAMS 0x00000000cc600000| PB 0x00000000cc500000| Complete 
|  26|0x00000000cc600000, 0x00000000cc700000, 0x00000000cc700000|100%|HC|  |TAMS 0x00000000cc700000| PB 0x00000000cc600000| Complete 
|  27|0x00000000cc700000, 0x00000000cc800000, 0x00000000cc800000|100%|HC|  |TAMS 0x00000000cc800000| PB 0x00000000cc700000| Complete 
|  28|0x00000000cc800000, 0x00000000cc900000, 0x00000000cc900000|100%|HC|  |TAMS 0x00000000cc900000| PB 0x00000000cc800000| Complete 
|  29|0x00000000cc900000, 0x00000000cca00000, 0x00000000cca00000|100%|HC|  |TAMS 0x00000000cca00000| PB 0x00000000cc900000| Complete 
|  30|0x00000000cca00000, 0x00000000ccb00000, 0x00000000ccb00000|100%|HC|  |TAMS 0x00000000ccb00000| PB 0x00000000cca00000| Complete 
|  31|0x00000000ccb00000, 0x00000000ccc00000, 0x00000000ccc00000|100%|HC|  |TAMS 0x00000000ccc00000| PB 0x00000000ccb00000| Complete 
|  32|0x00000000ccc00000, 0x00000000ccd00000, 0x00000000ccd00000|100%|HC|  |TAMS 0x00000000ccd00000| PB 0x00000000ccc00000| Complete 
|  33|0x00000000ccd00000, 0x00000000cce00000, 0x00000000cce00000|100%|HC|  |TAMS 0x00000000cce00000| PB 0x00000000ccd00000| Complete 
|  34|0x00000000cce00000, 0x00000000ccf00000, 0x00000000ccf00000|100%|HC|  |TAMS 0x00000000ccf00000| PB 0x00000000cce00000| Complete 
|  35|0x00000000ccf00000, 0x00000000cd000000, 0x00000000cd000000|100%|HC|  |TAMS 0x00000000cd000000| PB 0x00000000ccf00000| Complete 
|  36|0x00000000cd000000, 0x00000000cd100000, 0x00000000cd100000|100%|HC|  |TAMS 0x00000000cd100000| PB 0x00000000cd000000| Complete 
|  37|0x00000000cd100000, 0x00000000cd200000, 0x00000000cd200000|100%|HC|  |TAMS 0x00000000cd200000| PB 0x00000000cd100000| Complete 
|  38|0x00000000cd200000, 0x00000000cd300000, 0x00000000cd300000|100%|HC|  |TAMS 0x00000000cd300000| PB 0x00000000cd200000| Complete 
|  39|0x00000000cd300000, 0x00000000cd400000, 0x00000000cd400000|100%|HC|  |TAMS 0x00000000cd400000| PB 0x00000000cd300000| Complete 
|  40|0x00000000cd400000, 0x00000000cd500000, 0x00000000cd500000|100%|HC|  |TAMS 0x00000000cd500000| PB 0x00000000cd400000| Complete 
|  41|0x00000000cd500000, 0x00000000cd600000, 0x00000000cd600000|100%|HC|  |TAMS 0x00000000cd600000| PB 0x00000000cd500000| Complete 
|  42|0x00000000cd600000, 0x00000000cd700000, 0x00000000cd700000|100%|HC|  |TAMS 0x00000000cd700000| PB 0x00000000cd600000| Complete 
|  43|0x00000000cd700000, 0x00000000cd800000, 0x00000000cd800000|100%|HC|  |TAMS 0x00000000cd800000| PB 0x00000000cd700000| Complete 
|  44|0x00000000cd800000, 0x00000000cd900000, 0x00000000cd900000|100%|HC|  |TAMS 0x00000000cd900000| PB 0x00000000cd800000| Complete 
|  45|0x00000000cd900000, 0x00000000cda00000, 0x00000000cda00000|100%|HS|  |TAMS 0x00000000cda00000| PB 0x00000000cd900000| Complete 
|  46|0x00000000cda00000, 0x00000000cdb00000, 0x00000000cdb00000|100%|HC|  |TAMS 0x00000000cdb00000| PB 0x00000000cda00000| Complete 
|  47|0x00000000cdb00000, 0x00000000cdc00000, 0x00000000cdc00000|100%|HC|  |TAMS 0x00000000cdc00000| PB 0x00000000cdb00000| Complete 
|  48|0x00000000cdc00000, 0x00000000cdd00000, 0x00000000cdd00000|100%|HC|  |TAMS 0x00000000cdd00000| PB 0x00000000cdc00000| Complete 
|  49|0x00000000cdd00000, 0x00000000cde00000, 0x00000000cde00000|100%|HC|  |TAMS 0x00000000cde00000| PB 0x00000000cdd00000| Complete 
|  50|0x00000000cde00000, 0x00000000cdf00000, 0x00000000cdf00000|100%|HC|  |TAMS 0x00000000cdf00000| PB 0x00000000cde00000| Complete 
|  51|0x00000000cdf00000, 0x00000000ce000000, 0x00000000ce000000|100%|HC|  |TAMS 0x00000000ce000000| PB 0x00000000cdf00000| Complete 
|  52|0x00000000ce000000, 0x00000000ce100000, 0x00000000ce100000|100%|HC|  |TAMS 0x00000000ce100000| PB 0x00000000ce000000| Complete 
|  53|0x00000000ce100000, 0x00000000ce200000, 0x00000000ce200000|100%|HC|  |TAMS 0x00000000ce200000| PB 0x00000000ce100000| Complete 
|  54|0x00000000ce200000, 0x00000000ce300000, 0x00000000ce300000|100%|HC|  |TAMS 0x00000000ce300000| PB 0x00000000ce200000| Complete 
|  55|0x00000000ce300000, 0x00000000ce400000, 0x00000000ce400000|100%|HC|  |TAMS 0x00000000ce400000| PB 0x00000000ce300000| Complete 
|  56|0x00000000ce400000, 0x00000000ce500000, 0x00000000ce500000|100%|HC|  |TAMS 0x00000000ce500000| PB 0x00000000ce400000| Complete 
|  57|0x00000000ce500000, 0x00000000ce600000, 0x00000000ce600000|100%|HC|  |TAMS 0x00000000ce600000| PB 0x00000000ce500000| Complete 
|  58|0x00000000ce600000, 0x00000000ce700000, 0x00000000ce700000|100%|HC|  |TAMS 0x00000000ce700000| PB 0x00000000ce600000| Complete 
|  59|0x00000000ce700000, 0x00000000ce800000, 0x00000000ce800000|100%|HC|  |TAMS 0x00000000ce800000| PB 0x00000000ce700000| Complete 
|  60|0x00000000ce800000, 0x00000000ce900000, 0x00000000ce900000|100%|HC|  |TAMS 0x00000000ce900000| PB 0x00000000ce800000| Complete 
|  61|0x00000000ce900000, 0x00000000cea00000, 0x00000000cea00000|100%|HC|  |TAMS 0x00000000cea00000| PB 0x00000000ce900000| Complete 
|  62|0x00000000cea00000, 0x00000000ceb00000, 0x00000000ceb00000|100%|HC|  |TAMS 0x00000000ceb00000| PB 0x00000000cea00000| Complete 
|  63|0x00000000ceb00000, 0x00000000cec00000, 0x00000000cec00000|100%|HC|  |TAMS 0x00000000cec00000| PB 0x00000000ceb00000| Complete 
|  64|0x00000000cec00000, 0x00000000ced00000, 0x00000000ced00000|100%|HC|  |TAMS 0x00000000ced00000| PB 0x00000000cec00000| Complete 
|  65|0x00000000ced00000, 0x00000000cee00000, 0x00000000cee00000|100%|HC|  |TAMS 0x00000000cee00000| PB 0x00000000ced00000| Complete 
|  66|0x00000000cee00000, 0x00000000cef00000, 0x00000000cef00000|100%|HC|  |TAMS 0x00000000cef00000| PB 0x00000000cee00000| Complete 
|  67|0x00000000cef00000, 0x00000000cf000000, 0x00000000cf000000|100%|HC|  |TAMS 0x00000000cf000000| PB 0x00000000cef00000| Complete 
|  68|0x00000000cf000000, 0x00000000cf100000, 0x00000000cf100000|100%|HC|  |TAMS 0x00000000cf100000| PB 0x00000000cf000000| Complete 
|  69|0x00000000cf100000, 0x00000000cf200000, 0x00000000cf200000|100%|HC|  |TAMS 0x00000000cf200000| PB 0x00000000cf100000| Complete 
|  70|0x00000000cf200000, 0x00000000cf300000, 0x00000000cf300000|100%|HC|  |TAMS 0x00000000cf300000| PB 0x00000000cf200000| Complete 
|  71|0x00000000cf300000, 0x00000000cf400000, 0x00000000cf400000|100%|HC|  |TAMS 0x00000000cf400000| PB 0x00000000cf300000| Complete 
|  72|0x00000000cf400000, 0x00000000cf500000, 0x00000000cf500000|100%|HC|  |TAMS 0x00000000cf500000| PB 0x00000000cf400000| Complete 
|  73|0x00000000cf500000, 0x00000000cf600000, 0x00000000cf600000|100%|HC|  |TAMS 0x00000000cf600000| PB 0x00000000cf500000| Complete 
|  74|0x00000000cf600000, 0x00000000cf700000, 0x00000000cf700000|100%|HC|  |TAMS 0x00000000cf700000| PB 0x00000000cf600000| Complete 
|  75|0x00000000cf700000, 0x00000000cf800000, 0x00000000cf800000|100%|HC|  |TAMS 0x00000000cf800000| PB 0x00000000cf700000| Complete 
|  76|0x00000000cf800000, 0x00000000cf900000, 0x00000000cf900000|100%|HC|  |TAMS 0x00000000cf900000| PB 0x00000000cf800000| Complete 
|  77|0x00000000cf900000, 0x00000000cfa00000, 0x00000000cfa00000|100%|HC|  |TAMS 0x00000000cfa00000| PB 0x00000000cf900000| Complete 
|  78|0x00000000cfa00000, 0x00000000cfb00000, 0x00000000cfb00000|100%|HC|  |TAMS 0x00000000cfb00000| PB 0x00000000cfa00000| Complete 
|  79|0x00000000cfb00000, 0x00000000cfc00000, 0x00000000cfc00000|100%|HC|  |TAMS 0x00000000cfc00000| PB 0x00000000cfb00000| Complete 
|  80|0x00000000cfc00000, 0x00000000cfd00000, 0x00000000cfd00000|100%|HC|  |TAMS 0x00000000cfd00000| PB 0x00000000cfc00000| Complete 
|  81|0x00000000cfd00000, 0x00000000cfe00000, 0x00000000cfe00000|100%|HC|  |TAMS 0x00000000cfe00000| PB 0x00000000cfd00000| Complete 
|  82|0x00000000cfe00000, 0x00000000cff00000, 0x00000000cff00000|100%|HC|  |TAMS 0x00000000cff00000| PB 0x00000000cfe00000| Complete 
|  83|0x00000000cff00000, 0x00000000d0000000, 0x00000000d0000000|100%|HC|  |TAMS 0x00000000d0000000| PB 0x00000000cff00000| Complete 
|  84|0x00000000d0000000, 0x00000000d0100000, 0x00000000d0100000|100%|HS|  |TAMS 0x00000000d0100000| PB 0x00000000d0000000| Complete 
|  85|0x00000000d0100000, 0x00000000d0200000, 0x00000000d0200000|100%|HC|  |TAMS 0x00000000d0200000| PB 0x00000000d0100000| Complete 
|  86|0x00000000d0200000, 0x00000000d0300000, 0x00000000d0300000|100%|HC|  |TAMS 0x00000000d0300000| PB 0x00000000d0200000| Complete 
|  87|0x00000000d0300000, 0x00000000d0400000, 0x00000000d0400000|100%|HC|  |TAMS 0x00000000d0400000| PB 0x00000000d0300000| Complete 
|  88|0x00000000d0400000, 0x00000000d0500000, 0x00000000d0500000|100%|HC|  |TAMS 0x00000000d0500000| PB 0x00000000d0400000| Complete 
|  89|0x00000000d0500000, 0x00000000d0600000, 0x00000000d0600000|100%|HC|  |TAMS 0x00000000d0600000| PB 0x00000000d0500000| Complete 
|  90|0x00000000d0600000, 0x00000000d0700000, 0x00000000d0700000|100%|HC|  |TAMS 0x00000000d0700000| PB 0x00000000d0600000| Complete 
|  91|0x00000000d0700000, 0x00000000d0800000, 0x00000000d0800000|100%|HC|  |TAMS 0x00000000d0800000| PB 0x00000000d0700000| Complete 
|  92|0x00000000d0800000, 0x00000000d0900000, 0x00000000d0900000|100%|HC|  |TAMS 0x00000000d0900000| PB 0x00000000d0800000| Complete 
|  93|0x00000000d0900000, 0x00000000d0a00000, 0x00000000d0a00000|100%|HC|  |TAMS 0x00000000d0a00000| PB 0x00000000d0900000| Complete 
|  94|0x00000000d0a00000, 0x00000000d0b00000, 0x00000000d0b00000|100%|HC|  |TAMS 0x00000000d0b00000| PB 0x00000000d0a00000| Complete 
|  95|0x00000000d0b00000, 0x00000000d0c00000, 0x00000000d0c00000|100%|HC|  |TAMS 0x00000000d0c00000| PB 0x00000000d0b00000| Complete 
|  96|0x00000000d0c00000, 0x00000000d0d00000, 0x00000000d0d00000|100%|HC|  |TAMS 0x00000000d0d00000| PB 0x00000000d0c00000| Complete 
|  97|0x00000000d0d00000, 0x00000000d0e00000, 0x00000000d0e00000|100%|HC|  |TAMS 0x00000000d0e00000| PB 0x00000000d0d00000| Complete 
|  98|0x00000000d0e00000, 0x00000000d0f00000, 0x00000000d0f00000|100%|HC|  |TAMS 0x00000000d0f00000| PB 0x00000000d0e00000| Complete 
|  99|0x00000000d0f00000, 0x00000000d1000000, 0x00000000d1000000|100%|HC|  |TAMS 0x00000000d1000000| PB 0x00000000d0f00000| Complete 
| 100|0x00000000d1000000, 0x00000000d1100000, 0x00000000d1100000|100%|HC|  |TAMS 0x00000000d1100000| PB 0x00000000d1000000| Complete 
| 101|0x00000000d1100000, 0x00000000d1200000, 0x00000000d1200000|100%|HC|  |TAMS 0x00000000d1200000| PB 0x00000000d1100000| Complete 
| 102|0x00000000d1200000, 0x00000000d1300000, 0x00000000d1300000|100%|HC|  |TAMS 0x00000000d1300000| PB 0x00000000d1200000| Complete 
| 103|0x00000000d1300000, 0x00000000d1400000, 0x00000000d1400000|100%|HC|  |TAMS 0x00000000d1400000| PB 0x00000000d1300000| Complete 
| 104|0x00000000d1400000, 0x00000000d1500000, 0x00000000d1500000|100%|HC|  |TAMS 0x00000000d1500000| PB 0x00000000d1400000| Complete 
| 105|0x00000000d1500000, 0x00000000d1600000, 0x00000000d1600000|100%|HC|  |TAMS 0x00000000d1600000| PB 0x00000000d1500000| Complete 
| 106|0x00000000d1600000, 0x00000000d1700000, 0x00000000d1700000|100%|HC|  |TAMS 0x00000000d1700000| PB 0x00000000d1600000| Complete 
| 107|0x00000000d1700000, 0x00000000d1800000, 0x00000000d1800000|100%|HC|  |TAMS 0x00000000d1800000| PB 0x00000000d1700000| Complete 
| 108|0x00000000d1800000, 0x00000000d1900000, 0x00000000d1900000|100%|HS|  |TAMS 0x00000000d1900000| PB 0x00000000d1800000| Complete 
| 109|0x00000000d1900000, 0x00000000d1a00000, 0x00000000d1a00000|100%|HC|  |TAMS 0x00000000d1a00000| PB 0x00000000d1900000| Complete 
| 110|0x00000000d1a00000, 0x00000000d1b00000, 0x00000000d1b00000|100%|HS|  |TAMS 0x00000000d1b00000| PB 0x00000000d1a00000| Complete 
| 111|0x00000000d1b00000, 0x00000000d1c00000, 0x00000000d1c00000|100%|HS|  |TAMS 0x00000000d1c00000| PB 0x00000000d1b00000| Complete 
| 112|0x00000000d1c00000, 0x00000000d1c00000, 0x00000000d1d00000|  0%| F|  |TAMS 0x00000000d1c00000| PB 0x00000000d1c00000| Untracked 
| 113|0x00000000d1d00000, 0x00000000d1d00000, 0x00000000d1e00000|  0%| F|  |TAMS 0x00000000d1d00000| PB 0x00000000d1d00000| Untracked 
| 114|0x00000000d1e00000, 0x00000000d1e00000, 0x00000000d1f00000|  0%| F|  |TAMS 0x00000000d1e00000| PB 0x00000000d1e00000| Untracked 
| 115|0x00000000d1f00000, 0x00000000d1f00000, 0x00000000d2000000|  0%| F|  |TAMS 0x00000000d1f00000| PB 0x00000000d1f00000| Untracked 
| 116|0x00000000d2000000, 0x00000000d2000000, 0x00000000d2100000|  0%| F|  |TAMS 0x00000000d2000000| PB 0x00000000d2000000| Untracked 
| 117|0x00000000d2100000, 0x00000000d2100000, 0x00000000d2200000|  0%| F|  |TAMS 0x00000000d2100000| PB 0x00000000d2100000| Untracked 
| 118|0x00000000d2200000, 0x00000000d2200000, 0x00000000d2300000|  0%| F|  |TAMS 0x00000000d2200000| PB 0x00000000d2200000| Untracked 
| 119|0x00000000d2300000, 0x00000000d2300000, 0x00000000d2400000|  0%| F|  |TAMS 0x00000000d2300000| PB 0x00000000d2300000| Untracked 
| 120|0x00000000d2400000, 0x00000000d2400000, 0x00000000d2500000|  0%| F|  |TAMS 0x00000000d2400000| PB 0x00000000d2400000| Untracked 
| 121|0x00000000d2500000, 0x00000000d2500000, 0x00000000d2600000|  0%| F|  |TAMS 0x00000000d2500000| PB 0x00000000d2500000| Untracked 
| 122|0x00000000d2600000, 0x00000000d2600000, 0x00000000d2700000|  0%| F|  |TAMS 0x00000000d2600000| PB 0x00000000d2600000| Untracked 
| 123|0x00000000d2700000, 0x00000000d2700000, 0x00000000d2800000|  0%| F|  |TAMS 0x00000000d2700000| PB 0x00000000d2700000| Untracked 
| 124|0x00000000d2800000, 0x00000000d2800000, 0x00000000d2900000|  0%| F|  |TAMS 0x00000000d2800000| PB 0x00000000d2800000| Untracked 
| 125|0x00000000d2900000, 0x00000000d2900000, 0x00000000d2a00000|  0%| F|  |TAMS 0x00000000d2900000| PB 0x00000000d2900000| Untracked 
| 126|0x00000000d2a00000, 0x00000000d2a00000, 0x00000000d2b00000|  0%| F|  |TAMS 0x00000000d2a00000| PB 0x00000000d2a00000| Untracked 
| 127|0x00000000d2b00000, 0x00000000d2b00000, 0x00000000d2c00000|  0%| F|  |TAMS 0x00000000d2b00000| PB 0x00000000d2b00000| Untracked 
| 128|0x00000000d2c00000, 0x00000000d2c00000, 0x00000000d2d00000|  0%| F|  |TAMS 0x00000000d2c00000| PB 0x00000000d2c00000| Untracked 
| 129|0x00000000d2d00000, 0x00000000d2d00000, 0x00000000d2e00000|  0%| F|  |TAMS 0x00000000d2d00000| PB 0x00000000d2d00000| Untracked 
| 130|0x00000000d2e00000, 0x00000000d2e00000, 0x00000000d2f00000|  0%| F|  |TAMS 0x00000000d2e00000| PB 0x00000000d2e00000| Untracked 
| 131|0x00000000d2f00000, 0x00000000d2f00000, 0x00000000d3000000|  0%| F|  |TAMS 0x00000000d2f00000| PB 0x00000000d2f00000| Untracked 
| 132|0x00000000d3000000, 0x00000000d3000000, 0x00000000d3100000|  0%| F|  |TAMS 0x00000000d3000000| PB 0x00000000d3000000| Untracked 
| 133|0x00000000d3100000, 0x00000000d3100000, 0x00000000d3200000|  0%| F|  |TAMS 0x00000000d3100000| PB 0x00000000d3100000| Untracked 
| 134|0x00000000d3200000, 0x00000000d3200000, 0x00000000d3300000|  0%| F|  |TAMS 0x00000000d3200000| PB 0x00000000d3200000| Untracked 
| 135|0x00000000d3300000, 0x00000000d3300000, 0x00000000d3400000|  0%| F|  |TAMS 0x00000000d3300000| PB 0x00000000d3300000| Untracked 
| 136|0x00000000d3400000, 0x00000000d3400000, 0x00000000d3500000|  0%| F|  |TAMS 0x00000000d3400000| PB 0x00000000d3400000| Untracked 
| 137|0x00000000d3500000, 0x00000000d3500000, 0x00000000d3600000|  0%| F|  |TAMS 0x00000000d3500000| PB 0x00000000d3500000| Untracked 
| 138|0x00000000d3600000, 0x00000000d3600000, 0x00000000d3700000|  0%| F|  |TAMS 0x00000000d3600000| PB 0x00000000d3600000| Untracked 
| 139|0x00000000d3700000, 0x00000000d3700000, 0x00000000d3800000|  0%| F|  |TAMS 0x00000000d3700000| PB 0x00000000d3700000| Untracked 
| 140|0x00000000d3800000, 0x00000000d3800000, 0x00000000d3900000|  0%| F|  |TAMS 0x00000000d3800000| PB 0x00000000d3800000| Untracked 
| 141|0x00000000d3900000, 0x00000000d3900000, 0x00000000d3a00000|  0%| F|  |TAMS 0x00000000d3900000| PB 0x00000000d3900000| Untracked 
| 142|0x00000000d3a00000, 0x00000000d3a00000, 0x00000000d3b00000|  0%| F|  |TAMS 0x00000000d3a00000| PB 0x00000000d3a00000| Untracked 
| 143|0x00000000d3b00000, 0x00000000d3b00000, 0x00000000d3c00000|  0%| F|  |TAMS 0x00000000d3b00000| PB 0x00000000d3b00000| Untracked 
| 144|0x00000000d3c00000, 0x00000000d3c00000, 0x00000000d3d00000|  0%| F|  |TAMS 0x00000000d3c00000| PB 0x00000000d3c00000| Untracked 
| 145|0x00000000d3d00000, 0x00000000d3d00000, 0x00000000d3e00000|  0%| F|  |TAMS 0x00000000d3d00000| PB 0x00000000d3d00000| Untracked 
| 146|0x00000000d3e00000, 0x00000000d3e00000, 0x00000000d3f00000|  0%| F|  |TAMS 0x00000000d3e00000| PB 0x00000000d3e00000| Untracked 
| 147|0x00000000d3f00000, 0x00000000d3f00000, 0x00000000d4000000|  0%| F|  |TAMS 0x00000000d3f00000| PB 0x00000000d3f00000| Untracked 
| 148|0x00000000d4000000, 0x00000000d4000000, 0x00000000d4100000|  0%| F|  |TAMS 0x00000000d4000000| PB 0x00000000d4000000| Untracked 
| 149|0x00000000d4100000, 0x00000000d4100000, 0x00000000d4200000|  0%| F|  |TAMS 0x00000000d4100000| PB 0x00000000d4100000| Untracked 
| 150|0x00000000d4200000, 0x00000000d4200000, 0x00000000d4300000|  0%| F|  |TAMS 0x00000000d4200000| PB 0x00000000d4200000| Untracked 
| 151|0x00000000d4300000, 0x00000000d4300000, 0x00000000d4400000|  0%| F|  |TAMS 0x00000000d4300000| PB 0x00000000d4300000| Untracked 
| 152|0x00000000d4400000, 0x00000000d4400000, 0x00000000d4500000|  0%| F|  |TAMS 0x00000000d4400000| PB 0x00000000d4400000| Untracked 
| 153|0x00000000d4500000, 0x00000000d4500000, 0x00000000d4600000|  0%| F|  |TAMS 0x00000000d4500000| PB 0x00000000d4500000| Untracked 
| 154|0x00000000d4600000, 0x00000000d4600000, 0x00000000d4700000|  0%| F|  |TAMS 0x00000000d4600000| PB 0x00000000d4600000| Untracked 
| 155|0x00000000d4700000, 0x00000000d4700000, 0x00000000d4800000|  0%| F|  |TAMS 0x00000000d4700000| PB 0x00000000d4700000| Untracked 
| 156|0x00000000d4800000, 0x00000000d4800000, 0x00000000d4900000|  0%| F|  |TAMS 0x00000000d4800000| PB 0x00000000d4800000| Untracked 
| 157|0x00000000d4900000, 0x00000000d4900000, 0x00000000d4a00000|  0%| F|  |TAMS 0x00000000d4900000| PB 0x00000000d4900000| Untracked 
| 158|0x00000000d4a00000, 0x00000000d4a00000, 0x00000000d4b00000|  0%| F|  |TAMS 0x00000000d4a00000| PB 0x00000000d4a00000| Untracked 
| 159|0x00000000d4b00000, 0x00000000d4b00000, 0x00000000d4c00000|  0%| F|  |TAMS 0x00000000d4b00000| PB 0x00000000d4b00000| Untracked 
| 160|0x00000000d4c00000, 0x00000000d4c00000, 0x00000000d4d00000|  0%| F|  |TAMS 0x00000000d4c00000| PB 0x00000000d4c00000| Untracked 
| 161|0x00000000d4d00000, 0x00000000d4d00000, 0x00000000d4e00000|  0%| F|  |TAMS 0x00000000d4d00000| PB 0x00000000d4d00000| Untracked 
| 162|0x00000000d4e00000, 0x00000000d4e00000, 0x00000000d4f00000|  0%| F|  |TAMS 0x00000000d4e00000| PB 0x00000000d4e00000| Untracked 
| 163|0x00000000d4f00000, 0x00000000d4f00000, 0x00000000d5000000|  0%| F|  |TAMS 0x00000000d4f00000| PB 0x00000000d4f00000| Untracked 
| 164|0x00000000d5000000, 0x00000000d5000000, 0x00000000d5100000|  0%| F|  |TAMS 0x00000000d5000000| PB 0x00000000d5000000| Untracked 
| 165|0x00000000d5100000, 0x00000000d5100000, 0x00000000d5200000|  0%| F|  |TAMS 0x00000000d5100000| PB 0x00000000d5100000| Untracked 
| 166|0x00000000d5200000, 0x00000000d5200000, 0x00000000d5300000|  0%| F|  |TAMS 0x00000000d5200000| PB 0x00000000d5200000| Untracked 
| 167|0x00000000d5300000, 0x00000000d5300000, 0x00000000d5400000|  0%| F|  |TAMS 0x00000000d5300000| PB 0x00000000d5300000| Untracked 
| 168|0x00000000d5400000, 0x00000000d5400000, 0x00000000d5500000|  0%| F|  |TAMS 0x00000000d5400000| PB 0x00000000d5400000| Untracked 
| 169|0x00000000d5500000, 0x00000000d5500000, 0x00000000d5600000|  0%| F|  |TAMS 0x00000000d5500000| PB 0x00000000d5500000| Untracked 
| 170|0x00000000d5600000, 0x00000000d5600000, 0x00000000d5700000|  0%| F|  |TAMS 0x00000000d5600000| PB 0x00000000d5600000| Untracked 
| 171|0x00000000d5700000, 0x00000000d5700000, 0x00000000d5800000|  0%| F|  |TAMS 0x00000000d5700000| PB 0x00000000d5700000| Untracked 
| 172|0x00000000d5800000, 0x00000000d5800000, 0x00000000d5900000|  0%| F|  |TAMS 0x00000000d5800000| PB 0x00000000d5800000| Untracked 
| 173|0x00000000d5900000, 0x00000000d5900000, 0x00000000d5a00000|  0%| F|  |TAMS 0x00000000d5900000| PB 0x00000000d5900000| Untracked 
| 174|0x00000000d5a00000, 0x00000000d5a00000, 0x00000000d5b00000|  0%| F|  |TAMS 0x00000000d5a00000| PB 0x00000000d5a00000| Untracked 
| 175|0x00000000d5b00000, 0x00000000d5b00000, 0x00000000d5c00000|  0%| F|  |TAMS 0x00000000d5b00000| PB 0x00000000d5b00000| Untracked 
| 176|0x00000000d5c00000, 0x00000000d5c00000, 0x00000000d5d00000|  0%| F|  |TAMS 0x00000000d5c00000| PB 0x00000000d5c00000| Untracked 
| 177|0x00000000d5d00000, 0x00000000d5d00000, 0x00000000d5e00000|  0%| F|  |TAMS 0x00000000d5d00000| PB 0x00000000d5d00000| Untracked 
| 178|0x00000000d5e00000, 0x00000000d5e00000, 0x00000000d5f00000|  0%| F|  |TAMS 0x00000000d5e00000| PB 0x00000000d5e00000| Untracked 
| 179|0x00000000d5f00000, 0x00000000d5f00000, 0x00000000d6000000|  0%| F|  |TAMS 0x00000000d5f00000| PB 0x00000000d5f00000| Untracked 
| 180|0x00000000d6000000, 0x00000000d6000000, 0x00000000d6100000|  0%| F|  |TAMS 0x00000000d6000000| PB 0x00000000d6000000| Untracked 
| 181|0x00000000d6100000, 0x00000000d6100000, 0x00000000d6200000|  0%| F|  |TAMS 0x00000000d6100000| PB 0x00000000d6100000| Untracked 
| 182|0x00000000d6200000, 0x00000000d6200000, 0x00000000d6300000|  0%| F|  |TAMS 0x00000000d6200000| PB 0x00000000d6200000| Untracked 
| 183|0x00000000d6300000, 0x00000000d6300000, 0x00000000d6400000|  0%| F|  |TAMS 0x00000000d6300000| PB 0x00000000d6300000| Untracked 
| 184|0x00000000d6400000, 0x00000000d6400000, 0x00000000d6500000|  0%| F|  |TAMS 0x00000000d6400000| PB 0x00000000d6400000| Untracked 
| 185|0x00000000d6500000, 0x00000000d6500000, 0x00000000d6600000|  0%| F|  |TAMS 0x00000000d6500000| PB 0x00000000d6500000| Untracked 
| 186|0x00000000d6600000, 0x00000000d6600000, 0x00000000d6700000|  0%| F|  |TAMS 0x00000000d6600000| PB 0x00000000d6600000| Untracked 
| 187|0x00000000d6700000, 0x00000000d6700000, 0x00000000d6800000|  0%| F|  |TAMS 0x00000000d6700000| PB 0x00000000d6700000| Untracked 
| 188|0x00000000d6800000, 0x00000000d6800000, 0x00000000d6900000|  0%| F|  |TAMS 0x00000000d6800000| PB 0x00000000d6800000| Untracked 
| 189|0x00000000d6900000, 0x00000000d6900000, 0x00000000d6a00000|  0%| F|  |TAMS 0x00000000d6900000| PB 0x00000000d6900000| Untracked 
| 190|0x00000000d6a00000, 0x00000000d6abb278, 0x00000000d6b00000| 73%| S|CS|TAMS 0x00000000d6a00000| PB 0x00000000d6a00000| Complete 
| 191|0x00000000d6b00000, 0x00000000d6c00000, 0x00000000d6c00000|100%| S|CS|TAMS 0x00000000d6b00000| PB 0x00000000d6b00000| Complete 
| 192|0x00000000d6c00000, 0x00000000d6d00000, 0x00000000d6d00000|100%| S|CS|TAMS 0x00000000d6c00000| PB 0x00000000d6c00000| Complete 
| 193|0x00000000d6d00000, 0x00000000d6e00000, 0x00000000d6e00000|100%| S|CS|TAMS 0x00000000d6d00000| PB 0x00000000d6d00000| Complete 
| 194|0x00000000d6e00000, 0x00000000d6e00000, 0x00000000d6f00000|  0%| F|  |TAMS 0x00000000d6e00000| PB 0x00000000d6e00000| Untracked 
| 195|0x00000000d6f00000, 0x00000000d6f00000, 0x00000000d7000000|  0%| F|  |TAMS 0x00000000d6f00000| PB 0x00000000d6f00000| Untracked 
| 196|0x00000000d7000000, 0x00000000d7000000, 0x00000000d7100000|  0%| F|  |TAMS 0x00000000d7000000| PB 0x00000000d7000000| Untracked 
| 197|0x00000000d7100000, 0x00000000d7100000, 0x00000000d7200000|  0%| F|  |TAMS 0x00000000d7100000| PB 0x00000000d7100000| Untracked 
| 850|0x00000000ffe00000, 0x00000000ffed1a00, 0x00000000fff00000| 81%| O|  |TAMS 0x00000000ffed1a00| PB 0x00000000ffe00000| Untracked 
| 851|0x00000000fff00000, 0x0000000100000000, 0x0000000100000000|100%| O|  |TAMS 0x0000000100000000| PB 0x00000000fff00000| Untracked 

Card table byte_map: [0x0000017d3bfb0000,0x0000017d3c160000] _byte_map_base: 0x0000017d3b95a000

Marking Bits: (CMBitMap*) 0x0000017d2447ae30
 Bits: [0x0000017d3c160000, 0x0000017d3ceb0000)

Polling page: 0x0000017d223f0000

Metaspace:

Usage:
  Non-class:     14.43 MB used.
      Class:      1.80 MB used.
       Both:     16.23 MB used.

Virtual space:
  Non-class space:       64.00 MB reserved,      14.56 MB ( 23%) committed,  1 nodes.
      Class space:        1.00 GB reserved,       1.94 MB ( <1%) committed,  1 nodes.
             Both:        1.06 GB reserved,      16.50 MB (  2%) committed. 

Chunk freelists:
   Non-Class:  1.00 MB
       Class:  14.03 MB
        Both:  15.03 MB

MaxMetaspaceSize: unlimited
CompressedClassSpaceSize: 1.00 GB
Initial GC threshold: 21.00 MB
Current GC threshold: 26.69 MB
CDS: on
 - commit_granule_bytes: 65536.
 - commit_granule_words: 8192.
 - virtual_space_node_default_size: 8388608.
 - enlarge_chunks_in_place: 1.
 - use_allocation_guard: 0.


Internal statistics:

num_allocs_failed_limit: 0.
num_arena_births: 204.
num_arena_deaths: 0.
num_vsnodes_births: 2.
num_vsnodes_deaths: 0.
num_space_committed: 264.
num_space_uncommitted: 0.
num_chunks_returned_to_freelist: 0.
num_chunks_taken_from_freelist: 393.
num_chunk_merges: 0.
num_chunk_splits: 252.
num_chunks_enlarged: 150.
num_inconsistent_stats: 0.

CodeHeap 'non-profiled nmethods': size=120000Kb used=866Kb max_used=866Kb free=119133Kb
 bounds [0x0000017d34380000, 0x0000017d345f0000, 0x0000017d3b8b0000]
CodeHeap 'profiled nmethods': size=120000Kb used=3621Kb max_used=3621Kb free=116378Kb
 bounds [0x0000017d2c8b0000, 0x0000017d2cc40000, 0x0000017d33de0000]
CodeHeap 'non-nmethods': size=5760Kb used=1708Kb max_used=1751Kb free=4051Kb
 bounds [0x0000017d33de0000, 0x0000017d34050000, 0x0000017d34380000]
 total_blobs=2843 nmethods=2097 adapters=650
 compilation: enabled
              stopped_count=0, restarted_count=0
 full_count=0

Compilation events (20 events):
Event: 200.691 Thread 0x0000017d3fac1a70 2182       4       javax.swing.TimerQueue$DelayedTimer::getDelay (16 bytes)
Event: 200.695 Thread 0x0000017d3fac1a70 nmethod 2182 0x0000017d34454510 code [0x0000017d344546a0, 0x0000017d34454808]
Event: 200.695 Thread 0x0000017d3fac1a70 2183       4       java.util.concurrent.locks.AbstractQueuedSynchronizer$ConditionObject::awaitNanos (207 bytes)
Event: 200.732 Thread 0x0000017d3fac1a70 nmethod 2183 0x0000017d34454910 code [0x0000017d34454be0, 0x0000017d34455e40]
Event: 201.069 Thread 0x0000017d3facd3e0 2184       3       javax.swing.Timer::timerQueue (4 bytes)
Event: 201.071 Thread 0x0000017d3facd3e0 nmethod 2184 0x0000017d2cc38010 code [0x0000017d2cc381c0, 0x0000017d2cc382f8]
Event: 201.071 Thread 0x0000017d3facd3e0 2185   !   3       javax.swing.TimerQueue::sharedInstance (44 bytes)
Event: 201.076 Thread 0x0000017d3facd3e0 nmethod 2185 0x0000017d2cc38390 code [0x0000017d2cc38620, 0x0000017d2cc39178]
Event: 201.228 Thread 0x0000017d3fac1a70 2186       4       java.util.concurrent.locks.LockSupport::setCurrentBlocker (14 bytes)
Event: 201.230 Thread 0x0000017d3fac1a70 nmethod 2186 0x0000017d34456a10 code [0x0000017d34456ba0, 0x0000017d34456ce0]
Event: 207.677 Thread 0x0000017d3fac1a70 2187       4       java.awt.EventQueue::eventToCacheIndex (80 bytes)
Event: 207.679 Thread 0x0000017d3fac1a70 nmethod 2187 0x0000017d34456d90 code [0x0000017d34456f20, 0x0000017d34457038]
Event: 213.063 Thread 0x0000017d3fac1a70 2188       4       jdk.internal.logger.AbstractLoggerWrapper::isLoggable (26 bytes)
Event: 213.084 Thread 0x0000017d3fac1a70 nmethod 2188 0x0000017d34457110 code [0x0000017d34457320, 0x0000017d34457d08]
Event: 219.584 Thread 0x0000017d3fac1a70 2189       4       javax.swing.JComponent::getHeight (5 bytes)
Event: 219.594 Thread 0x0000017d3fac1a70 nmethod 2189 0x0000017d34458090 code [0x0000017d34458220, 0x0000017d344582a8]
Event: 222.736 Thread 0x0000017d3fac1a70 2190       4       javax.swing.JComponent::getWidth (5 bytes)
Event: 222.737 Thread 0x0000017d3fac1a70 nmethod 2190 0x0000017d34458390 code [0x0000017d34458520, 0x0000017d344585a8]
Event: 275.789 Thread 0x0000017d3fac1a70 2191       4       java.awt.Component::isVisible (5 bytes)
Event: 275.802 Thread 0x0000017d3fac1a70 nmethod 2191 0x0000017d34458690 code [0x0000017d34458820, 0x0000017d344588b0]

GC Heap History (20 events):
Event: 2.214 GC heap after
{Heap after GC invocations=1 (full 0):
 garbage-first heap   total 55296K, used 13272K [0x00000000cac00000, 0x0000000100000000)
  region size 1024K, 2 young (2048K), 2 survivors (2048K)
 Metaspace       used 6408K, committed 6720K, reserved 1114112K
  class space    used 684K, committed 832K, reserved 1048576K
}
Event: 2.787 GC heap before
{Heap before GC invocations=1 (full 0):
 garbage-first heap   total 55296K, used 29656K [0x00000000cac00000, 0x0000000100000000)
  region size 1024K, 11 young (11264K), 2 survivors (2048K)
 Metaspace       used 6764K, committed 6976K, reserved 1114112K
  class space    used 716K, committed 832K, reserved 1048576K
}
Event: 2.798 GC heap after
{Heap after GC invocations=2 (full 0):
 garbage-first heap   total 55296K, used 22191K [0x00000000cac00000, 0x0000000100000000)
  region size 1024K, 3 young (3072K), 3 survivors (3072K)
 Metaspace       used 6764K, committed 6976K, reserved 1114112K
  class space    used 716K, committed 832K, reserved 1048576K
}
Event: 3.611 GC heap before
{Heap before GC invocations=2 (full 0):
 garbage-first heap   total 86016K, used 84655K [0x00000000cac00000, 0x0000000100000000)
  region size 1024K, 26 young (26624K), 3 survivors (3072K)
 Metaspace       used 6764K, committed 6976K, reserved 1114112K
  class space    used 716K, committed 832K, reserved 1048576K
}
Event: 3.618 GC heap after
{Heap after GC invocations=3 (full 0):
 garbage-first heap   total 89088K, used 62183K [0x00000000cac00000, 0x0000000100000000)
  region size 1024K, 1 young (1024K), 1 survivors (1024K)
 Metaspace       used 6764K, committed 6976K, reserved 1114112K
  class space    used 716K, committed 832K, reserved 1048576K
}
Event: 3.854 GC heap before
{Heap before GC invocations=3 (full 0):
 garbage-first heap   total 89088K, used 77543K [0x00000000cac00000, 0x0000000100000000)
  region size 1024K, 18 young (18432K), 1 survivors (1024K)
 Metaspace       used 6764K, committed 6976K, reserved 1114112K
  class space    used 716K, committed 832K, reserved 1048576K
}
Event: 3.857 GC heap after
{Heap after GC invocations=4 (full 0):
 garbage-first heap   total 89088K, used 60044K [0x00000000cac00000, 0x0000000100000000)
  region size 1024K, 1 young (1024K), 1 survivors (1024K)
 Metaspace       used 6764K, committed 6976K, reserved 1114112K
  class space    used 716K, committed 832K, reserved 1048576K
}
Event: 3.870 GC heap before
{Heap before GC invocations=5 (full 0):
 garbage-first heap   total 106496K, used 62092K [0x00000000cac00000, 0x0000000100000000)
  region size 1024K, 2 young (2048K), 1 survivors (1024K)
 Metaspace       used 6764K, committed 6976K, reserved 1114112K
  class space    used 716K, committed 832K, reserved 1048576K
}
Event: 3.874 GC heap after
{Heap after GC invocations=6 (full 0):
 garbage-first heap   total 106496K, used 62220K [0x00000000cac00000, 0x0000000100000000)
  region size 1024K, 1 young (1024K), 1 survivors (1024K)
 Metaspace       used 6764K, committed 6976K, reserved 1114112K
  class space    used 716K, committed 832K, reserved 1048576K
}
Event: 4.241 GC heap before
{Heap before GC invocations=7 (full 0):
 garbage-first heap   total 109568K, used 65292K [0x00000000cac00000, 0x0000000100000000)
  region size 1024K, 3 young (3072K), 1 survivors (1024K)
 Metaspace       used 6764K, committed 6976K, reserved 1114112K
  class space    used 716K, committed 832K, reserved 1048576K
}
Event: 4.243 GC heap after
{Heap after GC invocations=8 (full 0):
 garbage-first heap   total 109568K, used 62132K [0x00000000cac00000, 0x0000000100000000)
  region size 1024K, 1 young (1024K), 1 survivors (1024K)
 Metaspace       used 6764K, committed 6976K, reserved 1114112K
  class space    used 716K, committed 832K, reserved 1048576K
}
Event: 4.381 GC heap before
{Heap before GC invocations=9 (full 0):
 garbage-first heap   total 147456K, used 110260K [0x00000000cac00000, 0x0000000100000000)
  region size 1024K, 26 young (26624K), 1 survivors (1024K)
 Metaspace       used 6764K, committed 6976K, reserved 1114112K
  class space    used 716K, committed 832K, reserved 1048576K
}
Event: 4.383 GC heap after
{Heap after GC invocations=10 (full 0):
 garbage-first heap   total 190464K, used 86741K [0x00000000cac00000, 0x0000000100000000)
  region size 1024K, 1 young (1024K), 1 survivors (1024K)
 Metaspace       used 6764K, committed 6976K, reserved 1114112K
  class space    used 716K, committed 832K, reserved 1048576K
}
Event: 4.564 GC heap before
{Heap before GC invocations=11 (full 0):
 garbage-first heap   total 190464K, used 89813K [0x00000000cac00000, 0x0000000100000000)
  region size 1024K, 3 young (3072K), 1 survivors (1024K)
 Metaspace       used 6764K, committed 6976K, reserved 1114112K
  class space    used 716K, committed 832K, reserved 1048576K
}
Event: 4.571 GC heap after
{Heap after GC invocations=12 (full 0):
 garbage-first heap   total 190464K, used 88728K [0x00000000cac00000, 0x0000000100000000)
  region size 1024K, 1 young (1024K), 1 survivors (1024K)
 Metaspace       used 6764K, committed 6976K, reserved 1114112K
  class space    used 716K, committed 832K, reserved 1048576K
}
Event: 4.750 GC heap before
{Heap before GC invocations=13 (full 0):
 garbage-first heap   total 191488K, used 138904K [0x00000000cac00000, 0x0000000100000000)
  region size 1024K, 27 young (27648K), 1 survivors (1024K)
 Metaspace       used 6764K, committed 6976K, reserved 1114112K
  class space    used 716K, committed 832K, reserved 1048576K
}
Event: 4.753 GC heap after
{Heap after GC invocations=14 (full 0):
 garbage-first heap   total 191488K, used 113432K [0x00000000cac00000, 0x0000000100000000)
  region size 1024K, 1 young (1024K), 1 survivors (1024K)
 Metaspace       used 6764K, committed 6976K, reserved 1114112K
  class space    used 716K, committed 832K, reserved 1048576K
}
Event: 7.128 GC heap before
{Heap before GC invocations=15 (full 0):
 garbage-first heap   total 194560K, used 130840K [0x00000000cac00000, 0x0000000100000000)
  region size 1024K, 17 young (17408K), 1 survivors (1024K)
 Metaspace       used 16135K, committed 16384K, reserved 1114112K
  class space    used 1814K, committed 1920K, reserved 1048576K
}
Event: 7.134 GC heap after
{Heap after GC invocations=16 (full 0):
 garbage-first heap   total 194560K, used 118323K [0x00000000cac00000, 0x0000000100000000)
  region size 1024K, 4 young (4096K), 4 survivors (4096K)
 Metaspace       used 16135K, committed 16384K, reserved 1114112K
  class space    used 1814K, committed 1920K, reserved 1048576K
}
Event: 278.372 GC heap before
{Heap before GC invocations=17 (full 0):
 garbage-first heap   total 204800K, used 125491K [0x00000000cac00000, 0x0000000100000000)
  region size 1024K, 10 young (10240K), 4 survivors (4096K)
 Metaspace       used 16622K, committed 16896K, reserved 1114112K
  class space    used 1841K, committed 1984K, reserved 1048576K
}

Dll operation events (13 events):
Event: 0.015 Loaded shared library D:\Program Files\Java\jdk-21\bin\java.dll
Event: 0.081 Loaded shared library D:\Program Files\Java\jdk-21\bin\jsvml.dll
Event: 0.156 Loaded shared library D:\Program Files\Java\jdk-21\bin\zip.dll
Event: 0.165 Loaded shared library D:\Program Files\Java\jdk-21\bin\instrument.dll
Event: 0.175 Loaded shared library D:\Program Files\Java\jdk-21\bin\net.dll
Event: 0.178 Loaded shared library D:\Program Files\Java\jdk-21\bin\nio.dll
Event: 0.185 Loaded shared library D:\Program Files\Java\jdk-21\bin\zip.dll
Event: 0.223 Loaded shared library D:\Program Files\IntelliJ IDEA Community Edition 2024.1.2\bin\breakgen64.dll
Event: 0.238 Loaded shared library D:\Program Files\Java\jdk-21\bin\extnet.dll
Event: 0.326 Loaded shared library D:\Program Files\Java\jdk-21\bin\jimage.dll
Event: 0.388 Loaded shared library D:\Program Files\Java\jdk-21\bin\awt.dll
Event: 6.431 Loaded shared library D:\Program Files\Java\jdk-21\bin\freetype.dll
Event: 6.434 Loaded shared library D:\Program Files\Java\jdk-21\bin\fontmanager.dll

Deoptimization events (20 events):
Event: 7.067 Thread 0x0000017d861e8ee0 Uncommon trap: trap_request=0xffffff45 fr.pc=0x0000017d3440b788 relative=0x00000000000002a8
Event: 7.067 Thread 0x0000017d861e8ee0 Uncommon trap: reason=unstable_if action=reinterpret pc=0x0000017d3440b788 method=java.util.concurrent.ConcurrentHashMap.get(Ljava/lang/Object;)Ljava/lang/Object; @ 76 c2
Event: 7.067 Thread 0x0000017d861e8ee0 DEOPT PACKING pc=0x0000017d3440b788 sp=0x00000019b66fd460
Event: 7.067 Thread 0x0000017d861e8ee0 DEOPT UNPACKING pc=0x0000017d33e346a2 sp=0x00000019b66fd3d8 mode 2
Event: 7.067 Thread 0x0000017d861e8ee0 Uncommon trap: trap_request=0xffffffde fr.pc=0x0000017d344112a8 relative=0x0000000000000fa8
Event: 7.067 Thread 0x0000017d861e8ee0 Uncommon trap: reason=class_check action=maybe_recompile pc=0x0000017d344112a8 method=java.util.concurrent.ConcurrentHashMap.putVal(Ljava/lang/Object;Ljava/lang/Object;Z)Ljava/lang/Object; @ 242 c2
Event: 7.067 Thread 0x0000017d861e8ee0 DEOPT PACKING pc=0x0000017d344112a8 sp=0x00000019b66fd3b0
Event: 7.068 Thread 0x0000017d861e8ee0 DEOPT UNPACKING pc=0x0000017d33e346a2 sp=0x00000019b66fd320 mode 2
Event: 150.578 Thread 0x0000017d86174e50 Uncommon trap: trap_request=0xffffff45 fr.pc=0x0000017d3444dd70 relative=0x0000000000000150
Event: 150.579 Thread 0x0000017d86174e50 Uncommon trap: reason=unstable_if action=reinterpret pc=0x0000017d3444dd70 method=java.util.concurrent.locks.ReentrantLock$NonfairSync.tryAcquire(I)Z @ 13 c2
Event: 150.579 Thread 0x0000017d86174e50 DEOPT PACKING pc=0x0000017d3444dd70 sp=0x00000019b64fef90
Event: 150.581 Thread 0x0000017d86174e50 DEOPT UNPACKING pc=0x0000017d33e346a2 sp=0x00000019b64fef30 mode 2
Event: 278.303 Thread 0x0000017d861e8ee0 Uncommon trap: trap_request=0xffffff45 fr.pc=0x0000017d34447c2c relative=0x000000000000416c
Event: 278.303 Thread 0x0000017d861e8ee0 Uncommon trap: reason=unstable_if action=reinterpret pc=0x0000017d34447c2c method=java.awt.EventQueue.getPriority(Ljava/awt/AWTEvent;)I @ 4 c2
Event: 278.303 Thread 0x0000017d861e8ee0 DEOPT PACKING pc=0x0000017d34447c2c sp=0x00000019b66fecd0
Event: 278.305 Thread 0x0000017d861e8ee0 DEOPT UNPACKING pc=0x0000017d33e346a2 sp=0x00000019b66febc8 mode 2
Event: 278.309 Thread 0x0000017d861e8ee0 Uncommon trap: trap_request=0xffffff45 fr.pc=0x0000017d34456fbc relative=0x000000000000009c
Event: 278.309 Thread 0x0000017d861e8ee0 Uncommon trap: reason=unstable_if action=reinterpret pc=0x0000017d34456fbc method=java.awt.EventQueue.eventToCacheIndex(Ljava/awt/AWTEvent;)I @ 71 c2
Event: 278.309 Thread 0x0000017d861e8ee0 DEOPT PACKING pc=0x0000017d34456fbc sp=0x00000019b66fea80
Event: 278.309 Thread 0x0000017d861e8ee0 DEOPT UNPACKING pc=0x0000017d33e346a2 sp=0x00000019b66fea20 mode 2

Classes loaded (20 events):
Event: 12.080 Loading class sun/java2d/loops/SetDrawPolygonsANY
Event: 12.080 Loading class sun/java2d/loops/SetDrawPolygonsANY done
Event: 12.080 Loading class sun/java2d/loops/SetDrawPathANY
Event: 12.080 Loading class sun/java2d/loops/SetDrawPathANY done
Event: 12.080 Loading class sun/java2d/loops/SetFillPathANY
Event: 12.080 Loading class sun/java2d/loops/SetFillPathANY done
Event: 12.080 Loading class sun/java2d/loops/SetFillSpansANY
Event: 12.080 Loading class sun/java2d/loops/SetFillSpansANY done
Event: 12.081 Loading class sun/java2d/loops/DrawGlyphList$General
Event: 12.081 Loading class sun/java2d/loops/DrawGlyphList$General done
Event: 12.082 Loading class sun/java2d/loops/DrawGlyphListAA$General
Event: 12.082 Loading class sun/java2d/loops/DrawGlyphListAA$General done
Event: 16.229 Loading class java/awt/LightweightDispatcher$2
Event: 16.230 Loading class java/awt/LightweightDispatcher$2 done
Event: 278.093 Loading class java/util/WeakHashMap$KeyIterator
Event: 278.119 Loading class java/util/WeakHashMap$HashIterator
Event: 278.142 Loading class java/util/WeakHashMap$HashIterator done
Event: 278.143 Loading class java/util/WeakHashMap$KeyIterator done
Event: 278.279 Loading class javax/swing/RepaintManager$DisplayChangedRunnable
Event: 278.298 Loading class javax/swing/RepaintManager$DisplayChangedRunnable done

Classes unloaded (0 events):
No events

Classes redefined (0 events):
No events

Internal exceptions (20 events):
Event: 0.339 Thread 0x0000017d221513e0 Exception <a 'java/lang/ClassNotFoundException'{0x00000000cdfe9678}: sun/awt/resources/spi/awtProvider> (0x00000000cdfe9678) 
thrown [s\open\src\hotspot\share\classfile\systemDictionary.cpp, line 312]
Event: 0.427 Thread 0x0000017d221513e0 Exception <a 'java/io/FileNotFoundException'{0x00000000cdec7900}> (0x00000000cdec7900) 
thrown [s\open\src\hotspot\share\prims\jni.cpp, line 520]
Event: 0.463 Thread 0x0000017d221513e0 Exception <a 'java/io/FileNotFoundException'{0x00000000cdd04300}> (0x00000000cdd04300) 
thrown [s\open\src\hotspot\share\prims\jni.cpp, line 520]
Event: 0.914 Thread 0x0000017d221513e0 Exception <a 'java/lang/NoSuchMethodError'{0x00000000cdc20470}: 'void java.lang.invoke.DirectMethodHandle$Holder.invokeSpecial(java.lang.Object, java.lang.Object, java.lang.Object)'> (0x00000000cdc20470) 
thrown [s\open\src\hotspot\share\interpreter\linkResolver.cpp, line 773]
Event: 0.935 Thread 0x0000017d221513e0 Exception <a 'java/lang/NoSuchMethodError'{0x00000000cdc45950}: 'java.lang.Object java.lang.invoke.DirectMethodHandle$Holder.newInvokeSpecial(java.lang.Object, java.lang.Object, java.lang.Object, java.lang.Object, java.lang.Object)'> (0x00000000cdc45950) 
thrown [s\open\src\hotspot\share\interpreter\linkResolver.cpp, line 773]
Event: 0.949 Thread 0x0000017d221513e0 Exception <a 'java/lang/NoSuchMethodError'{0x00000000cdc712d8}: 'java.lang.Object java.lang.invoke.DirectMethodHandle$Holder.invokeStatic(java.lang.Object, int, java.lang.Object)'> (0x00000000cdc712d8) 
thrown [s\open\src\hotspot\share\interpreter\linkResolver.cpp, line 773]
Event: 0.997 Thread 0x0000017d221513e0 Exception <a 'java/lang/ClassNotFoundException'{0x00000000cdb10ff8}: com/sun/swing/internal/plaf/metal/resources/spi/metalProvider> (0x00000000cdb10ff8) 
thrown [s\open\src\hotspot\share\classfile\systemDictionary.cpp, line 312]
Event: 1.000 Thread 0x0000017d221513e0 Exception <a 'java/lang/ClassNotFoundException'{0x00000000cdb14f08}: com/sun/swing/internal/plaf/basic/resources/spi/basicProvider> (0x00000000cdb14f08) 
thrown [s\open\src\hotspot\share\classfile\systemDictionary.cpp, line 312]
Event: 1.028 Thread 0x0000017d221513e0 Exception <a 'java/lang/NoSuchMethodError'{0x00000000cdb30948}: 'int java.lang.invoke.Invokers$Holder.invokeExact_MT(java.lang.Object, java.lang.Object)'> (0x00000000cdb30948) 
thrown [s\open\src\hotspot\share\interpreter\linkResolver.cpp, line 773]
Event: 1.047 Thread 0x0000017d85fc7850 Exception <a 'java/lang/NoSuchMethodError'{0x00000000cdb846e0}: 'java.lang.Object java.lang.invoke.DirectMethodHandle$Holder.newInvokeSpecial(java.lang.Object, java.lang.Object, java.lang.Object, int, int, int, int, int)'> (0x00000000cdb846e0) 
thrown [s\open\src\hotspot\share\interpreter\linkResolver.cpp, line 773]
Event: 2.398 Thread 0x0000017d3fab3eb0 Exception <a 'java/lang/NoSuchMethodError'{0x00000000cdd5bcd0}: 'java.lang.Object java.lang.invoke.Invokers$Holder.invokeExact_MT(java.lang.Object, java.lang.Object, java.lang.Object, java.lang.Object, java.lang.Object, java.lang.Object)'> (0x00000000cdd5bcd0) 
thrown [s\open\src\hotspot\share\interpreter\linkResolver.cpp, line 773]
Event: 5.108 Thread 0x0000017d221513e0 Exception <a 'java/lang/NoSuchMethodError'{0x00000000d67f7888}: 'java.lang.Object java.lang.invoke.DirectMethodHandle$Holder.newInvokeSpecial(java.lang.Object, java.lang.Object, int, java.lang.Object)'> (0x00000000d67f7888) 
thrown [s\open\src\hotspot\share\interpreter\linkResolver.cpp, line 773]
Event: 5.109 Thread 0x0000017d221513e0 Exception <a 'java/lang/NoSuchMethodError'{0x00000000d67fb730}: 'java.lang.Object java.lang.invoke.DirectMethodHandle$Holder.invokeSpecial(java.lang.Object, java.lang.Object, java.lang.Object, int, java.lang.Object)'> (0x00000000d67fb730) 
thrown [s\open\src\hotspot\share\interpreter\linkResolver.cpp, line 773]
Event: 5.260 Thread 0x0000017d221513e0 Exception <a 'java/lang/NoSuchMethodError'{0x00000000d635d588}: 'java.lang.Object java.lang.invoke.DirectMethodHandle$Holder.invokeInterface(java.lang.Object, java.lang.Object)'> (0x00000000d635d588) 
thrown [s\open\src\hotspot\share\interpreter\linkResolver.cpp, line 773]
Event: 5.301 Thread 0x0000017d221513e0 Exception <a 'java/lang/NoSuchMethodError'{0x00000000d63da268}: 'java.lang.Object java.lang.invoke.DirectMethodHandle$Holder.invokeVirtual(java.lang.Object, java.lang.Object, java.lang.Object)'> (0x00000000d63da268) 
thrown [s\open\src\hotspot\share\interpreter\linkResolver.cpp, line 773]
Event: 6.330 Thread 0x0000017d221513e0 Exception <a 'java/lang/NoSuchMethodError'{0x00000000d5bf3470}: 'void java.lang.invoke.DirectMethodHandle$Holder.invokeStaticInit(java.lang.Object, java.lang.Object)'> (0x00000000d5bf3470) 
thrown [s\open\src\hotspot\share\interpreter\linkResolver.cpp, line 773]
Event: 6.336 Thread 0x0000017d221513e0 Exception <a 'java/lang/NoSuchMethodError'{0x00000000d5a5b508}: 'void java.lang.invoke.DirectMethodHandle$Holder.invokeInterface(java.lang.Object, java.lang.Object)'> (0x00000000d5a5b508) 
thrown [s\open\src\hotspot\share\interpreter\linkResolver.cpp, line 773]
Event: 6.423 Thread 0x0000017d221513e0 Exception <a 'java/lang/NoSuchMethodError'{0x00000000d5aa5d98}: 'void java.lang.invoke.DirectMethodHandle$Holder.invokeStatic(java.lang.Object, java.lang.Object, java.lang.Object, java.lang.Object)'> (0x00000000d5aa5d98) 
thrown [s\open\src\hotspot\share\interpreter\linkResolver.cpp, line 773]
Event: 6.549 Thread 0x0000017d853275c0 Exception <a 'java/lang/NoSuchMethodError'{0x00000000d5908290}: 'void java.lang.invoke.DirectMethodHandle$Holder.invokeVirtual(java.lang.Object, java.lang.Object)'> (0x00000000d5908290) 
thrown [s\open\src\hotspot\share\interpreter\linkResolver.cpp, line 773]
Event: 6.600 Thread 0x0000017d221513e0 Exception <a 'java/lang/NoSuchMethodError'{0x00000000d599bf58}: 'void java.lang.invoke.DirectMethodHandle$Holder.invokeStaticInit(java.lang.Object)'> (0x00000000d599bf58) 
thrown [s\open\src\hotspot\share\interpreter\linkResolver.cpp, line 773]

ZGC Phase Switch (0 events):
No events

VM Operations (20 events):
Event: 66.138 Executing VM operation: Cleanup done
Event: 90.313 Executing VM operation: Cleanup
Event: 90.326 Executing VM operation: Cleanup done
Event: 99.411 Executing VM operation: Cleanup
Event: 99.411 Executing VM operation: Cleanup done
Event: 112.517 Executing VM operation: Cleanup
Event: 112.519 Executing VM operation: Cleanup done
Event: 126.593 Executing VM operation: Cleanup
Event: 126.593 Executing VM operation: Cleanup done
Event: 147.732 Executing VM operation: Cleanup
Event: 147.732 Executing VM operation: Cleanup done
Event: 150.735 Executing VM operation: Cleanup
Event: 150.735 Executing VM operation: Cleanup done
Event: 152.750 Executing VM operation: Cleanup
Event: 152.751 Executing VM operation: Cleanup done
Event: 153.753 Executing VM operation: Cleanup
Event: 153.753 Executing VM operation: Cleanup done
Event: 213.155 Executing VM operation: Cleanup
Event: 213.156 Executing VM operation: Cleanup done
Event: 278.368 Executing VM operation: G1TryInitiateConcMark (G1 Humongous Allocation)

Events (20 events):
Event: 4.267 Thread 0x0000017d3fa91350 flushing nmethod 0x0000017d343c6190
Event: 4.388 Thread 0x0000017d3fa91350 flushing nmethod 0x0000017d2c9de010
Event: 4.388 Thread 0x0000017d3fa91350 flushing nmethod 0x0000017d2c9b3910
Event: 4.388 Thread 0x0000017d3fa91350 flushing nmethod 0x0000017d2c992f90
Event: 4.388 Thread 0x0000017d3fa91350 flushing nmethod 0x0000017d343f4690
Event: 4.759 Thread 0x0000017d3fa91350 flushing nmethod 0x0000017d2c9e6790
Event: 4.759 Thread 0x0000017d3fa91350 flushing nmethod 0x0000017d2c9bfb90
Event: 4.923 Thread 0x0000017d86174e50 Thread added: 0x0000017d86174e50
Event: 5.006 Thread 0x0000017d8bac6a80 Thread added: 0x0000017d8bac6a80
Event: 5.008 Thread 0x0000017d864186a0 Thread added: 0x0000017d864186a0
Event: 5.188 Thread 0x0000017d861e9c00 Thread added: 0x0000017d861e9c00
Event: 6.169 Thread 0x0000017d8bac6a80 Thread exited: 0x0000017d8bac6a80
Event: 6.171 Thread 0x0000017d864186a0 Thread exited: 0x0000017d864186a0
Event: 6.292 Thread 0x0000017d861e8850 Thread added: 0x0000017d861e8850
Event: 6.293 Thread 0x0000017d861e8ee0 Thread added: 0x0000017d861e8ee0
Event: 6.883 Thread 0x0000017d221513e0 Thread exited: 0x0000017d221513e0
Event: 6.883 Thread 0x0000017d861ea920 Thread added: 0x0000017d861ea920
Event: 6.895 Thread 0x0000017d861e81c0 Thread added: 0x0000017d861e81c0
Event: 11.410 Thread 0x0000017d85fc7850 Thread exited: 0x0000017d85fc7850
Event: 11.426 Thread 0x0000017d851a7b10 Thread exited: 0x0000017d851a7b10


Dynamic libraries:
0x00007ff607d00000 - 0x00007ff607d10000 	D:\Program Files\Java\jdk-21\bin\java.exe
0x00007ffa05af0000 - 0x00007ffa05d07000 	C:\WINDOWS\SYSTEM32\ntdll.dll
0x00007ffa041c0000 - 0x00007ffa04284000 	C:\WINDOWS\System32\KERNEL32.DLL
0x00007ffa032d0000 - 0x00007ffa0367d000 	C:\WINDOWS\System32\KERNELBASE.dll
0x00007ffa02f30000 - 0x00007ffa03041000 	C:\WINDOWS\System32\ucrtbase.dll
0x00007ff9e6530000 - 0x00007ff9e6549000 	D:\Program Files\Java\jdk-21\bin\jli.dll
0x00007ff9e5bb0000 - 0x00007ff9e5bcb000 	D:\Program Files\Java\jdk-21\bin\VCRUNTIME140.dll
0x00007ffa03c80000 - 0x00007ffa03d32000 	C:\WINDOWS\System32\ADVAPI32.dll
0x00007ffa058e0000 - 0x00007ffa05987000 	C:\WINDOWS\System32\msvcrt.dll
0x00007ffa03b80000 - 0x00007ffa03c29000 	C:\WINDOWS\System32\sechost.dll
0x00007ffa037f0000 - 0x00007ffa03818000 	C:\WINDOWS\System32\bcrypt.dll
0x00007ffa055e0000 - 0x00007ffa056f4000 	C:\WINDOWS\System32\RPCRT4.dll
0x00007ffa04290000 - 0x00007ffa0443e000 	C:\WINDOWS\System32\USER32.dll
0x00007ffa03680000 - 0x00007ffa036a6000 	C:\WINDOWS\System32\win32u.dll
0x00007ffa03840000 - 0x00007ffa03869000 	C:\WINDOWS\System32\GDI32.dll
0x00007ff9e69a0000 - 0x00007ff9e6c33000 	C:\WINDOWS\WinSxS\amd64_microsoft.windows.common-controls_6595b64144ccf1df_6.0.22621.3672_none_2713b9d173822955\COMCTL32.dll
0x00007ffa02e10000 - 0x00007ffa02f29000 	C:\WINDOWS\System32\gdi32full.dll
0x00007ffa031c0000 - 0x00007ffa0325a000 	C:\WINDOWS\System32\msvcp_win.dll
0x00007ff9fac70000 - 0x00007ff9fac7a000 	C:\WINDOWS\SYSTEM32\VERSION.dll
0x00007ffa03c30000 - 0x00007ffa03c61000 	C:\WINDOWS\System32\IMM32.DLL
0x00007ff9ee6c0000 - 0x00007ff9ee6cc000 	D:\Program Files\Java\jdk-21\bin\vcruntime140_1.dll
0x00007ff9b79d0000 - 0x00007ff9b7a5e000 	D:\Program Files\Java\jdk-21\bin\msvcp140.dll
0x00007ff99e010000 - 0x00007ff99ed27000 	D:\Program Files\Java\jdk-21\bin\server\jvm.dll
0x00007ffa05560000 - 0x00007ffa055d1000 	C:\WINDOWS\System32\WS2_32.dll
0x00007ffa028a0000 - 0x00007ffa028ed000 	C:\WINDOWS\SYSTEM32\POWRPROF.dll
0x00007ff9fe8b0000 - 0x00007ff9fe8e4000 	C:\WINDOWS\SYSTEM32\WINMM.dll
0x00007ffa02760000 - 0x00007ffa02773000 	C:\WINDOWS\SYSTEM32\UMPDC.dll
0x00007ffa01e60000 - 0x00007ffa01e78000 	C:\WINDOWS\SYSTEM32\kernel.appcore.dll
0x00007ff9ee430000 - 0x00007ff9ee43a000 	D:\Program Files\Java\jdk-21\bin\jimage.dll
0x00007ff9fd850000 - 0x00007ff9fda82000 	C:\WINDOWS\SYSTEM32\DBGHELP.DLL
0x00007ffa046c0000 - 0x00007ffa04a4e000 	C:\WINDOWS\System32\combase.dll
0x00007ffa05700000 - 0x00007ffa057d7000 	C:\WINDOWS\System32\OLEAUT32.dll
0x00007ff9eaa40000 - 0x00007ff9eaa72000 	C:\WINDOWS\SYSTEM32\dbgcore.DLL
0x00007ffa03770000 - 0x00007ffa037eb000 	C:\WINDOWS\System32\bcryptPrimitives.dll
0x00007ff9ee370000 - 0x00007ff9ee37f000 	D:\Program Files\Java\jdk-21\bin\instrument.dll
0x00007ff9e5640000 - 0x00007ff9e565f000 	D:\Program Files\Java\jdk-21\bin\java.dll
0x00007ffa04c90000 - 0x00007ffa054f7000 	C:\WINDOWS\System32\SHELL32.dll
0x00007ffa00d60000 - 0x00007ffa0165f000 	C:\WINDOWS\SYSTEM32\windows.storage.dll
0x00007ffa00c20000 - 0x00007ffa00d5f000 	C:\WINDOWS\SYSTEM32\wintypes.dll
0x00007ffa04440000 - 0x00007ffa04539000 	C:\WINDOWS\System32\SHCORE.dll
0x00007ffa03870000 - 0x00007ffa038ce000 	C:\WINDOWS\System32\shlwapi.dll
0x00007ffa02d40000 - 0x00007ffa02d67000 	C:\WINDOWS\SYSTEM32\profapi.dll
0x00007ff9b5250000 - 0x00007ff9b5327000 	D:\Program Files\Java\jdk-21\bin\jsvml.dll
0x00007ff9d19c0000 - 0x00007ff9d19d8000 	D:\Program Files\Java\jdk-21\bin\zip.dll
0x00007ff9ede70000 - 0x00007ff9ede80000 	D:\Program Files\Java\jdk-21\bin\net.dll
0x00007ff9ff4a0000 - 0x00007ff9ff5d6000 	C:\WINDOWS\SYSTEM32\WINHTTP.dll
0x00007ffa022d0000 - 0x00007ffa02339000 	C:\WINDOWS\system32\mswsock.dll
0x00007ff9db270000 - 0x00007ff9db286000 	D:\Program Files\Java\jdk-21\bin\nio.dll
0x00007ff9d0bb0000 - 0x00007ff9d0bca000 	D:\Program Files\IntelliJ IDEA Community Edition 2024.1.2\bin\breakgen64.dll
0x00007ff9ecb10000 - 0x00007ff9ecb19000 	D:\Program Files\Java\jdk-21\bin\extnet.dll
0x00007ff9b3c00000 - 0x00007ff9b3d8f000 	D:\Program Files\Java\jdk-21\bin\awt.dll
0x00007ff9fd5e0000 - 0x00007ff9fd677000 	C:\WINDOWS\SYSTEM32\apphelp.dll
0x00007ffa00770000 - 0x00007ffa0079b000 	C:\WINDOWS\system32\DWMAPI.DLL
0x00007ffa00320000 - 0x00007ffa003d1000 	C:\WINDOWS\system32\uxtheme.dll
0x00007ff9b3d90000 - 0x00007ff9b3e90000 	C:\WINDOWS\system32\opengl32.dll
0x00007ff9e9c00000 - 0x00007ff9e9c2d000 	C:\WINDOWS\SYSTEM32\GLU32.dll
0x00007ffa00430000 - 0x00007ffa00467000 	C:\WINDOWS\SYSTEM32\dxcore.dll
0x00007ffa04560000 - 0x00007ffa046be000 	C:\WINDOWS\System32\MSCTF.dll
0x00007ffa04a50000 - 0x00007ffa04bf5000 	C:\WINDOWS\System32\ole32.dll
0x00007ff9b7dc0000 - 0x00007ff9b7f68000 	C:\WINDOWS\system32\d3d9.dll
0x00007ff9f90c0000 - 0x00007ff9f927b000 	C:\WINDOWS\System32\DriverStore\FileRepository\u0401681.inf_amd64_636ae48616d7efc4\B401510\aticfx64.dll
0x00007ff9fa9e0000 - 0x00007ff9faa14000 	C:\WINDOWS\System32\DriverStore\FileRepository\u0401681.inf_amd64_636ae48616d7efc4\B401510\atiu9p64.dll
0x00007ff9b5e90000 - 0x00007ff9b6bd7000 	C:\WINDOWS\System32\DriverStore\FileRepository\u0401681.inf_amd64_636ae48616d7efc4\B401510\atiumd64.dll
0x0000000052470000 - 0x0000000053383000 	C:\WINDOWS\System32\DriverStore\FileRepository\u0401681.inf_amd64_636ae48616d7efc4\B401510\atiumd6a.dll
0x00007ffa03d40000 - 0x00007ffa041b4000 	C:\WINDOWS\System32\SETUPAPI.dll
0x00007ff9f9080000 - 0x00007ff9f90b5000 	C:\WINDOWS\SYSTEM32\amdihk64.dll
0x00007ff9fac10000 - 0x00007ff9fac59000 	C:\WINDOWS\SYSTEM32\directxdatabasehelper.dll
0x00007ffa01900000 - 0x00007ffa019f8000 	C:\WINDOWS\SYSTEM32\DNSAPI.dll
0x00007ffa018b0000 - 0x00007ffa018dd000 	C:\WINDOWS\SYSTEM32\IPHLPAPI.DLL
0x00007ffa03830000 - 0x00007ffa03839000 	C:\WINDOWS\System32\NSI.dll
0x00007ff9fec90000 - 0x00007ff9fec9a000 	C:\Windows\System32\rasadhlp.dll
0x00007ff9fe600000 - 0x00007ff9fe683000 	C:\WINDOWS\System32\fwpuclnt.dll
0x00007ff9b72a0000 - 0x00007ff9b7327000 	D:\Program Files\Java\jdk-21\bin\freetype.dll
0x00007ff9b3b10000 - 0x00007ff9b3bf2000 	D:\Program Files\Java\jdk-21\bin\fontmanager.dll
0x00007ffa05a00000 - 0x00007ffa05ab0000 	C:\WINDOWS\System32\clbcatq.dll
0x00007ffa00120000 - 0x00007ffa002d1000 	C:\WINDOWS\SYSTEM32\WindowsCodecs.dll
0x00007ff9e3e80000 - 0x00007ff9e3ede000 	C:\WINDOWS\system32\dataexchange.dll
0x00007ff9f6420000 - 0x00007ff9f66aa000 	C:\WINDOWS\system32\twinapi.appcore.dll
0x00007ff9ea330000 - 0x00007ff9ea473000 	C:\WINDOWS\SYSTEM32\textinputframework.dll
0x00007ff9fcbf0000 - 0x00007ff9fcd23000 	C:\WINDOWS\SYSTEM32\CoreMessaging.dll
0x00007ff9fa330000 - 0x00007ff9fa69d000 	C:\WINDOWS\SYSTEM32\CoreUIComponents.dll
0x00007ffa02540000 - 0x00007ffa0254c000 	C:\WINDOWS\SYSTEM32\CRYPTBASE.DLL
0x00007ff9e7e40000 - 0x00007ff9e7ef0000 	C:\WINDOWS\SYSTEM32\TextShaping.dll

dbghelp: loaded successfully - version: 4.0.5 - missing functions: none
symbol engine: initialized successfully - sym options: 0x614 - pdb path: .;D:\Program Files\Java\jdk-21\bin;C:\WINDOWS\SYSTEM32;C:\WINDOWS\WinSxS\amd64_microsoft.windows.common-controls_6595b64144ccf1df_6.0.22621.3672_none_2713b9d173822955;D:\Program Files\Java\jdk-21\bin\server;D:\Program Files\IntelliJ IDEA Community Edition 2024.1.2\bin;C:\WINDOWS\System32\DriverStore\FileRepository\u0401681.inf_amd64_636ae48616d7efc4\B401510

VM Arguments:
jvm_args: --enable-preview -javaagent:D:\Program Files\IntelliJ IDEA Community Edition 2024.1.2\lib\idea_rt.jar=58994:D:\Program Files\IntelliJ IDEA Community Edition 2024.1.2\bin -Dfile.encoding=UTF-8 -Dsun.stdout.encoding=UTF-8 -Dsun.stderr.encoding=UTF-8 
java_command: RecruiterDashboard
java_class_path (initial): C:\Users\SAW ROZ\IdeaProjects\jobPortal\out\production\jobPortal;D:\mailactivation\activation.jar;D:\mailactivation\mail.jar;D:\mailactivation\techsoftemail.jar;D:\mysql-connector-j-8.4.0\mysql-connector-j-8.4.0.jar
Launcher Type: SUN_STANDARD

[Global flags]
     intx CICompilerCount                          = 4                                         {product} {ergonomic}
     uint ConcGCThreads                            = 3                                         {product} {ergonomic}
     uint G1ConcRefinementThreads                  = 10                                        {product} {ergonomic}
   size_t G1HeapRegionSize                         = 1048576                                   {product} {ergonomic}
    uintx GCDrainStackTargetSize                   = 64                                        {product} {ergonomic}
   size_t InitialHeapSize                          = 56623104                                  {product} {ergonomic}
   size_t MarkStackSize                            = 4194304                                   {product} {ergonomic}
   size_t MaxHeapSize                              = 893386752                                 {product} {ergonomic}
   size_t MaxNewSize                               = 535822336                                 {product} {ergonomic}
   size_t MinHeapDeltaBytes                        = 1048576                                   {product} {ergonomic}
   size_t MinHeapSize                              = 8388608                                   {product} {ergonomic}
    uintx NonNMethodCodeHeapSize                   = 5839372                                {pd product} {ergonomic}
    uintx NonProfiledCodeHeapSize                  = 122909434                              {pd product} {ergonomic}
    uintx ProfiledCodeHeapSize                     = 122909434                              {pd product} {ergonomic}
    uintx ReservedCodeCacheSize                    = 251658240                              {pd product} {ergonomic}
     bool SegmentedCodeCache                       = true                                      {product} {ergonomic}
   size_t SoftMaxHeapSize                          = 893386752                              {manageable} {ergonomic}
     bool UseCompressedOops                        = true                           {product lp64_product} {ergonomic}
     bool UseG1GC                                  = true                                      {product} {ergonomic}
     bool UseLargePagesIndividualAllocation        = false                                  {pd product} {ergonomic}

Logging:
Log output configuration:
 #0: stdout all=warning uptime,level,tags foldmultilines=false
 #1: stderr all=off uptime,level,tags foldmultilines=false

Environment Variables:
PATH=C:\Program Files\Common Files\Oracle\Java\javapath;C:\WINDOWS\system32;C:\WINDOWS;C:\WINDOWS\System32\Wbem;C:\WINDOWS\System32\WindowsPowerShell\v1.0\;C:\WINDOWS\System32\OpenSSH\;C:\Program Files\nodejs\;C:\Program Files\Git\cmd;C:\Program Files\dotnet\;C:\Program Files\Cloudflare\Cloudflare WARP\;C:\Program Files\MySQL\MySQL Shell 8.0\bin\;C:\Users\SAW ROZ\AppData\Local\Microsoft\WindowsApps;;C:\Users\SAW ROZ\AppData\Local\Programs\Microsoft VS Code\bin;C:\Users\SAW ROZ\AppData\Roaming\npm;C:\Users\SAW ROZ\.dotnet\tools
USERNAME=SAW ROZ
OS=Windows_NT
PROCESSOR_IDENTIFIER=AMD64 Family 23 Model 104 Stepping 1, AuthenticAMD
TMP=C:\Users\SAWROZ~1\AppData\Local\Temp
TEMP=C:\Users\SAWROZ~1\AppData\Local\Temp




Periodic native trim disabled

---------------  S Y S T E M  ---------------

OS:
 Windows 11 , 64 bit Build 22621 (10.0.22621.3958)
OS uptime: 2 days 22:38 hours
Hyper-V role detected

CPU: total 12 (initial active 12) (12 cores per cpu, 2 threads per core) family 23 model 104 stepping 1 microcode 0x0, cx8, cmov, fxsr, ht, mmx, 3dnowpref, sse, sse2, sse3, ssse3, sse4a, sse4.1, sse4.2, popcnt, lzcnt, tsc, tscinvbit, avx, avx2, aes, clmul, bmi1, bmi2, adx, sha, fma, vzeroupper, clflush, clflushopt, hv, rdtscp, rdpid, f16c
Processor Information for processor 0
  Max Mhz: 2100, Current Mhz: 1893, Mhz Limit: 2100
Processor Information for processor 1
  Max Mhz: 2100, Current Mhz: 1813, Mhz Limit: 2100
Processor Information for processor 2
  Max Mhz: 2100, Current Mhz: 1893, Mhz Limit: 2100
Processor Information for processor 3
  Max Mhz: 2100, Current Mhz: 1813, Mhz Limit: 2100
Processor Information for processor 4
  Max Mhz: 2100, Current Mhz: 1893, Mhz Limit: 2100
Processor Information for processor 5
  Max Mhz: 2100, Current Mhz: 1893, Mhz Limit: 2100
Processor Information for processor 6
  Max Mhz: 2100, Current Mhz: 1893, Mhz Limit: 2100
Processor Information for processor 7
  Max Mhz: 2100, Current Mhz: 1893, Mhz Limit: 2100
Processor Information for processor 8
  Max Mhz: 2100, Current Mhz: 1893, Mhz Limit: 2100
Processor Information for processor 9
  Max Mhz: 2100, Current Mhz: 1893, Mhz Limit: 2100
Processor Information for processor 10
  Max Mhz: 2100, Current Mhz: 1813, Mhz Limit: 2100
Processor Information for processor 11
  Max Mhz: 2100, Current Mhz: 1893, Mhz Limit: 2100

Memory: 4k page, system-wide physical 3406M (63M free)
TotalPageFile size 13646M (AvailPageFile size 288M)
current process WorkingSet (physical memory assigned to process): 51M, peak: 213M
current process commit charge ("private bytes"): 387M, peak: 480M

vm_info: Java HotSpot(TM) 64-Bit Server VM (21.0.2+13-LTS-58) for windows-amd64 JRE (21.0.2+13-LTS-58), built on 2024-01-05T18:32:24Z by "mach5one" with MS VC++ 17.1 (VS2022)

END.
